{"C:\\Users\\salma\\OneDrive\\Bureau\\integrationFinalePi\\UniMindCare-PI\\backend\\app.js": {"path":"C:\\Users\\salma\\OneDrive\\Bureau\\integrationFinalePi\\UniMindCare-PI\\backend\\app.js","statementMap":{"0":{"start":{"line":1,"column":0},"end":{"line":1,"column":27}},"1":{"start":{"line":2,"column":20},"end":{"line":2,"column":42}},"2":{"start":{"line":3,"column":13},"end":{"line":3,"column":28}},"3":{"start":{"line":4,"column":15},"end":{"line":4,"column":32}},"4":{"start":{"line":5,"column":16},"end":{"line":5,"column":34}},"5":{"start":{"line":6,"column":13},"end":{"line":6,"column":28}},"6":{"start":{"line":7,"column":17},"end":{"line":7,"column":36}},"7":{"start":{"line":8,"column":21},"end":{"line":8,"column":45}},"8":{"start":{"line":9,"column":16},"end":{"line":9,"column":42}},"9":{"start":{"line":10,"column":19},"end":{"line":10,"column":42}},"10":{"start":{"line":11,"column":19},"end":{"line":11,"column":41}},"11":{"start":{"line":12,"column":25},"end":{"line":12,"column":61}},"12":{"start":{"line":13,"column":26},"end":{"line":13,"column":63}},"13":{"start":{"line":14,"column":19},"end":{"line":14,"column":49}},"14":{"start":{"line":15,"column":27},"end":{"line":15,"column":65}},"15":{"start":{"line":16,"column":28},"end":{"line":16,"column":61}},"16":{"start":{"line":17,"column":20},"end":{"line":17,"column":51}},"17":{"start":{"line":18,"column":12},"end":{"line":18,"column":35}},"18":{"start":{"line":19,"column":16},"end":{"line":19,"column":43}},"19":{"start":{"line":20,"column":13},"end":{"line":20,"column":38}},"20":{"start":{"line":21,"column":19},"end":{"line":21,"column":40}},"21":{"start":{"line":22,"column":15},"end":{"line":22,"column":34}},"22":{"start":{"line":23,"column":15},"end":{"line":23,"column":32}},"23":{"start":{"line":24,"column":15},"end":{"line":24,"column":32}},"24":{"start":{"line":25,"column":13},"end":{"line":25,"column":37}},"25":{"start":{"line":26,"column":26},"end":{"line":26,"column":58}},"26":{"start":{"line":27,"column":24},"end":{"line":27,"column":55}},"27":{"start":{"line":28,"column":20},"end":{"line":28,"column":45}},"28":{"start":{"line":29,"column":26},"end":{"line":29,"column":54}},"29":{"start":{"line":30,"column":18},"end":{"line":30,"column":42}},"30":{"start":{"line":31,"column":25},"end":{"line":31,"column":54}},"31":{"start":{"line":32,"column":21},"end":{"line":32,"column":51}},"32":{"start":{"line":33,"column":22},"end":{"line":33,"column":49}},"33":{"start":{"line":34,"column":23},"end":{"line":34,"column":57}},"34":{"start":{"line":35,"column":20},"end":{"line":35,"column":45}},"35":{"start":{"line":36,"column":20},"end":{"line":36,"column":45}},"36":{"start":{"line":37,"column":17},"end":{"line":37,"column":51}},"37":{"start":{"line":38,"column":20},"end":{"line":38,"column":51}},"38":{"start":{"line":39,"column":26},"end":{"line":39,"column":58}},"39":{"start":{"line":40,"column":27},"end":{"line":40,"column":59}},"40":{"start":{"line":41,"column":23},"end":{"line":41,"column":51}},"41":{"start":{"line":42,"column":13},"end":{"line":42,"column":28}},"42":{"start":{"line":43,"column":19},"end":{"line":43,"column":39}},"43":{"start":{"line":44,"column":18},"end":{"line":44,"column":38}},"44":{"start":{"line":45,"column":15},"end":{"line":45,"column":32}},"45":{"start":{"line":46,"column":18},"end":{"line":46,"column":47}},"46":{"start":{"line":49,"column":0},"end":{"line":51,"column":1}},"47":{"start":{"line":50,"column":2},"end":{"line":50,"column":60}},"48":{"start":{"line":54,"column":12},"end":{"line":54,"column":21}},"49":{"start":{"line":55,"column":15},"end":{"line":55,"column":37}},"50":{"start":{"line":56,"column":11},"end":{"line":62,"column":2}},"51":{"start":{"line":65,"column":0},"end":{"line":65,"column":18}},"52":{"start":{"line":66,"column":0},"end":{"line":74,"column":4}},"53":{"start":{"line":77,"column":24},"end":{"line":81,"column":2}},"54":{"start":{"line":84,"column":20},"end":{"line":89,"column":1}},"55":{"start":{"line":90,"column":0},"end":{"line":90,"column":27}},"56":{"start":{"line":91,"column":0},"end":{"line":91,"column":36}},"57":{"start":{"line":94,"column":0},"end":{"line":94,"column":23}},"58":{"start":{"line":95,"column":0},"end":{"line":95,"column":24}},"59":{"start":{"line":96,"column":0},"end":{"line":96,"column":49}},"60":{"start":{"line":97,"column":0},"end":{"line":97,"column":24}},"61":{"start":{"line":98,"column":0},"end":{"line":98,"column":56}},"62":{"start":{"line":99,"column":0},"end":{"line":99,"column":67}},"63":{"start":{"line":100,"column":0},"end":{"line":100,"column":69}},"64":{"start":{"line":101,"column":0},"end":{"line":101,"column":27}},"65":{"start":{"line":102,"column":0},"end":{"line":105,"column":3}},"66":{"start":{"line":103,"column":2},"end":{"line":103,"column":14}},"67":{"start":{"line":104,"column":2},"end":{"line":104,"column":9}},"68":{"start":{"line":108,"column":0},"end":{"line":108,"column":30}},"69":{"start":{"line":109,"column":0},"end":{"line":109,"column":48}},"70":{"start":{"line":112,"column":20},"end":{"line":112,"column":45}},"71":{"start":{"line":113,"column":0},"end":{"line":119,"column":4}},"72":{"start":{"line":120,"column":0},"end":{"line":120,"column":31}},"73":{"start":{"line":121,"column":0},"end":{"line":121,"column":28}},"74":{"start":{"line":124,"column":22},"end":{"line":124,"column":72}},"75":{"start":{"line":124,"column":33},"end":{"line":124,"column":72}},"76":{"start":{"line":125,"column":22},"end":{"line":125,"column":77}},"77":{"start":{"line":125,"column":33},"end":{"line":125,"column":77}},"78":{"start":{"line":126,"column":28},"end":{"line":133,"column":1}},"79":{"start":{"line":127,"column":25},"end":{"line":127,"column":45}},"80":{"start":{"line":128,"column":2},"end":{"line":128,"column":76}},"81":{"start":{"line":128,"column":42},"end":{"line":128,"column":76}},"82":{"start":{"line":129,"column":16},"end":{"line":129,"column":125}},"83":{"start":{"line":130,"column":15},"end":{"line":130,"column":40}},"84":{"start":{"line":131,"column":2},"end":{"line":131,"column":55}},"85":{"start":{"line":131,"column":13},"end":{"line":131,"column":55}},"86":{"start":{"line":132,"column":2},"end":{"line":132,"column":14}},"87":{"start":{"line":134,"column":18},"end":{"line":142,"column":1}},"88":{"start":{"line":135,"column":22},"end":{"line":140,"column":3}},"89":{"start":{"line":141,"column":2},"end":{"line":141,"column":42}},"90":{"start":{"line":143,"column":20},"end":{"line":154,"column":1}},"91":{"start":{"line":143,"column":28},"end":{"line":154,"column":1}},"92":{"start":{"line":144,"column":2},"end":{"line":153,"column":3}},"93":{"start":{"line":145,"column":4},"end":{"line":145,"column":29}},"94":{"start":{"line":147,"column":4},"end":{"line":147,"column":53}},"95":{"start":{"line":148,"column":4},"end":{"line":152,"column":39}},"96":{"start":{"line":157,"column":20},"end":{"line":157,"column":29}},"97":{"start":{"line":158,"column":0},"end":{"line":170,"column":3}},"98":{"start":{"line":159,"column":2},"end":{"line":169,"column":3}},"99":{"start":{"line":160,"column":18},"end":{"line":160,"column":45}},"100":{"start":{"line":161,"column":4},"end":{"line":161,"column":60}},"101":{"start":{"line":161,"column":16},"end":{"line":161,"column":60}},"102":{"start":{"line":162,"column":20},"end":{"line":162,"column":88}},"103":{"start":{"line":163,"column":4},"end":{"line":163,"column":64}},"104":{"start":{"line":163,"column":30},"end":{"line":163,"column":64}},"105":{"start":{"line":164,"column":4},"end":{"line":164,"column":26}},"106":{"start":{"line":165,"column":4},"end":{"line":165,"column":11}},"107":{"start":{"line":167,"column":4},"end":{"line":167,"column":58}},"108":{"start":{"line":168,"column":4},"end":{"line":168,"column":38}},"109":{"start":{"line":172,"column":0},"end":{"line":263,"column":3}},"110":{"start":{"line":173,"column":2},"end":{"line":173,"column":53}},"111":{"start":{"line":174,"column":2},"end":{"line":177,"column":3}},"112":{"start":{"line":175,"column":4},"end":{"line":175,"column":45}},"113":{"start":{"line":176,"column":4},"end":{"line":176,"column":52}},"114":{"start":{"line":179,"column":2},"end":{"line":181,"column":5}},"115":{"start":{"line":180,"column":4},"end":{"line":180,"column":72}},"116":{"start":{"line":180,"column":47},"end":{"line":180,"column":72}},"117":{"start":{"line":183,"column":2},"end":{"line":212,"column":6}},"118":{"start":{"line":184,"column":23},"end":{"line":184,"column":74}},"119":{"start":{"line":185,"column":25},"end":{"line":185,"column":78}},"120":{"start":{"line":186,"column":4},"end":{"line":186,"column":88}},"121":{"start":{"line":186,"column":56},"end":{"line":186,"column":88}},"122":{"start":{"line":188,"column":23},"end":{"line":196,"column":6}},"123":{"start":{"line":197,"column":4},"end":{"line":197,"column":28}},"124":{"start":{"line":199,"column":24},"end":{"line":203,"column":6}},"125":{"start":{"line":205,"column":4},"end":{"line":205,"column":67}},"126":{"start":{"line":206,"column":4},"end":{"line":209,"column":7}},"127":{"start":{"line":210,"column":4},"end":{"line":210,"column":65}},"128":{"start":{"line":211,"column":4},"end":{"line":211,"column":32}},"129":{"start":{"line":214,"column":2},"end":{"line":227,"column":6}},"130":{"start":{"line":215,"column":4},"end":{"line":215,"column":124}},"131":{"start":{"line":215,"column":82},"end":{"line":215,"column":124}},"132":{"start":{"line":216,"column":4},"end":{"line":224,"column":6}},"133":{"start":{"line":225,"column":24},"end":{"line":225,"column":79}},"134":{"start":{"line":226,"column":4},"end":{"line":226,"column":72}},"135":{"start":{"line":229,"column":2},"end":{"line":233,"column":5}},"136":{"start":{"line":230,"column":4},"end":{"line":232,"column":5}},"137":{"start":{"line":231,"column":6},"end":{"line":231,"column":49}},"138":{"start":{"line":235,"column":2},"end":{"line":239,"column":5}},"139":{"start":{"line":236,"column":4},"end":{"line":238,"column":5}},"140":{"start":{"line":237,"column":6},"end":{"line":237,"column":47}},"141":{"start":{"line":241,"column":2},"end":{"line":245,"column":5}},"142":{"start":{"line":242,"column":4},"end":{"line":244,"column":5}},"143":{"start":{"line":243,"column":6},"end":{"line":243,"column":49}},"144":{"start":{"line":247,"column":2},"end":{"line":251,"column":5}},"145":{"start":{"line":248,"column":4},"end":{"line":250,"column":5}},"146":{"start":{"line":249,"column":6},"end":{"line":249,"column":59}},"147":{"start":{"line":253,"column":2},"end":{"line":255,"column":5}},"148":{"start":{"line":254,"column":4},"end":{"line":254,"column":70}},"149":{"start":{"line":254,"column":44},"end":{"line":254,"column":70}},"150":{"start":{"line":257,"column":2},"end":{"line":262,"column":5}},"151":{"start":{"line":258,"column":4},"end":{"line":261,"column":5}},"152":{"start":{"line":259,"column":6},"end":{"line":259,"column":50}},"153":{"start":{"line":260,"column":6},"end":{"line":260,"column":54}},"154":{"start":{"line":266,"column":0},"end":{"line":273,"column":70}},"155":{"start":{"line":268,"column":4},"end":{"line":268,"column":47}},"156":{"start":{"line":269,"column":4},"end":{"line":271,"column":91}},"157":{"start":{"line":270,"column":18},"end":{"line":270,"column":65}},"158":{"start":{"line":271,"column":20},"end":{"line":271,"column":89}},"159":{"start":{"line":273,"column":16},"end":{"line":273,"column":68}},"160":{"start":{"line":276,"column":13},"end":{"line":276,"column":32}},"161":{"start":{"line":278,"column":0},"end":{"line":282,"column":3}},"162":{"start":{"line":279,"column":2},"end":{"line":279,"column":38}},"163":{"start":{"line":280,"column":2},"end":{"line":280,"column":28}},"164":{"start":{"line":281,"column":2},"end":{"line":281,"column":35}},"165":{"start":{"line":285,"column":16},"end":{"line":291,"column":2}},"166":{"start":{"line":287,"column":24},"end":{"line":290,"column":3}},"167":{"start":{"line":292,"column":15},"end":{"line":310,"column":2}},"168":{"start":{"line":296,"column":25},"end":{"line":296,"column":71}},"169":{"start":{"line":297,"column":4},"end":{"line":299,"column":5}},"170":{"start":{"line":298,"column":6},"end":{"line":298,"column":66}},"171":{"start":{"line":300,"column":19},"end":{"line":300,"column":49}},"172":{"start":{"line":302,"column":6},"end":{"line":304,"column":94}},"173":{"start":{"line":305,"column":4},"end":{"line":307,"column":5}},"174":{"start":{"line":306,"column":6},"end":{"line":306,"column":66}},"175":{"start":{"line":308,"column":4},"end":{"line":308,"column":19}},"176":{"start":{"line":312,"column":21},"end":{"line":318,"column":2}},"177":{"start":{"line":313,"column":34},"end":{"line":313,"column":54}},"178":{"start":{"line":315,"column":25},"end":{"line":315,"column":75}},"179":{"start":{"line":316,"column":4},"end":{"line":316,"column":76}},"180":{"start":{"line":319,"column":20},"end":{"line":339,"column":2}},"181":{"start":{"line":323,"column":25},"end":{"line":323,"column":99}},"182":{"start":{"line":324,"column":4},"end":{"line":326,"column":5}},"183":{"start":{"line":325,"column":6},"end":{"line":325,"column":66}},"184":{"start":{"line":327,"column":19},"end":{"line":327,"column":49}},"185":{"start":{"line":329,"column":6},"end":{"line":333,"column":94}},"186":{"start":{"line":334,"column":4},"end":{"line":336,"column":5}},"187":{"start":{"line":335,"column":6},"end":{"line":335,"column":66}},"188":{"start":{"line":337,"column":4},"end":{"line":337,"column":19}},"189":{"start":{"line":342,"column":22},"end":{"line":349,"column":2}},"190":{"start":{"line":350,"column":16},"end":{"line":350,"column":56}},"191":{"start":{"line":353,"column":0},"end":{"line":353,"column":26}},"192":{"start":{"line":354,"column":0},"end":{"line":354,"column":35}},"193":{"start":{"line":355,"column":0},"end":{"line":355,"column":31}},"194":{"start":{"line":356,"column":0},"end":{"line":356,"column":35}},"195":{"start":{"line":357,"column":0},"end":{"line":357,"column":51}},"196":{"start":{"line":358,"column":0},"end":{"line":358,"column":50}},"197":{"start":{"line":359,"column":0},"end":{"line":359,"column":63}},"198":{"start":{"line":360,"column":0},"end":{"line":360,"column":37}},"199":{"start":{"line":361,"column":0},"end":{"line":361,"column":39}},"200":{"start":{"line":362,"column":0},"end":{"line":362,"column":60}},"201":{"start":{"line":363,"column":0},"end":{"line":363,"column":63}},"202":{"start":{"line":364,"column":0},"end":{"line":364,"column":84}},"203":{"start":{"line":365,"column":0},"end":{"line":365,"column":98}},"204":{"start":{"line":366,"column":0},"end":{"line":366,"column":81}},"205":{"start":{"line":367,"column":0},"end":{"line":367,"column":90}},"206":{"start":{"line":368,"column":0},"end":{"line":368,"column":35}},"207":{"start":{"line":369,"column":0},"end":{"line":369,"column":34}},"208":{"start":{"line":370,"column":0},"end":{"line":370,"column":32}},"209":{"start":{"line":371,"column":0},"end":{"line":371,"column":48}},"210":{"start":{"line":372,"column":0},"end":{"line":372,"column":34}},"211":{"start":{"line":373,"column":0},"end":{"line":373,"column":49}},"212":{"start":{"line":374,"column":0},"end":{"line":374,"column":42}},"213":{"start":{"line":377,"column":28},"end":{"line":385,"column":2}},"214":{"start":{"line":388,"column":0},"end":{"line":392,"column":4}},"215":{"start":{"line":389,"column":2},"end":{"line":389,"column":62}},"216":{"start":{"line":389,"column":17},"end":{"line":389,"column":62}},"217":{"start":{"line":390,"column":18},"end":{"line":390,"column":70}},"218":{"start":{"line":391,"column":2},"end":{"line":391,"column":36}},"219":{"start":{"line":395,"column":0},"end":{"line":422,"column":4}},"220":{"start":{"line":396,"column":47},"end":{"line":396,"column":55}},"221":{"start":{"line":397,"column":2},"end":{"line":399,"column":3}},"222":{"start":{"line":398,"column":4},"end":{"line":398,"column":40}},"223":{"start":{"line":401,"column":15},"end":{"line":401,"column":68}},"224":{"start":{"line":402,"column":19},"end":{"line":402,"column":81}},"225":{"start":{"line":403,"column":2},"end":{"line":403,"column":109}},"226":{"start":{"line":403,"column":37},"end":{"line":403,"column":109}},"227":{"start":{"line":405,"column":18},"end":{"line":411,"column":4}},"228":{"start":{"line":412,"column":2},"end":{"line":412,"column":23}},"229":{"start":{"line":414,"column":16},"end":{"line":414,"column":44}},"230":{"start":{"line":415,"column":2},"end":{"line":419,"column":4}},"231":{"start":{"line":416,"column":19},"end":{"line":416,"column":26}},"232":{"start":{"line":421,"column":2},"end":{"line":421,"column":78}},"233":{"start":{"line":425,"column":0},"end":{"line":446,"column":4}},"234":{"start":{"line":426,"column":20},"end":{"line":426,"column":28}},"235":{"start":{"line":427,"column":15},"end":{"line":427,"column":47}},"236":{"start":{"line":428,"column":14},"end":{"line":428,"column":53}},"237":{"start":{"line":429,"column":2},"end":{"line":429,"column":17}},"238":{"start":{"line":430,"column":2},"end":{"line":430,"column":48}},"239":{"start":{"line":431,"column":2},"end":{"line":431,"column":20}},"240":{"start":{"line":433,"column":19},"end":{"line":443,"column":3}},"241":{"start":{"line":444,"column":2},"end":{"line":444,"column":77}},"242":{"start":{"line":445,"column":2},"end":{"line":445,"column":60}},"243":{"start":{"line":449,"column":0},"end":{"line":455,"column":4}},"244":{"start":{"line":450,"column":25},"end":{"line":450,"column":33}},"245":{"start":{"line":451,"column":2},"end":{"line":451,"column":103}},"246":{"start":{"line":451,"column":62},"end":{"line":451,"column":103}},"247":{"start":{"line":452,"column":15},"end":{"line":452,"column":47}},"248":{"start":{"line":453,"column":2},"end":{"line":453,"column":98}},"249":{"start":{"line":453,"column":56},"end":{"line":453,"column":98}},"250":{"start":{"line":454,"column":2},"end":{"line":454,"column":50}},"251":{"start":{"line":458,"column":0},"end":{"line":470,"column":4}},"252":{"start":{"line":459,"column":38},"end":{"line":459,"column":46}},"253":{"start":{"line":460,"column":2},"end":{"line":462,"column":3}},"254":{"start":{"line":461,"column":4},"end":{"line":461,"column":41}},"255":{"start":{"line":463,"column":15},"end":{"line":463,"column":47}},"256":{"start":{"line":464,"column":2},"end":{"line":464,"column":98}},"257":{"start":{"line":464,"column":56},"end":{"line":464,"column":98}},"258":{"start":{"line":465,"column":2},"end":{"line":465,"column":53}},"259":{"start":{"line":466,"column":2},"end":{"line":466,"column":23}},"260":{"start":{"line":467,"column":2},"end":{"line":467,"column":30}},"261":{"start":{"line":468,"column":2},"end":{"line":468,"column":20}},"262":{"start":{"line":469,"column":2},"end":{"line":469,"column":77}},"263":{"start":{"line":473,"column":0},"end":{"line":523,"column":4}},"264":{"start":{"line":474,"column":76},"end":{"line":474,"column":84}},"265":{"start":{"line":475,"column":2},"end":{"line":483,"column":3}},"266":{"start":{"line":482,"column":4},"end":{"line":482,"column":41}},"267":{"start":{"line":484,"column":2},"end":{"line":484,"column":88}},"268":{"start":{"line":484,"column":29},"end":{"line":484,"column":88}},"269":{"start":{"line":486,"column":23},"end":{"line":486,"column":154}},"270":{"start":{"line":487,"column":2},"end":{"line":487,"column":73}},"271":{"start":{"line":487,"column":20},"end":{"line":487,"column":73}},"272":{"start":{"line":489,"column":25},"end":{"line":489,"column":56}},"273":{"start":{"line":490,"column":19},"end":{"line":490,"column":52}},"274":{"start":{"line":492,"column":18},"end":{"line":502,"column":4}},"275":{"start":{"line":503,"column":20},"end":{"line":503,"column":40}},"276":{"start":{"line":505,"column":27},"end":{"line":505,"column":81}},"277":{"start":{"line":506,"column":20},"end":{"line":506,"column":57}},"278":{"start":{"line":508,"column":2},"end":{"line":508,"column":98}},"279":{"start":{"line":510,"column":23},"end":{"line":520,"column":3}},"280":{"start":{"line":521,"column":2},"end":{"line":521,"column":99}},"281":{"start":{"line":522,"column":2},"end":{"line":522,"column":85}},"282":{"start":{"line":526,"column":0},"end":{"line":535,"column":4}},"283":{"start":{"line":527,"column":26},"end":{"line":527,"column":34}},"284":{"start":{"line":528,"column":2},"end":{"line":528,"column":105}},"285":{"start":{"line":528,"column":63},"end":{"line":528,"column":105}},"286":{"start":{"line":529,"column":15},"end":{"line":529,"column":47}},"287":{"start":{"line":530,"column":29},"end":{"line":530,"column":87}},"288":{"start":{"line":531,"column":2},"end":{"line":531,"column":115}},"289":{"start":{"line":531,"column":72},"end":{"line":531,"column":115}},"290":{"start":{"line":532,"column":2},"end":{"line":532,"column":61}},"291":{"start":{"line":533,"column":2},"end":{"line":533,"column":67}},"292":{"start":{"line":534,"column":2},"end":{"line":534,"column":66}},"293":{"start":{"line":538,"column":0},"end":{"line":545,"column":4}},"294":{"start":{"line":539,"column":32},"end":{"line":539,"column":40}},"295":{"start":{"line":540,"column":2},"end":{"line":542,"column":3}},"296":{"start":{"line":541,"column":4},"end":{"line":541,"column":49}},"297":{"start":{"line":543,"column":2},"end":{"line":543,"column":102}},"298":{"start":{"line":544,"column":2},"end":{"line":544,"column":74}},"299":{"start":{"line":548,"column":19},"end":{"line":552,"column":2}},"300":{"start":{"line":553,"column":13},"end":{"line":553,"column":47}},"301":{"start":{"line":555,"column":0},"end":{"line":562,"column":4}},"302":{"start":{"line":556,"column":42},"end":{"line":556,"column":50}},"303":{"start":{"line":557,"column":2},"end":{"line":559,"column":3}},"304":{"start":{"line":558,"column":4},"end":{"line":558,"column":41}},"305":{"start":{"line":560,"column":2},"end":{"line":560,"column":57}},"306":{"start":{"line":561,"column":2},"end":{"line":561,"column":68}},"307":{"start":{"line":565,"column":0},"end":{"line":571,"column":4}},"308":{"start":{"line":566,"column":19},"end":{"line":566,"column":53}},"309":{"start":{"line":567,"column":15},"end":{"line":567,"column":52}},"310":{"start":{"line":568,"column":2},"end":{"line":568,"column":50}},"311":{"start":{"line":568,"column":13},"end":{"line":568,"column":50}},"312":{"start":{"line":569,"column":21},"end":{"line":569,"column":51}},"313":{"start":{"line":570,"column":2},"end":{"line":570,"column":23}},"314":{"start":{"line":574,"column":0},"end":{"line":584,"column":4}},"315":{"start":{"line":575,"column":31},"end":{"line":575,"column":41}},"316":{"start":{"line":576,"column":2},"end":{"line":576,"column":122}},"317":{"start":{"line":576,"column":80},"end":{"line":576,"column":122}},"318":{"start":{"line":577,"column":19},"end":{"line":582,"column":27}},"319":{"start":{"line":583,"column":2},"end":{"line":583,"column":100}},"320":{"start":{"line":583,"column":32},"end":{"line":583,"column":96}},"321":{"start":{"line":587,"column":0},"end":{"line":608,"column":4}},"322":{"start":{"line":588,"column":21},"end":{"line":588,"column":31}},"323":{"start":{"line":589,"column":2},"end":{"line":589,"column":81}},"324":{"start":{"line":589,"column":41},"end":{"line":589,"column":81}},"325":{"start":{"line":590,"column":24},"end":{"line":600,"column":4}},"326":{"start":{"line":601,"column":23},"end":{"line":606,"column":3}},"327":{"start":{"line":603,"column":24},"end":{"line":603,"column":95}},"328":{"start":{"line":604,"column":6},"end":{"line":604,"column":91}},"329":{"start":{"line":607,"column":2},"end":{"line":607,"column":25}},"330":{"start":{"line":611,"column":0},"end":{"line":644,"column":4}},"331":{"start":{"line":612,"column":16},"end":{"line":612,"column":40}},"332":{"start":{"line":613,"column":2},"end":{"line":613,"column":65}},"333":{"start":{"line":613,"column":21},"end":{"line":613,"column":65}},"334":{"start":{"line":614,"column":25},"end":{"line":617,"column":5}},"335":{"start":{"line":614,"column":44},"end":{"line":617,"column":3}},"336":{"start":{"line":620,"column":21},"end":{"line":620,"column":55}},"337":{"start":{"line":621,"column":2},"end":{"line":621,"column":86}},"338":{"start":{"line":621,"column":41},"end":{"line":621,"column":86}},"339":{"start":{"line":623,"column":24},"end":{"line":623,"column":53}},"340":{"start":{"line":624,"column":15},"end":{"line":624,"column":17}},"341":{"start":{"line":625,"column":20},"end":{"line":625,"column":22}},"342":{"start":{"line":627,"column":2},"end":{"line":627,"column":60}},"343":{"start":{"line":628,"column":2},"end":{"line":628,"column":28}},"344":{"start":{"line":630,"column":2},"end":{"line":630,"column":74}},"345":{"start":{"line":630,"column":44},"end":{"line":630,"column":70}},"346":{"start":{"line":631,"column":2},"end":{"line":631,"column":79}},"347":{"start":{"line":631,"column":44},"end":{"line":631,"column":75}},"348":{"start":{"line":632,"column":2},"end":{"line":643,"column":5}},"349":{"start":{"line":633,"column":4},"end":{"line":642,"column":5}},"350":{"start":{"line":634,"column":6},"end":{"line":639,"column":7}},"351":{"start":{"line":635,"column":28},"end":{"line":635,"column":46}},"352":{"start":{"line":636,"column":8},"end":{"line":636,"column":30}},"353":{"start":{"line":638,"column":8},"end":{"line":638,"column":61}},"354":{"start":{"line":641,"column":6},"end":{"line":641,"column":71}},"355":{"start":{"line":647,"column":0},"end":{"line":657,"column":2}},"356":{"start":{"line":648,"column":2},"end":{"line":656,"column":3}},"357":{"start":{"line":649,"column":4},"end":{"line":649,"column":38}},"358":{"start":{"line":650,"column":4},"end":{"line":650,"column":46}},"359":{"start":{"line":651,"column":4},"end":{"line":652,"column":50}},"360":{"start":{"line":651,"column":24},"end":{"line":651,"column":53}},"361":{"start":{"line":652,"column":9},"end":{"line":652,"column":50}},"362":{"start":{"line":652,"column":25},"end":{"line":652,"column":50}},"363":{"start":{"line":653,"column":4},"end":{"line":653,"column":40}},"364":{"start":{"line":655,"column":4},"end":{"line":655,"column":52}},"365":{"start":{"line":660,"column":0},"end":{"line":660,"column":52}},"366":{"start":{"line":660,"column":28},"end":{"line":660,"column":50}},"367":{"start":{"line":661,"column":0},"end":{"line":665,"column":3}},"368":{"start":{"line":662,"column":2},"end":{"line":662,"column":35}},"369":{"start":{"line":663,"column":2},"end":{"line":663,"column":69}},"370":{"start":{"line":664,"column":2},"end":{"line":664,"column":48}},"371":{"start":{"line":668,"column":13},"end":{"line":668,"column":37}},"372":{"start":{"line":669,"column":0},"end":{"line":671,"column":3}},"373":{"start":{"line":670,"column":2},"end":{"line":670,"column":53}},"374":{"start":{"line":673,"column":0},"end":{"line":673,"column":16}},"375":{"start":{"line":675,"column":0},"end":{"line":675,"column":33}}},"fnMap":{"0":{"name":"(anonymous_0)","decl":{"start":{"line":102,"column":8},"end":{"line":102,"column":9}},"loc":{"start":{"line":102,"column":28},"end":{"line":105,"column":1}},"line":102},"1":{"name":"(anonymous_1)","decl":{"start":{"line":124,"column":22},"end":{"line":124,"column":23}},"loc":{"start":{"line":124,"column":33},"end":{"line":124,"column":72}},"line":124},"2":{"name":"(anonymous_2)","decl":{"start":{"line":125,"column":22},"end":{"line":125,"column":23}},"loc":{"start":{"line":125,"column":33},"end":{"line":125,"column":77}},"line":125},"3":{"name":"(anonymous_3)","decl":{"start":{"line":126,"column":28},"end":{"line":126,"column":29}},"loc":{"start":{"line":126,"column":58},"end":{"line":133,"column":1}},"line":126},"4":{"name":"(anonymous_4)","decl":{"start":{"line":134,"column":18},"end":{"line":134,"column":19}},"loc":{"start":{"line":134,"column":66},"end":{"line":142,"column":1}},"line":134},"5":{"name":"(anonymous_5)","decl":{"start":{"line":143,"column":20},"end":{"line":143,"column":21}},"loc":{"start":{"line":143,"column":28},"end":{"line":154,"column":1}},"line":143},"6":{"name":"(anonymous_6)","decl":{"start":{"line":143,"column":28},"end":{"line":143,"column":29}},"loc":{"start":{"line":143,"column":54},"end":{"line":154,"column":1}},"line":143},"7":{"name":"(anonymous_7)","decl":{"start":{"line":158,"column":7},"end":{"line":158,"column":8}},"loc":{"start":{"line":158,"column":31},"end":{"line":170,"column":1}},"line":158},"8":{"name":"(anonymous_8)","decl":{"start":{"line":172,"column":20},"end":{"line":172,"column":21}},"loc":{"start":{"line":172,"column":32},"end":{"line":263,"column":1}},"line":172},"9":{"name":"(anonymous_9)","decl":{"start":{"line":179,"column":20},"end":{"line":179,"column":21}},"loc":{"start":{"line":179,"column":37},"end":{"line":181,"column":3}},"line":179},"10":{"name":"(anonymous_10)","decl":{"start":{"line":183,"column":39},"end":{"line":183,"column":40}},"loc":{"start":{"line":183,"column":72},"end":{"line":212,"column":3}},"line":183},"11":{"name":"(anonymous_11)","decl":{"start":{"line":214,"column":38},"end":{"line":214,"column":39}},"loc":{"start":{"line":214,"column":70},"end":{"line":227,"column":3}},"line":214},"12":{"name":"(anonymous_12)","decl":{"start":{"line":229,"column":30},"end":{"line":229,"column":31}},"loc":{"start":{"line":229,"column":48},"end":{"line":233,"column":3}},"line":229},"13":{"name":"(anonymous_13)","decl":{"start":{"line":235,"column":21},"end":{"line":235,"column":22}},"loc":{"start":{"line":235,"column":46},"end":{"line":239,"column":3}},"line":235},"14":{"name":"(anonymous_14)","decl":{"start":{"line":241,"column":22},"end":{"line":241,"column":23}},"loc":{"start":{"line":241,"column":48},"end":{"line":245,"column":3}},"line":241},"15":{"name":"(anonymous_15)","decl":{"start":{"line":247,"column":29},"end":{"line":247,"column":30}},"loc":{"start":{"line":247,"column":58},"end":{"line":251,"column":3}},"line":247},"16":{"name":"(anonymous_16)","decl":{"start":{"line":253,"column":23},"end":{"line":253,"column":24}},"loc":{"start":{"line":253,"column":35},"end":{"line":255,"column":3}},"line":253},"17":{"name":"(anonymous_17)","decl":{"start":{"line":257,"column":26},"end":{"line":257,"column":27}},"loc":{"start":{"line":257,"column":32},"end":{"line":262,"column":3}},"line":257},"18":{"name":"(anonymous_18)","decl":{"start":{"line":267,"column":8},"end":{"line":267,"column":9}},"loc":{"start":{"line":267,"column":14},"end":{"line":272,"column":3}},"line":267},"19":{"name":"(anonymous_19)","decl":{"start":{"line":270,"column":12},"end":{"line":270,"column":13}},"loc":{"start":{"line":270,"column":18},"end":{"line":270,"column":65}},"line":270},"20":{"name":"(anonymous_20)","decl":{"start":{"line":271,"column":13},"end":{"line":271,"column":14}},"loc":{"start":{"line":271,"column":20},"end":{"line":271,"column":89}},"line":271},"21":{"name":"(anonymous_21)","decl":{"start":{"line":273,"column":9},"end":{"line":273,"column":10}},"loc":{"start":{"line":273,"column":16},"end":{"line":273,"column":68}},"line":273},"22":{"name":"(anonymous_22)","decl":{"start":{"line":278,"column":18},"end":{"line":278,"column":19}},"loc":{"start":{"line":278,"column":24},"end":{"line":282,"column":1}},"line":278},"23":{"name":"(anonymous_23)","decl":{"start":{"line":287,"column":8},"end":{"line":287,"column":9}},"loc":{"start":{"line":287,"column":24},"end":{"line":290,"column":3}},"line":287},"24":{"name":"(anonymous_24)","decl":{"start":{"line":295,"column":14},"end":{"line":295,"column":15}},"loc":{"start":{"line":295,"column":33},"end":{"line":309,"column":3}},"line":295},"25":{"name":"(anonymous_25)","decl":{"start":{"line":313,"column":15},"end":{"line":313,"column":16}},"loc":{"start":{"line":313,"column":34},"end":{"line":313,"column":54}},"line":313},"26":{"name":"(anonymous_26)","decl":{"start":{"line":314,"column":12},"end":{"line":314,"column":13}},"loc":{"start":{"line":314,"column":31},"end":{"line":317,"column":3}},"line":314},"27":{"name":"(anonymous_27)","decl":{"start":{"line":322,"column":14},"end":{"line":322,"column":15}},"loc":{"start":{"line":322,"column":33},"end":{"line":338,"column":3}},"line":322},"28":{"name":"(anonymous_28)","decl":{"start":{"line":388,"column":81},"end":{"line":388,"column":82}},"loc":{"start":{"line":388,"column":101},"end":{"line":392,"column":1}},"line":388},"29":{"name":"(anonymous_29)","decl":{"start":{"line":395,"column":70},"end":{"line":395,"column":71}},"loc":{"start":{"line":395,"column":90},"end":{"line":422,"column":1}},"line":395},"30":{"name":"(anonymous_30)","decl":{"start":{"line":416,"column":14},"end":{"line":416,"column":15}},"loc":{"start":{"line":416,"column":19},"end":{"line":416,"column":26}},"line":416},"31":{"name":"(anonymous_31)","decl":{"start":{"line":425,"column":62},"end":{"line":425,"column":63}},"loc":{"start":{"line":425,"column":82},"end":{"line":446,"column":1}},"line":425},"32":{"name":"(anonymous_32)","decl":{"start":{"line":449,"column":57},"end":{"line":449,"column":58}},"loc":{"start":{"line":449,"column":77},"end":{"line":455,"column":1}},"line":449},"33":{"name":"(anonymous_33)","decl":{"start":{"line":458,"column":61},"end":{"line":458,"column":62}},"loc":{"start":{"line":458,"column":81},"end":{"line":470,"column":1}},"line":458},"34":{"name":"(anonymous_34)","decl":{"start":{"line":473,"column":79},"end":{"line":473,"column":80}},"loc":{"start":{"line":473,"column":99},"end":{"line":523,"column":1}},"line":473},"35":{"name":"(anonymous_35)","decl":{"start":{"line":526,"column":55},"end":{"line":526,"column":56}},"loc":{"start":{"line":526,"column":75},"end":{"line":535,"column":1}},"line":526},"36":{"name":"(anonymous_36)","decl":{"start":{"line":538,"column":65},"end":{"line":538,"column":66}},"loc":{"start":{"line":538,"column":85},"end":{"line":545,"column":1}},"line":538},"37":{"name":"(anonymous_37)","decl":{"start":{"line":555,"column":45},"end":{"line":555,"column":46}},"loc":{"start":{"line":555,"column":65},"end":{"line":562,"column":1}},"line":555},"38":{"name":"(anonymous_38)","decl":{"start":{"line":565,"column":40},"end":{"line":565,"column":41}},"loc":{"start":{"line":565,"column":60},"end":{"line":571,"column":1}},"line":565},"39":{"name":"(anonymous_39)","decl":{"start":{"line":574,"column":67},"end":{"line":574,"column":68}},"loc":{"start":{"line":574,"column":87},"end":{"line":584,"column":1}},"line":574},"40":{"name":"(anonymous_40)","decl":{"start":{"line":583,"column":24},"end":{"line":583,"column":25}},"loc":{"start":{"line":583,"column":32},"end":{"line":583,"column":96}},"line":583},"41":{"name":"(anonymous_41)","decl":{"start":{"line":587,"column":62},"end":{"line":587,"column":63}},"loc":{"start":{"line":587,"column":82},"end":{"line":608,"column":1}},"line":587},"42":{"name":"(anonymous_42)","decl":{"start":{"line":602,"column":22},"end":{"line":602,"column":23}},"loc":{"start":{"line":602,"column":36},"end":{"line":605,"column":5}},"line":602},"43":{"name":"(anonymous_43)","decl":{"start":{"line":611,"column":36},"end":{"line":611,"column":37}},"loc":{"start":{"line":611,"column":56},"end":{"line":644,"column":1}},"line":611},"44":{"name":"(anonymous_44)","decl":{"start":{"line":614,"column":35},"end":{"line":614,"column":36}},"loc":{"start":{"line":614,"column":44},"end":{"line":617,"column":3}},"line":614},"45":{"name":"(anonymous_45)","decl":{"start":{"line":630,"column":34},"end":{"line":630,"column":35}},"loc":{"start":{"line":630,"column":42},"end":{"line":630,"column":72}},"line":630},"46":{"name":"(anonymous_46)","decl":{"start":{"line":631,"column":34},"end":{"line":631,"column":35}},"loc":{"start":{"line":631,"column":42},"end":{"line":631,"column":77}},"line":631},"47":{"name":"(anonymous_47)","decl":{"start":{"line":632,"column":28},"end":{"line":632,"column":29}},"loc":{"start":{"line":632,"column":36},"end":{"line":643,"column":3}},"line":632},"48":{"name":"(anonymous_48)","decl":{"start":{"line":647,"column":15},"end":{"line":647,"column":16}},"loc":{"start":{"line":647,"column":27},"end":{"line":657,"column":1}},"line":647},"49":{"name":"(anonymous_49)","decl":{"start":{"line":660,"column":8},"end":{"line":660,"column":9}},"loc":{"start":{"line":660,"column":28},"end":{"line":660,"column":50}},"line":660},"50":{"name":"(anonymous_50)","decl":{"start":{"line":661,"column":8},"end":{"line":661,"column":9}},"loc":{"start":{"line":661,"column":33},"end":{"line":665,"column":1}},"line":661},"51":{"name":"(anonymous_51)","decl":{"start":{"line":669,"column":20},"end":{"line":669,"column":21}},"loc":{"start":{"line":669,"column":26},"end":{"line":671,"column":1}},"line":669}},"branchMap":{"0":{"loc":{"start":{"line":49,"column":0},"end":{"line":51,"column":1}},"type":"if","locations":[{"start":{"line":49,"column":0},"end":{"line":51,"column":1}},{"start":{},"end":{}}],"line":49},"1":{"loc":{"start":{"line":49,"column":4},"end":{"line":49,"column":138}},"type":"binary-expr","locations":[{"start":{"line":49,"column":4},"end":{"line":49,"column":27}},{"start":{"line":49,"column":31},"end":{"line":49,"column":54}},{"start":{"line":49,"column":58},"end":{"line":49,"column":81}},{"start":{"line":49,"column":85},"end":{"line":49,"column":112}},{"start":{"line":49,"column":116},"end":{"line":49,"column":138}}],"line":49},"2":{"loc":{"start":{"line":128,"column":2},"end":{"line":128,"column":76}},"type":"if","locations":[{"start":{"line":128,"column":2},"end":{"line":128,"column":76}},{"start":{},"end":{}}],"line":128},"3":{"loc":{"start":{"line":129,"column":16},"end":{"line":129,"column":125}},"type":"cond-expr","locations":[{"start":{"line":129,"column":30},"end":{"line":129,"column":73}},{"start":{"line":129,"column":76},"end":{"line":129,"column":125}}],"line":129},"4":{"loc":{"start":{"line":131,"column":2},"end":{"line":131,"column":55}},"type":"if","locations":[{"start":{"line":131,"column":2},"end":{"line":131,"column":55}},{"start":{},"end":{}}],"line":131},"5":{"loc":{"start":{"line":134,"column":47},"end":{"line":134,"column":61}},"type":"default-arg","locations":[{"start":{"line":134,"column":56},"end":{"line":134,"column":61}}],"line":134},"6":{"loc":{"start":{"line":139,"column":5},"end":{"line":139,"column":29}},"type":"cond-expr","locations":[{"start":{"line":139,"column":14},"end":{"line":139,"column":20}},{"start":{"line":139,"column":23},"end":{"line":139,"column":29}}],"line":139},"7":{"loc":{"start":{"line":149,"column":6},"end":{"line":151,"column":60}},"type":"cond-expr","locations":[{"start":{"line":149,"column":79},"end":{"line":149,"column":82}},{"start":{"line":150,"column":6},"end":{"line":151,"column":60}}],"line":149},"8":{"loc":{"start":{"line":149,"column":6},"end":{"line":149,"column":76}},"type":"binary-expr","locations":[{"start":{"line":149,"column":6},"end":{"line":149,"column":40}},{"start":{"line":149,"column":44},"end":{"line":149,"column":76}}],"line":149},"9":{"loc":{"start":{"line":150,"column":6},"end":{"line":151,"column":60}},"type":"cond-expr","locations":[{"start":{"line":150,"column":45},"end":{"line":150,"column":48}},{"start":{"line":151,"column":6},"end":{"line":151,"column":60}}],"line":150},"10":{"loc":{"start":{"line":151,"column":6},"end":{"line":151,"column":60}},"type":"cond-expr","locations":[{"start":{"line":151,"column":51},"end":{"line":151,"column":54}},{"start":{"line":151,"column":57},"end":{"line":151,"column":60}}],"line":151},"11":{"loc":{"start":{"line":161,"column":4},"end":{"line":161,"column":60}},"type":"if","locations":[{"start":{"line":161,"column":4},"end":{"line":161,"column":60}},{"start":{},"end":{}}],"line":161},"12":{"loc":{"start":{"line":163,"column":4},"end":{"line":163,"column":64}},"type":"if","locations":[{"start":{"line":163,"column":4},"end":{"line":163,"column":64}},{"start":{},"end":{}}],"line":163},"13":{"loc":{"start":{"line":174,"column":2},"end":{"line":177,"column":3}},"type":"if","locations":[{"start":{"line":174,"column":2},"end":{"line":177,"column":3}},{"start":{},"end":{}}],"line":174},"14":{"loc":{"start":{"line":180,"column":4},"end":{"line":180,"column":72}},"type":"if","locations":[{"start":{"line":180,"column":4},"end":{"line":180,"column":72}},{"start":{},"end":{}}],"line":180},"15":{"loc":{"start":{"line":186,"column":4},"end":{"line":186,"column":88}},"type":"if","locations":[{"start":{"line":186,"column":4},"end":{"line":186,"column":88}},{"start":{},"end":{}}],"line":186},"16":{"loc":{"start":{"line":192,"column":12},"end":{"line":192,"column":38}},"type":"binary-expr","locations":[{"start":{"line":192,"column":12},"end":{"line":192,"column":28}},{"start":{"line":192,"column":32},"end":{"line":192,"column":38}}],"line":192},"17":{"loc":{"start":{"line":193,"column":16},"end":{"line":193,"column":86}},"type":"cond-expr","locations":[{"start":{"line":193,"column":39},"end":{"line":193,"column":74}},{"start":{"line":193,"column":77},"end":{"line":193,"column":86}}],"line":193},"18":{"loc":{"start":{"line":215,"column":4},"end":{"line":215,"column":124}},"type":"if","locations":[{"start":{"line":215,"column":4},"end":{"line":215,"column":124}},{"start":{},"end":{}}],"line":215},"19":{"loc":{"start":{"line":215,"column":8},"end":{"line":215,"column":80}},"type":"binary-expr","locations":[{"start":{"line":215,"column":8},"end":{"line":215,"column":41}},{"start":{"line":215,"column":45},"end":{"line":215,"column":80}}],"line":215},"20":{"loc":{"start":{"line":230,"column":4},"end":{"line":232,"column":5}},"type":"if","locations":[{"start":{"line":230,"column":4},"end":{"line":232,"column":5}},{"start":{},"end":{}}],"line":230},"21":{"loc":{"start":{"line":230,"column":8},"end":{"line":230,"column":70}},"type":"binary-expr","locations":[{"start":{"line":230,"column":8},"end":{"line":230,"column":36}},{"start":{"line":230,"column":40},"end":{"line":230,"column":70}}],"line":230},"22":{"loc":{"start":{"line":236,"column":4},"end":{"line":238,"column":5}},"type":"if","locations":[{"start":{"line":236,"column":4},"end":{"line":238,"column":5}},{"start":{},"end":{}}],"line":236},"23":{"loc":{"start":{"line":236,"column":8},"end":{"line":236,"column":70}},"type":"binary-expr","locations":[{"start":{"line":236,"column":8},"end":{"line":236,"column":36}},{"start":{"line":236,"column":40},"end":{"line":236,"column":70}}],"line":236},"24":{"loc":{"start":{"line":242,"column":4},"end":{"line":244,"column":5}},"type":"if","locations":[{"start":{"line":242,"column":4},"end":{"line":244,"column":5}},{"start":{},"end":{}}],"line":242},"25":{"loc":{"start":{"line":242,"column":8},"end":{"line":242,"column":70}},"type":"binary-expr","locations":[{"start":{"line":242,"column":8},"end":{"line":242,"column":36}},{"start":{"line":242,"column":40},"end":{"line":242,"column":70}}],"line":242},"26":{"loc":{"start":{"line":248,"column":4},"end":{"line":250,"column":5}},"type":"if","locations":[{"start":{"line":248,"column":4},"end":{"line":250,"column":5}},{"start":{},"end":{}}],"line":248},"27":{"loc":{"start":{"line":248,"column":8},"end":{"line":248,"column":70}},"type":"binary-expr","locations":[{"start":{"line":248,"column":8},"end":{"line":248,"column":36}},{"start":{"line":248,"column":40},"end":{"line":248,"column":70}}],"line":248},"28":{"loc":{"start":{"line":254,"column":4},"end":{"line":254,"column":70}},"type":"if","locations":[{"start":{"line":254,"column":4},"end":{"line":254,"column":70}},{"start":{},"end":{}}],"line":254},"29":{"loc":{"start":{"line":254,"column":8},"end":{"line":254,"column":42}},"type":"binary-expr","locations":[{"start":{"line":254,"column":8},"end":{"line":254,"column":10}},{"start":{"line":254,"column":14},"end":{"line":254,"column":42}}],"line":254},"30":{"loc":{"start":{"line":258,"column":4},"end":{"line":261,"column":5}},"type":"if","locations":[{"start":{"line":258,"column":4},"end":{"line":261,"column":5}},{"start":{},"end":{}}],"line":258},"31":{"loc":{"start":{"line":297,"column":4},"end":{"line":299,"column":5}},"type":"if","locations":[{"start":{"line":297,"column":4},"end":{"line":299,"column":5}},{"start":{},"end":{}}],"line":297},"32":{"loc":{"start":{"line":300,"column":19},"end":{"line":300,"column":49}},"type":"binary-expr","locations":[{"start":{"line":300,"column":19},"end":{"line":300,"column":30}},{"start":{"line":300,"column":34},"end":{"line":300,"column":49}}],"line":300},"33":{"loc":{"start":{"line":302,"column":6},"end":{"line":304,"column":94}},"type":"binary-expr","locations":[{"start":{"line":302,"column":7},"end":{"line":302,"column":37}},{"start":{"line":302,"column":41},"end":{"line":302,"column":88}},{"start":{"line":303,"column":7},"end":{"line":303,"column":36}},{"start":{"line":303,"column":40},"end":{"line":303,"column":97}},{"start":{"line":304,"column":7},"end":{"line":304,"column":42}},{"start":{"line":304,"column":46},"end":{"line":304,"column":93}}],"line":302},"34":{"loc":{"start":{"line":305,"column":4},"end":{"line":307,"column":5}},"type":"if","locations":[{"start":{"line":305,"column":4},"end":{"line":307,"column":5}},{"start":{},"end":{}}],"line":305},"35":{"loc":{"start":{"line":324,"column":4},"end":{"line":326,"column":5}},"type":"if","locations":[{"start":{"line":324,"column":4},"end":{"line":326,"column":5}},{"start":{},"end":{}}],"line":324},"36":{"loc":{"start":{"line":327,"column":19},"end":{"line":327,"column":49}},"type":"binary-expr","locations":[{"start":{"line":327,"column":19},"end":{"line":327,"column":30}},{"start":{"line":327,"column":34},"end":{"line":327,"column":49}}],"line":327},"37":{"loc":{"start":{"line":329,"column":6},"end":{"line":333,"column":94}},"type":"binary-expr","locations":[{"start":{"line":329,"column":7},"end":{"line":329,"column":37}},{"start":{"line":329,"column":41},"end":{"line":329,"column":88}},{"start":{"line":330,"column":7},"end":{"line":330,"column":36}},{"start":{"line":330,"column":40},"end":{"line":330,"column":97}},{"start":{"line":331,"column":7},"end":{"line":331,"column":42}},{"start":{"line":331,"column":46},"end":{"line":331,"column":93}},{"start":{"line":332,"column":7},"end":{"line":332,"column":37}},{"start":{"line":332,"column":41},"end":{"line":332,"column":98}},{"start":{"line":333,"column":7},"end":{"line":333,"column":37}},{"start":{"line":333,"column":41},"end":{"line":333,"column":93}}],"line":329},"38":{"loc":{"start":{"line":334,"column":4},"end":{"line":336,"column":5}},"type":"if","locations":[{"start":{"line":334,"column":4},"end":{"line":336,"column":5}},{"start":{},"end":{}}],"line":334},"39":{"loc":{"start":{"line":389,"column":2},"end":{"line":389,"column":62}},"type":"if","locations":[{"start":{"line":389,"column":2},"end":{"line":389,"column":62}},{"start":{},"end":{}}],"line":389},"40":{"loc":{"start":{"line":397,"column":2},"end":{"line":399,"column":3}},"type":"if","locations":[{"start":{"line":397,"column":2},"end":{"line":399,"column":3}},{"start":{},"end":{}}],"line":397},"41":{"loc":{"start":{"line":397,"column":6},"end":{"line":397,"column":183}},"type":"binary-expr","locations":[{"start":{"line":397,"column":6},"end":{"line":397,"column":32}},{"start":{"line":397,"column":36},"end":{"line":397,"column":62}},{"start":{"line":397,"column":66},"end":{"line":397,"column":130}},{"start":{"line":397,"column":134},"end":{"line":397,"column":183}}],"line":397},"42":{"loc":{"start":{"line":402,"column":19},"end":{"line":402,"column":81}},"type":"cond-expr","locations":[{"start":{"line":402,"column":50},"end":{"line":402,"column":63}},{"start":{"line":402,"column":66},"end":{"line":402,"column":81}}],"line":402},"43":{"loc":{"start":{"line":403,"column":2},"end":{"line":403,"column":109}},"type":"if","locations":[{"start":{"line":403,"column":2},"end":{"line":403,"column":109}},{"start":{},"end":{}}],"line":403},"44":{"loc":{"start":{"line":437,"column":35},"end":{"line":437,"column":50}},"type":"binary-expr","locations":[{"start":{"line":437,"column":35},"end":{"line":437,"column":44}},{"start":{"line":437,"column":48},"end":{"line":437,"column":50}}],"line":437},"45":{"loc":{"start":{"line":451,"column":2},"end":{"line":451,"column":103}},"type":"if","locations":[{"start":{"line":451,"column":2},"end":{"line":451,"column":103}},{"start":{},"end":{}}],"line":451},"46":{"loc":{"start":{"line":451,"column":6},"end":{"line":451,"column":60}},"type":"binary-expr","locations":[{"start":{"line":451,"column":6},"end":{"line":451,"column":31}},{"start":{"line":451,"column":35},"end":{"line":451,"column":60}}],"line":451},"47":{"loc":{"start":{"line":453,"column":2},"end":{"line":453,"column":98}},"type":"if","locations":[{"start":{"line":453,"column":2},"end":{"line":453,"column":98}},{"start":{},"end":{}}],"line":453},"48":{"loc":{"start":{"line":453,"column":6},"end":{"line":453,"column":54}},"type":"binary-expr","locations":[{"start":{"line":453,"column":6},"end":{"line":453,"column":22}},{"start":{"line":453,"column":26},"end":{"line":453,"column":54}}],"line":453},"49":{"loc":{"start":{"line":460,"column":2},"end":{"line":462,"column":3}},"type":"if","locations":[{"start":{"line":460,"column":2},"end":{"line":462,"column":3}},{"start":{},"end":{}}],"line":460},"50":{"loc":{"start":{"line":460,"column":6},"end":{"line":460,"column":108}},"type":"binary-expr","locations":[{"start":{"line":460,"column":6},"end":{"line":460,"column":31}},{"start":{"line":460,"column":35},"end":{"line":460,"column":60}},{"start":{"line":460,"column":64},"end":{"line":460,"column":108}}],"line":460},"51":{"loc":{"start":{"line":464,"column":2},"end":{"line":464,"column":98}},"type":"if","locations":[{"start":{"line":464,"column":2},"end":{"line":464,"column":98}},{"start":{},"end":{}}],"line":464},"52":{"loc":{"start":{"line":464,"column":6},"end":{"line":464,"column":54}},"type":"binary-expr","locations":[{"start":{"line":464,"column":6},"end":{"line":464,"column":22}},{"start":{"line":464,"column":26},"end":{"line":464,"column":54}}],"line":464},"53":{"loc":{"start":{"line":475,"column":2},"end":{"line":483,"column":3}},"type":"if","locations":[{"start":{"line":475,"column":2},"end":{"line":483,"column":3}},{"start":{},"end":{}}],"line":475},"54":{"loc":{"start":{"line":476,"column":4},"end":{"line":480,"column":56}},"type":"binary-expr","locations":[{"start":{"line":476,"column":4},"end":{"line":476,"column":42}},{"start":{"line":477,"column":4},"end":{"line":477,"column":29}},{"start":{"line":478,"column":4},"end":{"line":478,"column":45}},{"start":{"line":479,"column":4},"end":{"line":479,"column":56}},{"start":{"line":480,"column":4},"end":{"line":480,"column":56}}],"line":476},"55":{"loc":{"start":{"line":484,"column":2},"end":{"line":484,"column":88}},"type":"if","locations":[{"start":{"line":484,"column":2},"end":{"line":484,"column":88}},{"start":{},"end":{}}],"line":484},"56":{"loc":{"start":{"line":487,"column":2},"end":{"line":487,"column":73}},"type":"if","locations":[{"start":{"line":487,"column":2},"end":{"line":487,"column":73}},{"start":{},"end":{}}],"line":487},"57":{"loc":{"start":{"line":490,"column":19},"end":{"line":490,"column":52}},"type":"cond-expr","locations":[{"start":{"line":490,"column":30},"end":{"line":490,"column":47}},{"start":{"line":490,"column":50},"end":{"line":490,"column":52}}],"line":490},"58":{"loc":{"start":{"line":497,"column":12},"end":{"line":497,"column":59}},"type":"cond-expr","locations":[{"start":{"line":497,"column":33},"end":{"line":497,"column":54}},{"start":{"line":497,"column":57},"end":{"line":497,"column":59}}],"line":497},"59":{"loc":{"start":{"line":499,"column":17},"end":{"line":499,"column":94}},"type":"cond-expr","locations":[{"start":{"line":499,"column":56},"end":{"line":499,"column":82}},{"start":{"line":499,"column":85},"end":{"line":499,"column":94}}],"line":499},"60":{"loc":{"start":{"line":528,"column":2},"end":{"line":528,"column":105}},"type":"if","locations":[{"start":{"line":528,"column":2},"end":{"line":528,"column":105}},{"start":{},"end":{}}],"line":528},"61":{"loc":{"start":{"line":528,"column":6},"end":{"line":528,"column":61}},"type":"binary-expr","locations":[{"start":{"line":528,"column":6},"end":{"line":528,"column":31}},{"start":{"line":528,"column":35},"end":{"line":528,"column":61}}],"line":528},"62":{"loc":{"start":{"line":531,"column":2},"end":{"line":531,"column":115}},"type":"if","locations":[{"start":{"line":531,"column":2},"end":{"line":531,"column":115}},{"start":{},"end":{}}],"line":531},"63":{"loc":{"start":{"line":531,"column":6},"end":{"line":531,"column":70}},"type":"binary-expr","locations":[{"start":{"line":531,"column":6},"end":{"line":531,"column":25}},{"start":{"line":531,"column":29},"end":{"line":531,"column":70}}],"line":531},"64":{"loc":{"start":{"line":540,"column":2},"end":{"line":542,"column":3}},"type":"if","locations":[{"start":{"line":540,"column":2},"end":{"line":542,"column":3}},{"start":{},"end":{}}],"line":540},"65":{"loc":{"start":{"line":540,"column":6},"end":{"line":540,"column":115}},"type":"binary-expr","locations":[{"start":{"line":540,"column":6},"end":{"line":540,"column":58}},{"start":{"line":540,"column":62},"end":{"line":540,"column":115}}],"line":540},"66":{"loc":{"start":{"line":557,"column":2},"end":{"line":559,"column":3}},"type":"if","locations":[{"start":{"line":557,"column":2},"end":{"line":559,"column":3}},{"start":{},"end":{}}],"line":557},"67":{"loc":{"start":{"line":557,"column":6},"end":{"line":557,"column":121}},"type":"binary-expr","locations":[{"start":{"line":557,"column":6},"end":{"line":557,"column":48}},{"start":{"line":557,"column":52},"end":{"line":557,"column":91}},{"start":{"line":557,"column":95},"end":{"line":557,"column":121}}],"line":557},"68":{"loc":{"start":{"line":568,"column":2},"end":{"line":568,"column":50}},"type":"if","locations":[{"start":{"line":568,"column":2},"end":{"line":568,"column":50}},{"start":{},"end":{}}],"line":568},"69":{"loc":{"start":{"line":576,"column":2},"end":{"line":576,"column":122}},"type":"if","locations":[{"start":{"line":576,"column":2},"end":{"line":576,"column":122}},{"start":{},"end":{}}],"line":576},"70":{"loc":{"start":{"line":576,"column":6},"end":{"line":576,"column":78}},"type":"binary-expr","locations":[{"start":{"line":576,"column":6},"end":{"line":576,"column":40}},{"start":{"line":576,"column":44},"end":{"line":576,"column":78}}],"line":576},"71":{"loc":{"start":{"line":583,"column":53},"end":{"line":583,"column":94}},"type":"cond-expr","locations":[{"start":{"line":583,"column":78},"end":{"line":583,"column":86}},{"start":{"line":583,"column":89},"end":{"line":583,"column":94}}],"line":583},"72":{"loc":{"start":{"line":589,"column":2},"end":{"line":589,"column":81}},"type":"if","locations":[{"start":{"line":589,"column":2},"end":{"line":589,"column":81}},{"start":{},"end":{}}],"line":589},"73":{"loc":{"start":{"line":613,"column":2},"end":{"line":613,"column":65}},"type":"if","locations":[{"start":{"line":613,"column":2},"end":{"line":613,"column":65}},{"start":{},"end":{}}],"line":613},"74":{"loc":{"start":{"line":621,"column":2},"end":{"line":621,"column":86}},"type":"if","locations":[{"start":{"line":621,"column":2},"end":{"line":621,"column":86}},{"start":{},"end":{}}],"line":621},"75":{"loc":{"start":{"line":633,"column":4},"end":{"line":642,"column":5}},"type":"if","locations":[{"start":{"line":633,"column":4},"end":{"line":642,"column":5}},{"start":{"line":640,"column":11},"end":{"line":642,"column":5}}],"line":633},"76":{"loc":{"start":{"line":651,"column":4},"end":{"line":652,"column":50}},"type":"if","locations":[{"start":{"line":651,"column":4},"end":{"line":652,"column":50}},{"start":{"line":652,"column":9},"end":{"line":652,"column":50}}],"line":651},"77":{"loc":{"start":{"line":652,"column":9},"end":{"line":652,"column":50}},"type":"if","locations":[{"start":{"line":652,"column":9},"end":{"line":652,"column":50}},{"start":{},"end":{}}],"line":652},"78":{"loc":{"start":{"line":663,"column":21},"end":{"line":663,"column":68}},"type":"cond-expr","locations":[{"start":{"line":663,"column":60},"end":{"line":663,"column":63}},{"start":{"line":663,"column":66},"end":{"line":663,"column":68}}],"line":663},"79":{"loc":{"start":{"line":664,"column":13},"end":{"line":664,"column":30}},"type":"binary-expr","locations":[{"start":{"line":664,"column":13},"end":{"line":664,"column":23}},{"start":{"line":664,"column":27},"end":{"line":664,"column":30}}],"line":664},"80":{"loc":{"start":{"line":668,"column":13},"end":{"line":668,"column":37}},"type":"binary-expr","locations":[{"start":{"line":668,"column":13},"end":{"line":668,"column":29}},{"start":{"line":668,"column":33},"end":{"line":668,"column":37}}],"line":668}},"s":{"0":1,"1":1,"2":1,"3":1,"4":1,"5":1,"6":1,"7":1,"8":1,"9":1,"10":1,"11":1,"12":1,"13":1,"14":1,"15":1,"16":1,"17":1,"18":1,"19":1,"20":1,"21":1,"22":1,"23":1,"24":1,"25":1,"26":1,"27":1,"28":1,"29":1,"30":1,"31":1,"32":1,"33":1,"34":1,"35":1,"36":1,"37":1,"38":1,"39":1,"40":1,"41":1,"42":1,"43":1,"44":1,"45":1,"46":1,"47":0,"48":1,"49":1,"50":1,"51":1,"52":1,"53":1,"54":1,"55":1,"56":1,"57":1,"58":1,"59":1,"60":1,"61":1,"62":1,"63":1,"64":1,"65":1,"66":4,"67":4,"68":1,"69":1,"70":1,"71":1,"72":1,"73":1,"74":1,"75":0,"76":1,"77":0,"78":1,"79":0,"80":0,"81":0,"82":0,"83":0,"84":0,"85":0,"86":0,"87":1,"88":0,"89":0,"90":1,"91":13,"92":0,"93":0,"94":0,"95":0,"96":1,"97":1,"98":0,"99":0,"100":0,"101":0,"102":0,"103":0,"104":0,"105":0,"106":0,"107":0,"108":0,"109":1,"110":0,"111":0,"112":0,"113":0,"114":0,"115":0,"116":0,"117":0,"118":0,"119":0,"120":0,"121":0,"122":0,"123":0,"124":0,"125":0,"126":0,"127":0,"128":0,"129":0,"130":0,"131":0,"132":0,"133":0,"134":0,"135":0,"136":0,"137":0,"138":0,"139":0,"140":0,"141":0,"142":0,"143":0,"144":0,"145":0,"146":0,"147":0,"148":0,"149":0,"150":0,"151":0,"152":0,"153":0,"154":1,"155":1,"156":1,"157":1,"158":0,"159":0,"160":1,"161":1,"162":1,"163":1,"164":1,"165":1,"166":0,"167":1,"168":0,"169":0,"170":0,"171":0,"172":0,"173":0,"174":0,"175":0,"176":1,"177":0,"178":0,"179":0,"180":1,"181":0,"182":0,"183":0,"184":0,"185":0,"186":0,"187":0,"188":0,"189":1,"190":1,"191":1,"192":1,"193":1,"194":1,"195":1,"196":1,"197":1,"198":1,"199":1,"200":1,"201":1,"202":1,"203":1,"204":1,"205":1,"206":1,"207":1,"208":1,"209":1,"210":1,"211":1,"212":1,"213":1,"214":1,"215":0,"216":0,"217":0,"218":0,"219":1,"220":0,"221":0,"222":0,"223":0,"224":0,"225":0,"226":0,"227":0,"228":0,"229":0,"230":0,"231":0,"232":0,"233":1,"234":0,"235":0,"236":0,"237":0,"238":0,"239":0,"240":0,"241":0,"242":0,"243":1,"244":0,"245":0,"246":0,"247":0,"248":0,"249":0,"250":0,"251":1,"252":0,"253":0,"254":0,"255":0,"256":0,"257":0,"258":0,"259":0,"260":0,"261":0,"262":0,"263":1,"264":0,"265":0,"266":0,"267":0,"268":0,"269":0,"270":0,"271":0,"272":0,"273":0,"274":0,"275":0,"276":0,"277":0,"278":0,"279":0,"280":0,"281":0,"282":1,"283":0,"284":0,"285":0,"286":0,"287":0,"288":0,"289":0,"290":0,"291":0,"292":0,"293":1,"294":0,"295":0,"296":0,"297":0,"298":0,"299":1,"300":1,"301":1,"302":0,"303":0,"304":0,"305":0,"306":0,"307":1,"308":0,"309":0,"310":0,"311":0,"312":0,"313":0,"314":1,"315":0,"316":0,"317":0,"318":0,"319":0,"320":0,"321":1,"322":0,"323":0,"324":0,"325":0,"326":0,"327":0,"328":0,"329":0,"330":1,"331":0,"332":0,"333":0,"334":0,"335":0,"336":0,"337":0,"338":0,"339":0,"340":0,"341":0,"342":0,"343":0,"344":0,"345":0,"346":0,"347":0,"348":0,"349":0,"350":0,"351":0,"352":0,"353":0,"354":0,"355":1,"356":0,"357":0,"358":0,"359":0,"360":0,"361":0,"362":0,"363":0,"364":0,"365":1,"366":0,"367":1,"368":0,"369":0,"370":0,"371":1,"372":1,"373":1,"374":1,"375":1},"f":{"0":4,"1":0,"2":0,"3":0,"4":0,"5":13,"6":0,"7":0,"8":0,"9":0,"10":0,"11":0,"12":0,"13":0,"14":0,"15":0,"16":0,"17":0,"18":1,"19":1,"20":0,"21":0,"22":1,"23":0,"24":0,"25":0,"26":0,"27":0,"28":0,"29":0,"30":0,"31":0,"32":0,"33":0,"34":0,"35":0,"36":0,"37":0,"38":0,"39":0,"40":0,"41":0,"42":0,"43":0,"44":0,"45":0,"46":0,"47":0,"48":0,"49":0,"50":0,"51":1},"b":{"0":[0,1],"1":[1,1,1,1,1],"2":[0,0],"3":[0,0],"4":[0,0],"5":[0],"6":[0,0],"7":[0,0],"8":[0,0],"9":[0,0],"10":[0,0],"11":[0,0],"12":[0,0],"13":[0,0],"14":[0,0],"15":[0,0],"16":[0,0],"17":[0,0],"18":[0,0],"19":[0,0],"20":[0,0],"21":[0,0],"22":[0,0],"23":[0,0],"24":[0,0],"25":[0,0],"26":[0,0],"27":[0,0],"28":[0,0],"29":[0,0],"30":[0,0],"31":[0,0],"32":[0,0],"33":[0,0,0,0,0,0],"34":[0,0],"35":[0,0],"36":[0,0],"37":[0,0,0,0,0,0,0,0,0,0],"38":[0,0],"39":[0,0],"40":[0,0],"41":[0,0,0,0],"42":[0,0],"43":[0,0],"44":[0,0],"45":[0,0],"46":[0,0],"47":[0,0],"48":[0,0],"49":[0,0],"50":[0,0,0],"51":[0,0],"52":[0,0],"53":[0,0],"54":[0,0,0,0,0],"55":[0,0],"56":[0,0],"57":[0,0],"58":[0,0],"59":[0,0],"60":[0,0],"61":[0,0],"62":[0,0],"63":[0,0],"64":[0,0],"65":[0,0],"66":[0,0],"67":[0,0,0],"68":[0,0],"69":[0,0],"70":[0,0],"71":[0,0],"72":[0,0],"73":[0,0],"74":[0,0],"75":[0,0],"76":[0,0],"77":[0,0],"78":[0,0],"79":[0,0],"80":[1,1]},"_coverageSchema":"1a1c01bbd47fc00a2c39e90264f33305004495a9","hash":"c7b88b1ce88e4dc049ccddfbd20ee001c8a28d18"}
,"C:\\Users\\salma\\OneDrive\\Bureau\\integrationFinalePi\\UniMindCare-PI\\backend\\faceIDUser.js": {"path":"C:\\Users\\salma\\OneDrive\\Bureau\\integrationFinalePi\\UniMindCare-PI\\backend\\faceIDUser.js","statementMap":{"0":{"start":{"line":1,"column":17},"end":{"line":1,"column":36}},"1":{"start":{"line":4,"column":25},"end":{"line":8,"column":2}},"2":{"start":{"line":11,"column":19},"end":{"line":11,"column":65}},"3":{"start":{"line":14,"column":0},"end":{"line":14,"column":28}}},"fnMap":{},"branchMap":{},"s":{"0":1,"1":1,"2":1,"3":1},"f":{},"b":{},"_coverageSchema":"1a1c01bbd47fc00a2c39e90264f33305004495a9","hash":"d9a0bd906f68ecb492a9225e43fed3b7fd34ef93"}
,"C:\\Users\\salma\\OneDrive\\Bureau\\integrationFinalePi\\UniMindCare-PI\\backend\\firebase.js": {"path":"C:\\Users\\salma\\OneDrive\\Bureau\\integrationFinalePi\\UniMindCare-PI\\backend\\firebase.js","statementMap":{"0":{"start":{"line":2,"column":14},"end":{"line":2,"column":39}},"1":{"start":{"line":4,"column":23},"end":{"line":16,"column":1}},"2":{"start":{"line":18,"column":0},"end":{"line":21,"column":3}},"3":{"start":{"line":23,"column":15},"end":{"line":23,"column":39}},"4":{"start":{"line":25,"column":0},"end":{"line":25,"column":35}}},"fnMap":{},"branchMap":{},"s":{"0":1,"1":1,"2":1,"3":1,"4":1},"f":{},"b":{},"_coverageSchema":"1a1c01bbd47fc00a2c39e90264f33305004495a9","hash":"d914911925a7ddddf54b708f50afe181e45ed977"}
,"C:\\Users\\salma\\OneDrive\\Bureau\\integrationFinalePi\\UniMindCare-PI\\backend\\Models\\Appointment.js": {"path":"C:\\Users\\salma\\OneDrive\\Bureau\\integrationFinalePi\\UniMindCare-PI\\backend\\Models\\Appointment.js","statementMap":{"0":{"start":{"line":1,"column":17},"end":{"line":1,"column":36}},"1":{"start":{"line":2,"column":19},"end":{"line":2,"column":27}},"2":{"start":{"line":4,"column":26},"end":{"line":37,"column":24}},"3":{"start":{"line":41,"column":0},"end":{"line":41,"column":66}}},"fnMap":{},"branchMap":{},"s":{"0":1,"1":1,"2":1,"3":1},"f":{},"b":{},"_coverageSchema":"1a1c01bbd47fc00a2c39e90264f33305004495a9","hash":"d076f71fad0d5e5570d4f9bf1cc22e6c53d4d826"}
,"C:\\Users\\salma\\OneDrive\\Bureau\\integrationFinalePi\\UniMindCare-PI\\backend\\Models\\Availability.js": {"path":"C:\\Users\\salma\\OneDrive\\Bureau\\integrationFinalePi\\UniMindCare-PI\\backend\\Models\\Availability.js","statementMap":{"0":{"start":{"line":1,"column":17},"end":{"line":1,"column":36}},"1":{"start":{"line":2,"column":19},"end":{"line":2,"column":27}},"2":{"start":{"line":4,"column":27},"end":{"line":27,"column":24}},"3":{"start":{"line":30,"column":0},"end":{"line":30,"column":92}},"4":{"start":{"line":32,"column":0},"end":{"line":32,"column":68}}},"fnMap":{},"branchMap":{},"s":{"0":1,"1":1,"2":1,"3":1,"4":1},"f":{},"b":{},"_coverageSchema":"1a1c01bbd47fc00a2c39e90264f33305004495a9","hash":"c1fe9c5cd1ee5925643a98401852c42fa23c4133"}
,"C:\\Users\\salma\\OneDrive\\Bureau\\integrationFinalePi\\UniMindCare-PI\\backend\\Models\\Case.js": {"path":"C:\\Users\\salma\\OneDrive\\Bureau\\integrationFinalePi\\UniMindCare-PI\\backend\\Models\\Case.js","statementMap":{"0":{"start":{"line":1,"column":17},"end":{"line":1,"column":36}},"1":{"start":{"line":2,"column":19},"end":{"line":2,"column":27}},"2":{"start":{"line":4,"column":19},"end":{"line":17,"column":26}},"3":{"start":{"line":20,"column":0},"end":{"line":20,"column":52}}},"fnMap":{},"branchMap":{},"s":{"0":1,"1":1,"2":1,"3":1},"f":{},"b":{},"_coverageSchema":"1a1c01bbd47fc00a2c39e90264f33305004495a9","hash":"b43c5d3750690a97e2fdd0686f469b68681e9cf2"}
,"C:\\Users\\salma\\OneDrive\\Bureau\\integrationFinalePi\\UniMindCare-PI\\backend\\Models\\ExitRequest.js": {"path":"C:\\Users\\salma\\OneDrive\\Bureau\\integrationFinalePi\\UniMindCare-PI\\backend\\Models\\ExitRequest.js","statementMap":{"0":{"start":{"line":1,"column":17},"end":{"line":1,"column":36}},"1":{"start":{"line":3,"column":26},"end":{"line":12,"column":2}},"2":{"start":{"line":14,"column":0},"end":{"line":14,"column":66}}},"fnMap":{},"branchMap":{},"s":{"0":1,"1":1,"2":1},"f":{},"b":{},"_coverageSchema":"1a1c01bbd47fc00a2c39e90264f33305004495a9","hash":"13e8266792953354c99148a2632b8927c53c38a1"}
,"C:\\Users\\salma\\OneDrive\\Bureau\\integrationFinalePi\\UniMindCare-PI\\backend\\Models\\Feedback.js": {"path":"C:\\Users\\salma\\OneDrive\\Bureau\\integrationFinalePi\\UniMindCare-PI\\backend\\Models\\Feedback.js","statementMap":{"0":{"start":{"line":1,"column":17},"end":{"line":1,"column":36}},"1":{"start":{"line":3,"column":23},"end":{"line":15,"column":2}},"2":{"start":{"line":17,"column":0},"end":{"line":17,"column":60}}},"fnMap":{},"branchMap":{},"s":{"0":2,"1":2,"2":2},"f":{},"b":{},"_coverageSchema":"1a1c01bbd47fc00a2c39e90264f33305004495a9","hash":"97c88ef45c44518cc43e8a0ef00045f95b96966b"}
,"C:\\Users\\salma\\OneDrive\\Bureau\\integrationFinalePi\\UniMindCare-PI\\backend\\Models\\InappropriateComment.js": {"path":"C:\\Users\\salma\\OneDrive\\Bureau\\integrationFinalePi\\UniMindCare-PI\\backend\\Models\\InappropriateComment.js","statementMap":{"0":{"start":{"line":1,"column":17},"end":{"line":1,"column":36}},"1":{"start":{"line":3,"column":35},"end":{"line":10,"column":2}},"2":{"start":{"line":12,"column":0},"end":{"line":12,"column":84}}},"fnMap":{},"branchMap":{},"s":{"0":1,"1":1,"2":1},"f":{},"b":{},"_coverageSchema":"1a1c01bbd47fc00a2c39e90264f33305004495a9","hash":"2aa73b7551f461a2b693175059972bc5784b8675"}
,"C:\\Users\\salma\\OneDrive\\Bureau\\integrationFinalePi\\UniMindCare-PI\\backend\\Models\\Note.js": {"path":"C:\\Users\\salma\\OneDrive\\Bureau\\integrationFinalePi\\UniMindCare-PI\\backend\\Models\\Note.js","statementMap":{"0":{"start":{"line":1,"column":17},"end":{"line":1,"column":36}},"1":{"start":{"line":3,"column":19},"end":{"line":67,"column":1}},"2":{"start":{"line":69,"column":0},"end":{"line":69,"column":59}}},"fnMap":{},"branchMap":{},"s":{"0":1,"1":1,"2":1},"f":{},"b":{},"_coverageSchema":"1a1c01bbd47fc00a2c39e90264f33305004495a9","hash":"428d000150acfd7bd720c572e2b5c68c28db2aa5"}
,"C:\\Users\\salma\\OneDrive\\Bureau\\integrationFinalePi\\UniMindCare-PI\\backend\\Models\\Notification.js": {"path":"C:\\Users\\salma\\OneDrive\\Bureau\\integrationFinalePi\\UniMindCare-PI\\backend\\Models\\Notification.js","statementMap":{"0":{"start":{"line":2,"column":17},"end":{"line":2,"column":36}},"1":{"start":{"line":4,"column":27},"end":{"line":84,"column":2}},"2":{"start":{"line":37,"column":6},"end":{"line":37,"column":93}},"3":{"start":{"line":55,"column":6},"end":{"line":61,"column":28}},"4":{"start":{"line":67,"column":6},"end":{"line":73,"column":28}},"5":{"start":{"line":87,"column":0},"end":{"line":115,"column":3}},"6":{"start":{"line":88,"column":22},"end":{"line":88,"column":81}},"7":{"start":{"line":89,"column":27},"end":{"line":95,"column":3}},"8":{"start":{"line":97,"column":2},"end":{"line":113,"column":3}},"9":{"start":{"line":98,"column":4},"end":{"line":100,"column":5}},"10":{"start":{"line":99,"column":6},"end":{"line":99,"column":91}},"11":{"start":{"line":102,"column":4},"end":{"line":102,"column":33}},"12":{"start":{"line":103,"column":4},"end":{"line":103,"column":29}},"13":{"start":{"line":104,"column":9},"end":{"line":113,"column":3}},"14":{"start":{"line":105,"column":4},"end":{"line":107,"column":5}},"15":{"start":{"line":106,"column":6},"end":{"line":106,"column":120}},"16":{"start":{"line":109,"column":4},"end":{"line":109,"column":26}},"17":{"start":{"line":110,"column":4},"end":{"line":110,"column":29}},"18":{"start":{"line":111,"column":4},"end":{"line":111,"column":33}},"19":{"start":{"line":112,"column":4},"end":{"line":112,"column":37}},"20":{"start":{"line":114,"column":2},"end":{"line":114,"column":9}},"21":{"start":{"line":117,"column":0},"end":{"line":117,"column":68}}},"fnMap":{"0":{"name":"(anonymous_0)","decl":{"start":{"line":36,"column":14},"end":{"line":36,"column":15}},"loc":{"start":{"line":36,"column":26},"end":{"line":38,"column":5}},"line":36},"1":{"name":"(anonymous_1)","decl":{"start":{"line":54,"column":14},"end":{"line":54,"column":15}},"loc":{"start":{"line":54,"column":26},"end":{"line":62,"column":5}},"line":54},"2":{"name":"(anonymous_2)","decl":{"start":{"line":66,"column":14},"end":{"line":66,"column":15}},"loc":{"start":{"line":66,"column":26},"end":{"line":74,"column":5}},"line":66},"3":{"name":"(anonymous_3)","decl":{"start":{"line":87,"column":35},"end":{"line":87,"column":36}},"loc":{"start":{"line":87,"column":51},"end":{"line":115,"column":1}},"line":87}},"branchMap":{"0":{"loc":{"start":{"line":97,"column":2},"end":{"line":113,"column":3}},"type":"if","locations":[{"start":{"line":97,"column":2},"end":{"line":113,"column":3}},{"start":{"line":104,"column":9},"end":{"line":113,"column":3}}],"line":97},"1":{"loc":{"start":{"line":98,"column":4},"end":{"line":100,"column":5}},"type":"if","locations":[{"start":{"line":98,"column":4},"end":{"line":100,"column":5}},{"start":{},"end":{}}],"line":98},"2":{"loc":{"start":{"line":104,"column":9},"end":{"line":113,"column":3}},"type":"if","locations":[{"start":{"line":104,"column":9},"end":{"line":113,"column":3}},{"start":{},"end":{}}],"line":104},"3":{"loc":{"start":{"line":105,"column":4},"end":{"line":107,"column":5}},"type":"if","locations":[{"start":{"line":105,"column":4},"end":{"line":107,"column":5}},{"start":{},"end":{}}],"line":105},"4":{"loc":{"start":{"line":105,"column":8},"end":{"line":105,"column":42}},"type":"binary-expr","locations":[{"start":{"line":105,"column":8},"end":{"line":105,"column":25}},{"start":{"line":105,"column":29},"end":{"line":105,"column":42}}],"line":105}},"s":{"0":1,"1":1,"2":0,"3":0,"4":0,"5":1,"6":0,"7":0,"8":0,"9":0,"10":0,"11":0,"12":0,"13":0,"14":0,"15":0,"16":0,"17":0,"18":0,"19":0,"20":0,"21":1},"f":{"0":0,"1":0,"2":0,"3":0},"b":{"0":[0,0],"1":[0,0],"2":[0,0],"3":[0,0],"4":[0,0]},"_coverageSchema":"1a1c01bbd47fc00a2c39e90264f33305004495a9","hash":"590fee4055b9da71187b5572246062fcf7f78f0d"}
,"C:\\Users\\salma\\OneDrive\\Bureau\\integrationFinalePi\\UniMindCare-PI\\backend\\Models\\Points.js": {"path":"C:\\Users\\salma\\OneDrive\\Bureau\\integrationFinalePi\\UniMindCare-PI\\backend\\Models\\Points.js","statementMap":{"0":{"start":{"line":1,"column":17},"end":{"line":1,"column":36}},"1":{"start":{"line":3,"column":21},"end":{"line":23,"column":2}},"2":{"start":{"line":25,"column":15},"end":{"line":25,"column":53}},"3":{"start":{"line":26,"column":0},"end":{"line":26,"column":24}}},"fnMap":{},"branchMap":{},"s":{"0":1,"1":1,"2":1,"3":1},"f":{},"b":{},"_coverageSchema":"1a1c01bbd47fc00a2c39e90264f33305004495a9","hash":"6eda7adefa8fee9471713cd312c407ed48d6bc16"}
,"C:\\Users\\salma\\OneDrive\\Bureau\\integrationFinalePi\\UniMindCare-PI\\backend\\Models\\Post.js": {"path":"C:\\Users\\salma\\OneDrive\\Bureau\\integrationFinalePi\\UniMindCare-PI\\backend\\Models\\Post.js","statementMap":{"0":{"start":{"line":2,"column":17},"end":{"line":2,"column":36}},"1":{"start":{"line":4,"column":22},"end":{"line":15,"column":2}},"2":{"start":{"line":17,"column":19},"end":{"line":34,"column":2}},"3":{"start":{"line":36,"column":0},"end":{"line":36,"column":52}}},"fnMap":{},"branchMap":{},"s":{"0":1,"1":1,"2":1,"3":1},"f":{},"b":{},"_coverageSchema":"1a1c01bbd47fc00a2c39e90264f33305004495a9","hash":"2cb66a9301b090ae706af9a3da46716819a1d2a6"}
,"C:\\Users\\salma\\OneDrive\\Bureau\\integrationFinalePi\\UniMindCare-PI\\backend\\Models\\Response.js": {"path":"C:\\Users\\salma\\OneDrive\\Bureau\\integrationFinalePi\\UniMindCare-PI\\backend\\Models\\Response.js","statementMap":{"0":{"start":{"line":1,"column":17},"end":{"line":1,"column":36}},"1":{"start":{"line":3,"column":23},"end":{"line":20,"column":2}},"2":{"start":{"line":22,"column":17},"end":{"line":22,"column":59}},"3":{"start":{"line":23,"column":0},"end":{"line":23,"column":30}}},"fnMap":{},"branchMap":{},"s":{"0":1,"1":1,"2":1,"3":1},"f":{},"b":{},"_coverageSchema":"1a1c01bbd47fc00a2c39e90264f33305004495a9","hash":"40b32ee7261dac92f531a4e451cf1ba01985605e"}
,"C:\\Users\\salma\\OneDrive\\Bureau\\integrationFinalePi\\UniMindCare-PI\\backend\\Models\\ResultatsStudentsEmotions.js": {"path":"C:\\Users\\salma\\OneDrive\\Bureau\\integrationFinalePi\\UniMindCare-PI\\backend\\Models\\ResultatsStudentsEmotions.js","statementMap":{"0":{"start":{"line":1,"column":17},"end":{"line":1,"column":36}},"1":{"start":{"line":3,"column":37},"end":{"line":17,"column":2}},"2":{"start":{"line":19,"column":0},"end":{"line":19,"column":91}}},"fnMap":{},"branchMap":{},"s":{"0":1,"1":1,"2":1},"f":{},"b":{},"_coverageSchema":"1a1c01bbd47fc00a2c39e90264f33305004495a9","hash":"78846ad1caf16a9718e3eae1c866f120a3242b1a"}
,"C:\\Users\\salma\\OneDrive\\Bureau\\integrationFinalePi\\UniMindCare-PI\\backend\\Models\\User.js": {"path":"C:\\Users\\salma\\OneDrive\\Bureau\\integrationFinalePi\\UniMindCare-PI\\backend\\Models\\User.js","statementMap":{"0":{"start":{"line":1,"column":17},"end":{"line":1,"column":36}},"1":{"start":{"line":3,"column":19},"end":{"line":15,"column":24}},"2":{"start":{"line":18,"column":0},"end":{"line":18,"column":76}}},"fnMap":{},"branchMap":{"0":{"loc":{"start":{"line":18,"column":17},"end":{"line":18,"column":75}},"type":"binary-expr","locations":[{"start":{"line":18,"column":17},"end":{"line":18,"column":37}},{"start":{"line":18,"column":41},"end":{"line":18,"column":75}}],"line":18}},"s":{"0":1,"1":1,"2":1},"f":{},"b":{"0":[1,0]},"_coverageSchema":"1a1c01bbd47fc00a2c39e90264f33305004495a9","hash":"b6a60cab52f2ea3a49c293025b01b22ef3ac14ca"}
,"C:\\Users\\salma\\OneDrive\\Bureau\\integrationFinalePi\\UniMindCare-PI\\backend\\Models\\UserVerification.js": {"path":"C:\\Users\\salma\\OneDrive\\Bureau\\integrationFinalePi\\UniMindCare-PI\\backend\\Models\\UserVerification.js","statementMap":{"0":{"start":{"line":1,"column":17},"end":{"line":1,"column":36}},"1":{"start":{"line":3,"column":31},"end":{"line":7,"column":2}},"2":{"start":{"line":9,"column":0},"end":{"line":9,"column":76}}},"fnMap":{},"branchMap":{},"s":{"0":1,"1":1,"2":1},"f":{},"b":{},"_coverageSchema":"1a1c01bbd47fc00a2c39e90264f33305004495a9","hash":"5cc656a90b091f334e7b68b231c3fa1f0d6edf48"}
,"C:\\Users\\salma\\OneDrive\\Bureau\\integrationFinalePi\\UniMindCare-PI\\backend\\Models\\Users.js": {"path":"C:\\Users\\salma\\OneDrive\\Bureau\\integrationFinalePi\\UniMindCare-PI\\backend\\Models\\Users.js","statementMap":{"0":{"start":{"line":1,"column":17},"end":{"line":1,"column":36}},"1":{"start":{"line":3,"column":19},"end":{"line":53,"column":2}},"2":{"start":{"line":12,"column":8},"end":{"line":12,"column":58}},"3":{"start":{"line":20,"column":6},"end":{"line":20,"column":28}},"4":{"start":{"line":56,"column":0},"end":{"line":66,"column":2}},"5":{"start":{"line":57,"column":2},"end":{"line":57,"column":39}},"6":{"start":{"line":58,"column":2},"end":{"line":58,"column":45}},"7":{"start":{"line":61,"column":2},"end":{"line":63,"column":3}},"8":{"start":{"line":62,"column":4},"end":{"line":62,"column":25}},"9":{"start":{"line":65,"column":2},"end":{"line":65,"column":21}},"10":{"start":{"line":68,"column":0},"end":{"line":68,"column":76}}},"fnMap":{"0":{"name":"(anonymous_0)","decl":{"start":{"line":11,"column":17},"end":{"line":11,"column":18}},"loc":{"start":{"line":11,"column":33},"end":{"line":13,"column":7}},"line":11},"1":{"name":"(anonymous_1)","decl":{"start":{"line":19,"column":14},"end":{"line":19,"column":15}},"loc":{"start":{"line":19,"column":25},"end":{"line":21,"column":5}},"line":19},"2":{"name":"(anonymous_2)","decl":{"start":{"line":56,"column":52},"end":{"line":56,"column":53}},"loc":{"start":{"line":56,"column":69},"end":{"line":66,"column":1}},"line":56}},"branchMap":{"0":{"loc":{"start":{"line":61,"column":2},"end":{"line":63,"column":3}},"type":"if","locations":[{"start":{"line":61,"column":2},"end":{"line":63,"column":3}},{"start":{},"end":{}}],"line":61},"1":{"loc":{"start":{"line":68,"column":17},"end":{"line":68,"column":75}},"type":"binary-expr","locations":[{"start":{"line":68,"column":17},"end":{"line":68,"column":37}},{"start":{"line":68,"column":41},"end":{"line":68,"column":75}}],"line":68}},"s":{"0":4,"1":4,"2":0,"3":0,"4":4,"5":0,"6":0,"7":0,"8":0,"9":0,"10":4},"f":{"0":0,"1":0,"2":0},"b":{"0":[0,0],"1":[4,4]},"_coverageSchema":"1a1c01bbd47fc00a2c39e90264f33305004495a9","hash":"458c748cbaf997865179d6d16f27d86b7ef2992b"}
,"C:\\Users\\salma\\OneDrive\\Bureau\\integrationFinalePi\\UniMindCare-PI\\backend\\Models\\crisis.js": {"path":"C:\\Users\\salma\\OneDrive\\Bureau\\integrationFinalePi\\UniMindCare-PI\\backend\\Models\\crisis.js","statementMap":{"0":{"start":{"line":1,"column":17},"end":{"line":1,"column":36}},"1":{"start":{"line":3,"column":21},"end":{"line":27,"column":2}},"2":{"start":{"line":29,"column":0},"end":{"line":29,"column":56}}},"fnMap":{},"branchMap":{},"s":{"0":2,"1":2,"2":2},"f":{},"b":{},"_coverageSchema":"1a1c01bbd47fc00a2c39e90264f33305004495a9","hash":"f59897997f26165461291ab471791cd23b160324"}
,"C:\\Users\\salma\\OneDrive\\Bureau\\integrationFinalePi\\UniMindCare-PI\\backend\\Models\\evaluations.js": {"path":"C:\\Users\\salma\\OneDrive\\Bureau\\integrationFinalePi\\UniMindCare-PI\\backend\\Models\\evaluations.js","statementMap":{"0":{"start":{"line":1,"column":17},"end":{"line":1,"column":36}},"1":{"start":{"line":3,"column":25},"end":{"line":49,"column":24}},"2":{"start":{"line":51,"column":0},"end":{"line":51,"column":64}}},"fnMap":{},"branchMap":{},"s":{"0":1,"1":1,"2":1},"f":{},"b":{},"_coverageSchema":"1a1c01bbd47fc00a2c39e90264f33305004495a9","hash":"7b6218a7a1ee751874d9b6b79a1de0701eff99aa"}
,"C:\\Users\\salma\\OneDrive\\Bureau\\integrationFinalePi\\UniMindCare-PI\\backend\\Models\\message.js": {"path":"C:\\Users\\salma\\OneDrive\\Bureau\\integrationFinalePi\\UniMindCare-PI\\backend\\Models\\message.js","statementMap":{"0":{"start":{"line":1,"column":17},"end":{"line":1,"column":36}},"1":{"start":{"line":3,"column":22},"end":{"line":11,"column":2}},"2":{"start":{"line":13,"column":0},"end":{"line":13,"column":58}}},"fnMap":{},"branchMap":{},"s":{"0":1,"1":1,"2":1},"f":{},"b":{},"_coverageSchema":"1a1c01bbd47fc00a2c39e90264f33305004495a9","hash":"64067f25d63571a25b9d467762b14d5910c5b753"}
,"C:\\Users\\salma\\OneDrive\\Bureau\\integrationFinalePi\\UniMindCare-PI\\backend\\Models\\noteTemplateSchema.js": {"path":"C:\\Users\\salma\\OneDrive\\Bureau\\integrationFinalePi\\UniMindCare-PI\\backend\\Models\\noteTemplateSchema.js","statementMap":{"0":{"start":{"line":1,"column":17},"end":{"line":1,"column":36}},"1":{"start":{"line":3,"column":27},"end":{"line":67,"column":1}},"2":{"start":{"line":69,"column":0},"end":{"line":69,"column":68}}},"fnMap":{},"branchMap":{},"s":{"0":1,"1":1,"2":1},"f":{},"b":{},"_coverageSchema":"1a1c01bbd47fc00a2c39e90264f33305004495a9","hash":"9058ad0445af6999ddf261129774a10505175b4d"}
[...]
anonymous_2)","decl":{"start":{"line":99,"column":33},"end":{"line":99,"column":34}},"loc":{"start":{"line":99,"column":60},"end":{"line":263,"column":1}},"line":99},"3":{"name":"(anonymous_3)","decl":{"start":{"line":268,"column":34},"end":{"line":268,"column":35}},"loc":{"start":{"line":268,"column":61},"end":{"line":281,"column":1}},"line":268},"4":{"name":"(anonymous_4)","decl":{"start":{"line":286,"column":25},"end":{"line":286,"column":26}},"loc":{"start":{"line":286,"column":54},"end":{"line":305,"column":1}},"line":286},"5":{"name":"(anonymous_5)","decl":{"start":{"line":310,"column":26},"end":{"line":310,"column":27}},"loc":{"start":{"line":310,"column":43},"end":{"line":336,"column":1}},"line":310},"6":{"name":"(anonymous_6)","decl":{"start":{"line":341,"column":23},"end":{"line":341,"column":24}},"loc":{"start":{"line":341,"column":52},"end":{"line":370,"column":1}},"line":341},"7":{"name":"(anonymous_7)","decl":{"start":{"line":375,"column":43},"end":{"line":375,"column":44}},"loc":{"start":{"line":375,"column":55},"end":{"line":426,"column":1}},"line":375}},"branchMap":{"0":{"loc":{"start":{"line":19,"column":10},"end":{"line":19,"column":59}},"type":"binary-expr","locations":[{"start":{"line":19,"column":10},"end":{"line":19,"column":32}},{"start":{"line":19,"column":36},"end":{"line":19,"column":59}}],"line":19},"1":{"loc":{"start":{"line":20,"column":10},"end":{"line":20,"column":56}},"type":"binary-expr","locations":[{"start":{"line":20,"column":10},"end":{"line":20,"column":32}},{"start":{"line":20,"column":36},"end":{"line":20,"column":56}}],"line":20},"2":{"loc":{"start":{"line":38,"column":26},"end":{"line":38,"column":67}},"type":"cond-expr","locations":[{"start":{"line":38,"column":45},"end":{"line":38,"column":52}},{"start":{"line":38,"column":55},"end":{"line":38,"column":67}}],"line":38},"3":{"loc":{"start":{"line":47,"column":2},"end":{"line":50,"column":3}},"type":"if","locations":[{"start":{"line":47,"column":2},"end":{"line":50,"column":3}},{"start":{},"end":{}}],"line":47},"4":{"loc":{"start":{"line":74,"column":2},"end":{"line":77,"column":3}},"type":"if","locations":[{"start":{"line":74,"column":2},"end":{"line":77,"column":3}},{"start":{},"end":{}}],"line":74},"5":{"loc":{"start":{"line":74,"column":6},"end":{"line":74,"column":35}},"type":"binary-expr","locations":[{"start":{"line":74,"column":6},"end":{"line":74,"column":13}},{"start":{"line":74,"column":17},"end":{"line":74,"column":35}}],"line":74},"6":{"loc":{"start":{"line":105,"column":2},"end":{"line":107,"column":50}},"type":"if","locations":[{"start":{"line":105,"column":2},"end":{"line":107,"column":50}},{"start":{"line":106,"column":7},"end":{"line":107,"column":50}}],"line":105},"7":{"loc":{"start":{"line":106,"column":7},"end":{"line":107,"column":50}},"type":"if","locations":[{"start":{"line":106,"column":7},"end":{"line":107,"column":50}},{"start":{"line":107,"column":7},"end":{"line":107,"column":50}}],"line":106},"8":{"loc":{"start":{"line":107,"column":7},"end":{"line":107,"column":50}},"type":"if","locations":[{"start":{"line":107,"column":7},"end":{"line":107,"column":50}},{"start":{},"end":{}}],"line":107},"9":{"loc":{"start":{"line":200,"column":27},"end":{"line":200,"column":45}},"type":"cond-expr","locations":[{"start":{"line":200,"column":33},"end":{"line":200,"column":39}},{"start":{"line":200,"column":42},"end":{"line":200,"column":45}}],"line":200},"10":{"loc":{"start":{"line":247,"column":16},"end":{"line":249,"column":18}},"type":"cond-expr","locations":[{"start":{"line":248,"column":16},"end":{"line":248,"column":68}},{"start":{"line":249,"column":16},"end":{"line":249,"column":18}}],"line":247},"11":{"loc":{"start":{"line":247,"column":16},"end":{"line":247,"column":40}},"type":"binary-expr","locations":[{"start":{"line":247,"column":16},"end":{"line":247,"column":19}},{"start":{"line":247,"column":23},"end":{"line":247,"column":40}}],"line":247},"12":{"loc":{"start":{"line":277,"column":44},"end":{"line":277,"column":81}},"type":"cond-expr","locations":[{"start":{"line":277,"column":71},"end":{"line":277,"column":76}},{"start":{"line":277,"column":79},"end":{"line":277,"column":81}}],"line":277},"13":{"loc":{"start":{"line":288,"column":4},"end":{"line":288,"column":73}},"type":"if","locations":[{"start":{"line":288,"column":4},"end":{"line":288,"column":73}},{"start":{},"end":{}}],"line":288},"14":{"loc":{"start":{"line":315,"column":2},"end":{"line":317,"column":3}},"type":"if","locations":[{"start":{"line":315,"column":2},"end":{"line":317,"column":3}},{"start":{},"end":{}}],"line":315},"15":{"loc":{"start":{"line":320,"column":2},"end":{"line":322,"column":3}},"type":"if","locations":[{"start":{"line":320,"column":2},"end":{"line":322,"column":3}},{"start":{},"end":{}}],"line":320},"16":{"loc":{"start":{"line":320,"column":6},"end":{"line":320,"column":53}},"type":"binary-expr","locations":[{"start":{"line":320,"column":6},"end":{"line":320,"column":26}},{"start":{"line":320,"column":30},"end":{"line":320,"column":53}}],"line":320},"17":{"loc":{"start":{"line":325,"column":2},"end":{"line":327,"column":3}},"type":"if","locations":[{"start":{"line":325,"column":2},"end":{"line":327,"column":3}},{"start":{},"end":{}}],"line":325},"18":{"loc":{"start":{"line":325,"column":6},"end":{"line":325,"column":51}},"type":"binary-expr","locations":[{"start":{"line":325,"column":6},"end":{"line":325,"column":29}},{"start":{"line":325,"column":33},"end":{"line":325,"column":51}}],"line":325},"19":{"loc":{"start":{"line":330,"column":2},"end":{"line":332,"column":3}},"type":"if","locations":[{"start":{"line":330,"column":2},"end":{"line":332,"column":3}},{"start":{},"end":{}}],"line":330},"20":{"loc":{"start":{"line":343,"column":4},"end":{"line":343,"column":93}},"type":"if","locations":[{"start":{"line":343,"column":4},"end":{"line":343,"column":93}},{"start":{},"end":{}}],"line":343},"21":{"loc":{"start":{"line":349,"column":4},"end":{"line":354,"column":5}},"type":"if","locations":[{"start":{"line":349,"column":4},"end":{"line":354,"column":5}},{"start":{},"end":{}}],"line":349},"22":{"loc":{"start":{"line":381,"column":4},"end":{"line":389,"column":5}},"type":"if","locations":[{"start":{"line":381,"column":4},"end":{"line":389,"column":5}},{"start":{},"end":{}}],"line":381},"23":{"loc":{"start":{"line":403,"column":6},"end":{"line":407,"column":7}},"type":"if","locations":[{"start":{"line":403,"column":6},"end":{"line":407,"column":7}},{"start":{},"end":{}}],"line":403},"24":{"loc":{"start":{"line":405,"column":8},"end":{"line":406,"column":27}},"type":"if","locations":[{"start":{"line":405,"column":8},"end":{"line":406,"column":27}},{"start":{"line":406,"column":13},"end":{"line":406,"column":27}}],"line":405},"25":{"loc":{"start":{"line":410,"column":6},"end":{"line":414,"column":7}},"type":"if","locations":[{"start":{"line":410,"column":6},"end":{"line":414,"column":7}},{"start":{},"end":{}}],"line":410},"26":{"loc":{"start":{"line":412,"column":8},"end":{"line":413,"column":25}},"type":"if","locations":[{"start":{"line":412,"column":8},"end":{"line":413,"column":25}},{"start":{"line":413,"column":13},"end":{"line":413,"column":25}}],"line":412}},"s":{"0":2,"1":2,"2":2,"3":2,"4":2,"5":2,"6":2,"7":2,"8":2,"9":2,"10":0,"11":0,"12":0,"13":0,"14":0,"15":0,"16":0,"17":0,"18":0,"19":0,"20":0,"21":0,"22":0,"23":0,"24":0,"25":0,"26":2,"27":0,"28":2,"29":0,"30":0,"31":0,"32":0,"33":0,"34":0,"35":0,"36":0,"37":0,"38":0,"39":2,"40":0,"41":0,"42":0,"43":2,"44":0,"45":0,"46":0,"47":0,"48":0,"49":0,"50":0,"51":0,"52":0,"53":2,"54":0,"55":0,"56":0,"57":0,"58":0,"59":0,"60":0,"61":0,"62":0,"63":0,"64":2,"65":0,"66":0,"67":0,"68":0,"69":0,"70":0,"71":0,"72":0,"73":0,"74":0,"75":0,"76":0,"77":2,"78":0,"79":0,"80":0,"81":0,"82":0,"83":0,"84":0,"85":0,"86":0,"87":0,"88":0,"89":0,"90":0,"91":0,"92":0,"93":0,"94":0,"95":0,"96":0,"97":0,"98":0,"99":0,"100":0,"101":0,"102":0,"103":2},"f":{"0":0,"1":0,"2":0,"3":0,"4":0,"5":0,"6":0,"7":0},"b":{"0":[2,0],"1":[2,0],"2":[0,0],"3":[0,0],"4":[0,0],"5":[0,0],"6":[0,0],"7":[0,0],"8":[0,0],"9":[0,0],"10":[0,0],"11":[0,0],"12":[0,0],"13":[0,0],"14":[0,0],"15":[0,0],"16":[0,0],"17":[0,0],"18":[0,0],"19":[0,0],"20":[0,0],"21":[0,0],"22":[0,0],"23":[0,0],"24":[0,0],"25":[0,0],"26":[0,0]},"_coverageSchema":"1a1c01bbd47fc00a2c39e90264f33305004495a9","hash":"5b08ba6ea46da51e32f68a6c23bdacfcb5244251"}
,"C:\\Users\\salma\\OneDrive\\Bureau\\integrationFinalePi\\UniMindCare-PI\\backend\\utils\\badgeUtils.js": {"path":"C:\\Users\\salma\\OneDrive\\Bureau\\integrationFinalePi\\UniMindCare-PI\\backend\\utils\\badgeUtils.js","statementMap":{"0":{"start":{"line":1,"column":13},"end":{"line":1,"column":39}},"1":{"start":{"line":2,"column":13},"end":{"line":2,"column":38}},"2":{"start":{"line":5,"column":15},"end":{"line":10,"column":1}},"3":{"start":{"line":6,"column":87},"end":{"line":6,"column":106}},"4":{"start":{"line":7,"column":81},"end":{"line":7,"column":97}},"5":{"start":{"line":8,"column":87},"end":{"line":8,"column":103}},"6":{"start":{"line":9,"column":88},"end":{"line":9,"column":111}},"7":{"start":{"line":12,"column":28},"end":{"line":73,"column":1}},"8":{"start":{"line":13,"column":2},"end":{"line":72,"column":3}},"9":{"start":{"line":14,"column":17},"end":{"line":14,"column":44}},"10":{"start":{"line":15,"column":4},"end":{"line":15,"column":47}},"11":{"start":{"line":15,"column":15},"end":{"line":15,"column":47}},"12":{"start":{"line":18,"column":18},"end":{"line":35,"column":5}},"13":{"start":{"line":23,"column":24},"end":{"line":23,"column":48}},"14":{"start":{"line":34,"column":24},"end":{"line":34,"column":52}},"15":{"start":{"line":37,"column":19},"end":{"line":37,"column":23}},"16":{"start":{"line":40,"column":31},"end":{"line":40,"column":35}},"17":{"start":{"line":41,"column":4},"end":{"line":47,"column":5}},"18":{"start":{"line":42,"column":6},"end":{"line":46,"column":7}},"19":{"start":{"line":43,"column":8},"end":{"line":45,"column":9}},"20":{"start":{"line":44,"column":10},"end":{"line":44,"column":39}},"21":{"start":{"line":50,"column":4},"end":{"line":65,"column":5}},"22":{"start":{"line":51,"column":27},"end":{"line":51,"column":73}},"23":{"start":{"line":52,"column":35},"end":{"line":54,"column":11}},"24":{"start":{"line":53,"column":27},"end":{"line":53,"column":55}},"25":{"start":{"line":56,"column":6},"end":{"line":64,"column":7}},"26":{"start":{"line":58,"column":8},"end":{"line":62,"column":11}},"27":{"start":{"line":63,"column":8},"end":{"line":63,"column":40}},"28":{"start":{"line":67,"column":4},"end":{"line":67,"column":22}},"29":{"start":{"line":68,"column":4},"end":{"line":68,"column":30}},"30":{"start":{"line":70,"column":4},"end":{"line":70,"column":70}},"31":{"start":{"line":71,"column":4},"end":{"line":71,"column":42}},"32":{"start":{"line":75,"column":0},"end":{"line":75,"column":41}}},"fnMap":{"0":{"name":"(anonymous_0)","decl":{"start":{"line":6,"column":76},"end":{"line":6,"column":77}},"loc":{"start":{"line":6,"column":87},"end":{"line":6,"column":106}},"line":6},"1":{"name":"(anonymous_1)","decl":{"start":{"line":7,"column":70},"end":{"line":7,"column":71}},"loc":{"start":{"line":7,"column":81},"end":{"line":7,"column":97}},"line":7},"2":{"name":"(anonymous_2)","decl":{"start":{"line":8,"column":76},"end":{"line":8,"column":77}},"loc":{"start":{"line":8,"column":87},"end":{"line":8,"column":103}},"line":8},"3":{"name":"(anonymous_3)","decl":{"start":{"line":9,"column":77},"end":{"line":9,"column":78}},"loc":{"start":{"line":9,"column":88},"end":{"line":9,"column":111}},"line":9},"4":{"name":"(anonymous_4)","decl":{"start":{"line":12,"column":28},"end":{"line":12,"column":29}},"loc":{"start":{"line":12,"column":46},"end":{"line":73,"column":1}},"line":12},"5":{"name":"(anonymous_5)","decl":{"start":{"line":23,"column":14},"end":{"line":23,"column":15}},"loc":{"start":{"line":23,"column":24},"end":{"line":23,"column":48}},"line":23},"6":{"name":"(anonymous_6)","decl":{"start":{"line":34,"column":14},"end":{"line":34,"column":15}},"loc":{"start":{"line":34,"column":24},"end":{"line":34,"column":52}},"line":34},"7":{"name":"(anonymous_7)","decl":{"start":{"line":53,"column":22},"end":{"line":53,"column":23}},"loc":{"start":{"line":53,"column":27},"end":{"line":53,"column":55}},"line":53}},"branchMap":{"0":{"loc":{"start":{"line":15,"column":4},"end":{"line":15,"column":47}},"type":"if","locations":[{"start":{"line":15,"column":4},"end":{"line":15,"column":47}},{"start":{},"end":{}}],"line":15},"1":{"loc":{"start":{"line":23,"column":24},"end":{"line":23,"column":48}},"type":"binary-expr","locations":[{"start":{"line":23,"column":24},"end":{"line":23,"column":43}},{"start":{"line":23,"column":47},"end":{"line":23,"column":48}}],"line":23},"2":{"loc":{"start":{"line":34,"column":24},"end":{"line":34,"column":52}},"type":"binary-expr","locations":[{"start":{"line":34,"column":24},"end":{"line":34,"column":47}},{"start":{"line":34,"column":51},"end":{"line":34,"column":52}}],"line":34},"3":{"loc":{"start":{"line":42,"column":6},"end":{"line":46,"column":7}},"type":"if","locations":[{"start":{"line":42,"column":6},"end":{"line":46,"column":7}},{"start":{},"end":{}}],"line":42},"4":{"loc":{"start":{"line":43,"column":8},"end":{"line":45,"column":9}},"type":"if","locations":[{"start":{"line":43,"column":8},"end":{"line":45,"column":9}},{"start":{},"end":{}}],"line":43},"5":{"loc":{"start":{"line":43,"column":12},"end":{"line":43,"column":83}},"type":"binary-expr","locations":[{"start":{"line":43,"column":12},"end":{"line":43,"column":33}},{"start":{"line":43,"column":37},"end":{"line":43,"column":83}}],"line":43},"6":{"loc":{"start":{"line":50,"column":4},"end":{"line":65,"column":5}},"type":"if","locations":[{"start":{"line":50,"column":4},"end":{"line":65,"column":5}},{"start":{},"end":{}}],"line":50},"7":{"loc":{"start":{"line":51,"column":27},"end":{"line":51,"column":73}},"type":"cond-expr","locations":[{"start":{"line":51,"column":52},"end":{"line":51,"column":66}},{"start":{"line":51,"column":69},"end":{"line":51,"column":73}}],"line":51},"8":{"loc":{"start":{"line":52,"column":35},"end":{"line":54,"column":11}},"type":"cond-expr","locations":[{"start":{"line":53,"column":10},"end":{"line":53,"column":71}},{"start":{"line":54,"column":10},"end":{"line":54,"column":11}}],"line":52},"9":{"loc":{"start":{"line":53,"column":10},"end":{"line":53,"column":71}},"type":"binary-expr","locations":[{"start":{"line":53,"column":10},"end":{"line":53,"column":66}},{"start":{"line":53,"column":70},"end":{"line":53,"column":71}}],"line":53},"10":{"loc":{"start":{"line":56,"column":6},"end":{"line":64,"column":7}},"type":"if","locations":[{"start":{"line":56,"column":6},"end":{"line":64,"column":7}},{"start":{},"end":{}}],"line":56},"11":{"loc":{"start":{"line":56,"column":10},"end":{"line":56,"column":79}},"type":"binary-expr","locations":[{"start":{"line":56,"column":10},"end":{"line":56,"column":23}},{"start":{"line":56,"column":27},"end":{"line":56,"column":79}}],"line":56}},"s":{"0":1,"1":1,"2":1,"3":0,"4":0,"5":0,"6":0,"7":1,"8":0,"9":0,"10":0,"11":0,"12":0,"13":0,"14":0,"15":0,"16":0,"17":0,"18":0,"19":0,"20":0,"21":0,"22":0,"23":0,"24":0,"25":0,"26":0,"27":0,"28":0,"29":0,"30":0,"31":0,"32":1},"f":{"0":0,"1":0,"2":0,"3":0,"4":0,"5":0,"6":0,"7":0},"b":{"0":[0,0],"1":[0,0],"2":[0,0],"3":[0,0],"4":[0,0],"5":[0,0],"6":[0,0],"7":[0,0],"8":[0,0],"9":[0,0],"10":[0,0],"11":[0,0]},"_coverageSchema":"1a1c01bbd47fc00a2c39e90264f33305004495a9","hash":"3d0a25417386ef1414488e2aaca5115352aa06c0"}
,"C:\\Users\\salma\\OneDrive\\Bureau\\integrationFinalePi\\UniMindCare-PI\\backend\\utils\\scheduler.js": {"path":"C:\\Users\\salma\\OneDrive\\Bureau\\integrationFinalePi\\UniMindCare-PI\\backend\\utils\\scheduler.js","statementMap":{"0":{"start":{"line":1,"column":13},"end":{"line":1,"column":33}},"1":{"start":{"line":2,"column":36},"end":{"line":2,"column":74}},"2":{"start":{"line":3,"column":47},"end":{"line":3,"column":96}},"3":{"start":{"line":7,"column":4},"end":{"line":7,"column":54}},"4":{"start":{"line":10,"column":22},"end":{"line":86,"column":1}},"5":{"start":{"line":12,"column":24},"end":{"line":12,"column":38}},"6":{"start":{"line":15,"column":2},"end":{"line":26,"column":5}},"7":{"start":{"line":16,"column":4},"end":{"line":16,"column":88}},"8":{"start":{"line":17,"column":4},"end":{"line":22,"column":5}},"9":{"start":{"line":18,"column":21},"end":{"line":18,"column":52}},"10":{"start":{"line":19,"column":6},"end":{"line":19,"column":108}},"11":{"start":{"line":21,"column":6},"end":{"line":21,"column":82}},"12":{"start":{"line":28,"column":2},"end":{"line":28,"column":115}},"13":{"start":{"line":31,"column":2},"end":{"line":48,"column":5}},"14":{"start":{"line":32,"column":4},"end":{"line":32,"column":121}},"15":{"start":{"line":33,"column":4},"end":{"line":44,"column":5}},"16":{"start":{"line":34,"column":21},"end":{"line":34,"column":63}},"17":{"start":{"line":35,"column":6},"end":{"line":41,"column":7}},"18":{"start":{"line":36,"column":8},"end":{"line":36,"column":75}},"19":{"start":{"line":38,"column":8},"end":{"line":40,"column":48}},"20":{"start":{"line":43,"column":6},"end":{"line":43,"column":80}},"21":{"start":{"line":51,"column":2},"end":{"line":62,"column":5}},"22":{"start":{"line":52,"column":4},"end":{"line":52,"column":86}},"23":{"start":{"line":53,"column":4},"end":{"line":58,"column":5}},"24":{"start":{"line":54,"column":21},"end":{"line":54,"column":61}},"25":{"start":{"line":55,"column":6},"end":{"line":55,"column":109}},"26":{"start":{"line":57,"column":6},"end":{"line":57,"column":82}},"27":{"start":{"line":64,"column":2},"end":{"line":64,"column":113}},"28":{"start":{"line":67,"column":2},"end":{"line":78,"column":5}},"29":{"start":{"line":68,"column":4},"end":{"line":68,"column":90}},"30":{"start":{"line":69,"column":4},"end":{"line":74,"column":5}},"31":{"start":{"line":70,"column":21},"end":{"line":70,"column":55}},"32":{"start":{"line":71,"column":6},"end":{"line":71,"column":113}},"33":{"start":{"line":73,"column":6},"end":{"line":73,"column":86}},"34":{"start":{"line":80,"column":2},"end":{"line":80,"column":116}},"35":{"start":{"line":83,"column":14},"end":{"line":83,"column":24}},"36":{"start":{"line":84,"column":2},"end":{"line":84,"column":100}},"37":{"start":{"line":85,"column":2},"end":{"line":85,"column":73}},"38":{"start":{"line":88,"column":0},"end":{"line":90,"column":2}}},"fnMap":{"0":{"name":"(anonymous_0)","decl":{"start":{"line":10,"column":22},"end":{"line":10,"column":23}},"loc":{"start":{"line":10,"column":28},"end":{"line":86,"column":1}},"line":10},"1":{"name":"(anonymous_1)","decl":{"start":{"line":15,"column":31},"end":{"line":15,"column":32}},"loc":{"start":{"line":15,"column":43},"end":{"line":23,"column":3}},"line":15},"2":{"name":"(anonymous_2)","decl":{"start":{"line":31,"column":31},"end":{"line":31,"column":32}},"loc":{"start":{"line":31,"column":43},"end":{"line":45,"column":3}},"line":31},"3":{"name":"(anonymous_3)","decl":{"start":{"line":51,"column":30},"end":{"line":51,"column":31}},"loc":{"start":{"line":51,"column":42},"end":{"line":59,"column":3}},"line":51},"4":{"name":"(anonymous_4)","decl":{"start":{"line":67,"column":29},"end":{"line":67,"column":30}},"loc":{"start":{"line":67,"column":41},"end":{"line":75,"column":3}},"line":67}},"branchMap":{"0":{"loc":{"start":{"line":35,"column":6},"end":{"line":41,"column":7}},"type":"if","locations":[{"start":{"line":35,"column":6},"end":{"line":41,"column":7}},{"start":{"line":37,"column":13},"end":{"line":41,"column":7}}],"line":35}},"s":{"0":1,"1":1,"2":1,"3":1,"4":1,"5":1,"6":1,"7":0,"8":0,"9":0,"10":0,"11":0,"12":1,"13":1,"14":0,"15":0,"16":0,"17":0,"18":0,"19":0,"20":0,"21":1,"22":0,"23":0,"24":0,"25":0,"26":0,"27":1,"28":1,"29":0,"30":0,"31":0,"32":0,"33":0,"34":1,"35":1,"36":1,"37":1,"38":1},"f":{"0":1,"1":0,"2":0,"3":0,"4":0},"b":{"0":[0,0]},"_coverageSchema":"1a1c01bbd47fc00a2c39e90264f33305004495a9","hash":"c23bf474f3815e16cea4c532225c7a3d119b2cdc"}
}
