{"C:\\Users\\Lenovo\\Desktop\\Pi2025\\VersionPi_All\\UniMindCare-PI\\backend\\routes\\posts.js": {"path":"C:\\Users\\Lenovo\\Desktop\\Pi2025\\VersionPi_All\\UniMindCare-PI\\backend\\routes\\posts.js","statementMap":{"0":{"start":{"line":2,"column":16},"end":{"line":2,"column":34}},"1":{"start":{"line":3,"column":15},"end":{"line":3,"column":31}},"2":{"start":{"line":4,"column":13},"end":{"line":4,"column":38}},"3":{"start":{"line":5,"column":21},"end":{"line":5,"column":54}},"4":{"start":{"line":6,"column":17},"end":{"line":6,"column":52}},"5":{"start":{"line":7,"column":15},"end":{"line":7,"column":32}},"6":{"start":{"line":8,"column":13},"end":{"line":8,"column":28}},"7":{"start":{"line":11,"column":16},"end":{"line":18,"column":2}},"8":{"start":{"line":13,"column":4},"end":{"line":13,"column":25}},"9":{"start":{"line":16,"column":4},"end":{"line":16,"column":59}},"10":{"start":{"line":20,"column":15},"end":{"line":20,"column":43}},"11":{"start":{"line":23,"column":32},"end":{"line":26,"column":1}},"12":{"start":{"line":24,"column":20},"end":{"line":24,"column":52}},"13":{"start":{"line":25,"column":2},"end":{"line":25,"column":31}},"14":{"start":{"line":29,"column":0},"end":{"line":53,"column":2}},"15":{"start":{"line":34,"column":50},"end":{"line":34,"column":58}},"16":{"start":{"line":36,"column":4},"end":{"line":51,"column":5}},"17":{"start":{"line":37,"column":19},"end":{"line":45,"column":8}},"18":{"start":{"line":46,"column":6},"end":{"line":46,"column":24}},"19":{"start":{"line":47,"column":6},"end":{"line":47,"column":33}},"20":{"start":{"line":49,"column":6},"end":{"line":49,"column":58}},"21":{"start":{"line":50,"column":6},"end":{"line":50,"column":58}},"22":{"start":{"line":56,"column":0},"end":{"line":65,"column":3}},"23":{"start":{"line":57,"column":2},"end":{"line":64,"column":3}},"24":{"start":{"line":58,"column":18},"end":{"line":58,"column":62}},"25":{"start":{"line":59,"column":4},"end":{"line":59,"column":51}},"26":{"start":{"line":60,"column":4},"end":{"line":60,"column":32}},"27":{"start":{"line":62,"column":4},"end":{"line":62,"column":60}},"28":{"start":{"line":63,"column":4},"end":{"line":63,"column":56}},"29":{"start":{"line":68,"column":0},"end":{"line":140,"column":3}},"30":{"start":{"line":69,"column":2},"end":{"line":139,"column":3}},"31":{"start":{"line":70,"column":4},"end":{"line":70,"column":54}},"32":{"start":{"line":71,"column":18},"end":{"line":71,"column":35}},"33":{"start":{"line":72,"column":4},"end":{"line":72,"column":50}},"34":{"start":{"line":73,"column":23},"end":{"line":73,"column":35}},"35":{"start":{"line":74,"column":4},"end":{"line":74,"column":44}},"36":{"start":{"line":75,"column":26},"end":{"line":75,"column":92}},"37":{"start":{"line":75,"column":54},"end":{"line":75,"column":88}},"38":{"start":{"line":76,"column":4},"end":{"line":76,"column":50}},"39":{"start":{"line":77,"column":23},"end":{"line":77,"column":86}},"40":{"start":{"line":77,"column":51},"end":{"line":77,"column":82}},"41":{"start":{"line":78,"column":4},"end":{"line":78,"column":44}},"42":{"start":{"line":79,"column":31},"end":{"line":79,"column":99}},"43":{"start":{"line":80,"column":4},"end":{"line":80,"column":70}},"44":{"start":{"line":83,"column":29},"end":{"line":90,"column":9}},"45":{"start":{"line":84,"column":22},"end":{"line":84,"column":39}},"46":{"start":{"line":86,"column":20},"end":{"line":90,"column":7}},"47":{"start":{"line":93,"column":30},"end":{"line":101,"column":18}},"48":{"start":{"line":94,"column":20},"end":{"line":99,"column":7}},"49":{"start":{"line":100,"column":22},"end":{"line":100,"column":49}},"50":{"start":{"line":104,"column":31},"end":{"line":111,"column":9}},"51":{"start":{"line":105,"column":22},"end":{"line":105,"column":75}},"52":{"start":{"line":107,"column":20},"end":{"line":111,"column":7}},"53":{"start":{"line":114,"column":22},"end":{"line":114,"column":24}},"54":{"start":{"line":115,"column":4},"end":{"line":120,"column":7}},"55":{"start":{"line":116,"column":25},"end":{"line":116,"column":81}},"56":{"start":{"line":117,"column":6},"end":{"line":119,"column":9}},"57":{"start":{"line":118,"column":8},"end":{"line":118,"column":83}},"58":{"start":{"line":121,"column":24},"end":{"line":124,"column":56}},"59":{"start":{"line":122,"column":22},"end":{"line":122,"column":33}},"60":{"start":{"line":124,"column":35},"end":{"line":124,"column":54}},"61":{"start":{"line":126,"column":4},"end":{"line":135,"column":7}},"62":{"start":{"line":137,"column":4},"end":{"line":137,"column":70}},"63":{"start":{"line":138,"column":4},"end":{"line":138,"column":78}},"64":{"start":{"line":143,"column":0},"end":{"line":157,"column":3}},"65":{"start":{"line":144,"column":2},"end":{"line":156,"column":3}},"66":{"start":{"line":145,"column":17},"end":{"line":145,"column":64}},"67":{"start":{"line":147,"column":4},"end":{"line":151,"column":5}},"68":{"start":{"line":148,"column":6},"end":{"line":148,"column":82}},"69":{"start":{"line":150,"column":6},"end":{"line":150,"column":59}},"70":{"start":{"line":152,"column":4},"end":{"line":152,"column":32}},"71":{"start":{"line":154,"column":4},"end":{"line":154,"column":69}},"72":{"start":{"line":155,"column":4},"end":{"line":155,"column":56}},"73":{"start":{"line":161,"column":0},"end":{"line":176,"column":3}},"74":{"start":{"line":162,"column":2},"end":{"line":175,"column":3}},"75":{"start":{"line":163,"column":17},"end":{"line":165,"column":34}},"76":{"start":{"line":166,"column":4},"end":{"line":166,"column":83}},"77":{"start":{"line":166,"column":15},"end":{"line":166,"column":83}},"78":{"start":{"line":168,"column":4},"end":{"line":168,"column":20}},"79":{"start":{"line":169,"column":4},"end":{"line":169,"column":22}},"80":{"start":{"line":171,"column":4},"end":{"line":171,"column":31}},"81":{"start":{"line":173,"column":4},"end":{"line":173,"column":60}},"82":{"start":{"line":174,"column":4},"end":{"line":174,"column":56}},"83":{"start":{"line":179,"column":0},"end":{"line":230,"column":3}},"84":{"start":{"line":180,"column":2},"end":{"line":229,"column":3}},"85":{"start":{"line":181,"column":4},"end":{"line":181,"column":105}},"86":{"start":{"line":182,"column":17},"end":{"line":182,"column":51}},"87":{"start":{"line":183,"column":4},"end":{"line":186,"column":5}},"88":{"start":{"line":184,"column":6},"end":{"line":184,"column":45}},"89":{"start":{"line":185,"column":6},"end":{"line":185,"column":74}},"90":{"start":{"line":188,"column":19},"end":{"line":188,"column":31}},"91":{"start":{"line":191,"column":4},"end":{"line":218,"column":5}},"92":{"start":{"line":192,"column":6},"end":{"line":192,"column":82}},"93":{"start":{"line":192,"column":45},"end":{"line":192,"column":80}},"94":{"start":{"line":193,"column":6},"end":{"line":193,"column":58}},"95":{"start":{"line":195,"column":6},"end":{"line":195,"column":30}},"96":{"start":{"line":196,"column":6},"end":{"line":196,"column":58}},"97":{"start":{"line":199,"column":6},"end":{"line":217,"column":7}},"98":{"start":{"line":200,"column":8},"end":{"line":207,"column":11}},"99":{"start":{"line":208,"column":8},"end":{"line":208,"column":34}},"100":{"start":{"line":209,"column":8},"end":{"line":209,"column":72}},"101":{"start":{"line":212,"column":38},"end":{"line":214,"column":36}},"102":{"start":{"line":215,"column":8},"end":{"line":215,"column":90}},"103":{"start":{"line":216,"column":8},"end":{"line":216,"column":84}},"104":{"start":{"line":220,"column":4},"end":{"line":220,"column":22}},"105":{"start":{"line":221,"column":24},"end":{"line":223,"column":34}},"106":{"start":{"line":224,"column":4},"end":{"line":224,"column":49}},"107":{"start":{"line":225,"column":4},"end":{"line":225,"column":38}},"108":{"start":{"line":227,"column":4},"end":{"line":227,"column":49}},"109":{"start":{"line":228,"column":4},"end":{"line":228,"column":56}},"110":{"start":{"line":233,"column":0},"end":{"line":285,"column":3}},"111":{"start":{"line":234,"column":35},"end":{"line":234,"column":43}},"112":{"start":{"line":236,"column":2},"end":{"line":284,"column":3}},"113":{"start":{"line":237,"column":17},"end":{"line":237,"column":51}},"114":{"start":{"line":238,"column":4},"end":{"line":238,"column":83}},"115":{"start":{"line":238,"column":15},"end":{"line":238,"column":83}},"116":{"start":{"line":240,"column":20},"end":{"line":247,"column":5}},"117":{"start":{"line":249,"column":4},"end":{"line":249,"column":32}},"118":{"start":{"line":250,"column":4},"end":{"line":250,"column":22}},"119":{"start":{"line":253,"column":23},"end":{"line":253,"column":62}},"120":{"start":{"line":256,"column":4},"end":{"line":275,"column":5}},"121":{"start":{"line":257,"column":27},"end":{"line":265,"column":8}},"122":{"start":{"line":266,"column":6},"end":{"line":266,"column":32}},"123":{"start":{"line":267,"column":6},"end":{"line":267,"column":68}},"124":{"start":{"line":270,"column":36},"end":{"line":272,"column":34}},"125":{"start":{"line":273,"column":6},"end":{"line":273,"column":88}},"126":{"start":{"line":274,"column":6},"end":{"line":274,"column":82}},"127":{"start":{"line":277,"column":24},"end":{"line":279,"column":42}},"128":{"start":{"line":280,"column":4},"end":{"line":280,"column":38}},"129":{"start":{"line":282,"column":4},"end":{"line":282,"column":67}},"130":{"start":{"line":283,"column":4},"end":{"line":283,"column":56}},"131":{"start":{"line":288,"column":0},"end":{"line":336,"column":3}},"132":{"start":{"line":289,"column":2},"end":{"line":335,"column":3}},"133":{"start":{"line":290,"column":17},"end":{"line":290,"column":55}},"134":{"start":{"line":291,"column":4},"end":{"line":291,"column":83}},"135":{"start":{"line":291,"column":15},"end":{"line":291,"column":83}},"136":{"start":{"line":293,"column":20},"end":{"line":293,"column":58}},"137":{"start":{"line":294,"column":4},"end":{"line":294,"column":85}},"138":{"start":{"line":294,"column":18},"end":{"line":294,"column":85}},"139":{"start":{"line":296,"column":19},"end":{"line":296,"column":31}},"140":{"start":{"line":298,"column":4},"end":{"line":325,"column":5}},"141":{"start":{"line":299,"column":6},"end":{"line":299,"column":88}},"142":{"start":{"line":299,"column":51},"end":{"line":299,"column":86}},"143":{"start":{"line":301,"column":6},"end":{"line":301,"column":33}},"144":{"start":{"line":302,"column":6},"end":{"line":302,"column":94}},"145":{"start":{"line":302,"column":57},"end":{"line":302,"column":92}},"146":{"start":{"line":305,"column":6},"end":{"line":324,"column":7}},"147":{"start":{"line":306,"column":29},"end":{"line":314,"column":10}},"148":{"start":{"line":315,"column":8},"end":{"line":315,"column":34}},"149":{"start":{"line":316,"column":8},"end":{"line":316,"column":75}},"150":{"start":{"line":319,"column":38},"end":{"line":321,"column":36}},"151":{"start":{"line":322,"column":8},"end":{"line":322,"column":93}},"152":{"start":{"line":323,"column":8},"end":{"line":323,"column":87}},"153":{"start":{"line":327,"column":4},"end":{"line":327,"column":22}},"154":{"start":{"line":328,"column":24},"end":{"line":330,"column":42}},"155":{"start":{"line":331,"column":4},"end":{"line":331,"column":38}},"156":{"start":{"line":333,"column":4},"end":{"line":333,"column":49}},"157":{"start":{"line":334,"column":4},"end":{"line":334,"column":56}},"158":{"start":{"line":339,"column":0},"end":{"line":387,"column":3}},"159":{"start":{"line":340,"column":2},"end":{"line":386,"column":3}},"160":{"start":{"line":341,"column":17},"end":{"line":341,"column":55}},"161":{"start":{"line":342,"column":4},"end":{"line":342,"column":83}},"162":{"start":{"line":342,"column":15},"end":{"line":342,"column":83}},"163":{"start":{"line":344,"column":20},"end":{"line":344,"column":58}},"164":{"start":{"line":345,"column":4},"end":{"line":345,"column":85}},"165":{"start":{"line":345,"column":18},"end":{"line":345,"column":85}},"166":{"start":{"line":347,"column":19},"end":{"line":347,"column":31}},"167":{"start":{"line":349,"column":4},"end":{"line":376,"column":5}},"168":{"start":{"line":350,"column":6},"end":{"line":350,"column":94}},"169":{"start":{"line":350,"column":57},"end":{"line":350,"column":92}},"170":{"start":{"line":352,"column":6},"end":{"line":352,"column":36}},"171":{"start":{"line":353,"column":6},"end":{"line":353,"column":88}},"172":{"start":{"line":353,"column":51},"end":{"line":353,"column":86}},"173":{"start":{"line":356,"column":6},"end":{"line":375,"column":7}},"174":{"start":{"line":357,"column":29},"end":{"line":365,"column":10}},"175":{"start":{"line":366,"column":8},"end":{"line":366,"column":34}},"176":{"start":{"line":367,"column":8},"end":{"line":367,"column":78}},"177":{"start":{"line":370,"column":38},"end":{"line":372,"column":36}},"178":{"start":{"line":373,"column":8},"end":{"line":373,"column":93}},"179":{"start":{"line":374,"column":8},"end":{"line":374,"column":87}},"180":{"start":{"line":378,"column":4},"end":{"line":378,"column":22}},"181":{"start":{"line":379,"column":24},"end":{"line":381,"column":42}},"182":{"start":{"line":382,"column":4},"end":{"line":382,"column":38}},"183":{"start":{"line":384,"column":4},"end":{"line":384,"column":52}},"184":{"start":{"line":385,"column":4},"end":{"line":385,"column":56}},"185":{"start":{"line":390,"column":0},"end":{"line":414,"column":3}},"186":{"start":{"line":391,"column":2},"end":{"line":413,"column":3}},"187":{"start":{"line":392,"column":17},"end":{"line":392,"column":55}},"188":{"start":{"line":393,"column":4},"end":{"line":393,"column":83}},"189":{"start":{"line":393,"column":15},"end":{"line":393,"column":83}},"190":{"start":{"line":395,"column":20},"end":{"line":395,"column":58}},"191":{"start":{"line":396,"column":4},"end":{"line":396,"column":85}},"192":{"start":{"line":396,"column":18},"end":{"line":396,"column":85}},"193":{"start":{"line":398,"column":4},"end":{"line":400,"column":5}},"194":{"start":{"line":399,"column":6},"end":{"line":399,"column":102}},"195":{"start":{"line":402,"column":4},"end":{"line":402,"column":91}},"196":{"start":{"line":402,"column":48},"end":{"line":402,"column":89}},"197":{"start":{"line":404,"column":4},"end":{"line":404,"column":22}},"198":{"start":{"line":406,"column":24},"end":{"line":408,"column":34}},"199":{"start":{"line":409,"column":4},"end":{"line":409,"column":38}},"200":{"start":{"line":411,"column":4},"end":{"line":411,"column":74}},"201":{"start":{"line":412,"column":4},"end":{"line":412,"column":56}},"202":{"start":{"line":416,"column":0},"end":{"line":416,"column":24}}},"fnMap":{"0":{"name":"(anonymous_0)","decl":{"start":{"line":12,"column":15},"end":{"line":12,"column":16}},"loc":{"start":{"line":12,"column":34},"end":{"line":14,"column":3}},"line":12},"1":{"name":"(anonymous_1)","decl":{"start":{"line":15,"column":12},"end":{"line":15,"column":13}},"loc":{"start":{"line":15,"column":31},"end":{"line":17,"column":3}},"line":15},"2":{"name":"(anonymous_2)","decl":{"start":{"line":23,"column":32},"end":{"line":23,"column":33}},"loc":{"start":{"line":23,"column":38},"end":{"line":26,"column":1}},"line":23},"3":{"name":"(anonymous_3)","decl":{"start":{"line":33,"column":2},"end":{"line":33,"column":3}},"loc":{"start":{"line":33,"column":22},"end":{"line":52,"column":3}},"line":33},"4":{"name":"(anonymous_4)","decl":{"start":{"line":56,"column":16},"end":{"line":56,"column":17}},"loc":{"start":{"line":56,"column":36},"end":{"line":65,"column":1}},"line":56},"5":{"name":"(anonymous_5)","decl":{"start":{"line":68,"column":21},"end":{"line":68,"column":22}},"loc":{"start":{"line":68,"column":41},"end":{"line":140,"column":1}},"line":68},"6":{"name":"(anonymous_6)","decl":{"start":{"line":75,"column":39},"end":{"line":75,"column":40}},"loc":{"start":{"line":75,"column":54},"end":{"line":75,"column":88}},"line":75},"7":{"name":"(anonymous_7)","decl":{"start":{"line":77,"column":36},"end":{"line":77,"column":37}},"loc":{"start":{"line":77,"column":51},"end":{"line":77,"column":82}},"line":77},"8":{"name":"(anonymous_8)","decl":{"start":{"line":84,"column":12},"end":{"line":84,"column":13}},"loc":{"start":{"line":84,"column":22},"end":{"line":84,"column":39}},"line":84},"9":{"name":"(anonymous_9)","decl":{"start":{"line":86,"column":11},"end":{"line":86,"column":12}},"loc":{"start":{"line":86,"column":20},"end":{"line":90,"column":7}},"line":86},"10":{"name":"(anonymous_10)","decl":{"start":{"line":94,"column":11},"end":{"line":94,"column":12}},"loc":{"start":{"line":94,"column":20},"end":{"line":99,"column":7}},"line":94},"11":{"name":"(anonymous_11)","decl":{"start":{"line":100,"column":12},"end":{"line":100,"column":13}},"loc":{"start":{"line":100,"column":22},"end":{"line":100,"column":49}},"line":100},"12":{"name":"(anonymous_12)","decl":{"start":{"line":105,"column":12},"end":{"line":105,"column":13}},"loc":{"start":{"line":105,"column":22},"end":{"line":105,"column":75}},"line":105},"13":{"name":"(anonymous_13)","decl":{"start":{"line":107,"column":11},"end":{"line":107,"column":12}},"loc":{"start":{"line":107,"column":20},"end":{"line":111,"column":7}},"line":107},"14":{"name":"(anonymous_14)","decl":{"start":{"line":115,"column":18},"end":{"line":115,"column":19}},"loc":{"start":{"line":115,"column":26},"end":{"line":120,"column":5}},"line":115},"15":{"name":"(anonymous_15)","decl":{"start":{"line":117,"column":32},"end":{"line":117,"column":33}},"loc":{"start":{"line":117,"column":39},"end":{"line":119,"column":7}},"line":117},"16":{"name":"(anonymous_16)","decl":{"start":{"line":122,"column":12},"end":{"line":122,"column":13}},"loc":{"start":{"line":122,"column":22},"end":{"line":122,"column":33}},"line":122},"17":{"name":"(anonymous_17)","decl":{"start":{"line":124,"column":11},"end":{"line":124,"column":12}},"loc":{"start":{"line":124,"column":35},"end":{"line":124,"column":54}},"line":124},"18":{"name":"(anonymous_18)","decl":{"start":{"line":143,"column":23},"end":{"line":143,"column":24}},"loc":{"start":{"line":143,"column":43},"end":{"line":157,"column":1}},"line":143},"19":{"name":"(anonymous_19)","decl":{"start":{"line":161,"column":19},"end":{"line":161,"column":20}},"loc":{"start":{"line":161,"column":39},"end":{"line":176,"column":1}},"line":161},"20":{"name":"(anonymous_20)","decl":{"start":{"line":179,"column":75},"end":{"line":179,"column":76}},"loc":{"start":{"line":179,"column":95},"end":{"line":230,"column":1}},"line":179},"21":{"name":"(anonymous_21)","decl":{"start":{"line":192,"column":37},"end":{"line":192,"column":38}},"loc":{"start":{"line":192,"column":45},"end":{"line":192,"column":80}},"line":192},"22":{"name":"(anonymous_22)","decl":{"start":{"line":233,"column":79},"end":{"line":233,"column":80}},"loc":{"start":{"line":233,"column":99},"end":{"line":285,"column":1}},"line":233},"23":{"name":"(anonymous_23)","decl":{"start":{"line":288,"column":99},"end":{"line":288,"column":100}},"loc":{"start":{"line":288,"column":119},"end":{"line":336,"column":1}},"line":288},"24":{"name":"(anonymous_24)","decl":{"start":{"line":299,"column":43},"end":{"line":299,"column":44}},"loc":{"start":{"line":299,"column":51},"end":{"line":299,"column":86}},"line":299},"25":{"name":"(anonymous_25)","decl":{"start":{"line":302,"column":49},"end":{"line":302,"column":50}},"loc":{"start":{"line":302,"column":57},"end":{"line":302,"column":92}},"line":302},"26":{"name":"(anonymous_26)","decl":{"start":{"line":339,"column":102},"end":{"line":339,"column":103}},"loc":{"start":{"line":339,"column":122},"end":{"line":387,"column":1}},"line":339},"27":{"name":"(anonymous_27)","decl":{"start":{"line":350,"column":49},"end":{"line":350,"column":50}},"loc":{"start":{"line":350,"column":57},"end":{"line":350,"column":92}},"line":350},"28":{"name":"(anonymous_28)","decl":{"start":{"line":353,"column":43},"end":{"line":353,"column":44}},"loc":{"start":{"line":353,"column":51},"end":{"line":353,"column":86}},"line":353},"29":{"name":"(anonymous_29)","decl":{"start":{"line":390,"column":96},"end":{"line":390,"column":97}},"loc":{"start":{"line":390,"column":116},"end":{"line":414,"column":1}},"line":390},"30":{"name":"(anonymous_30)","decl":{"start":{"line":402,"column":41},"end":{"line":402,"column":42}},"loc":{"start":{"line":402,"column":48},"end":{"line":402,"column":89}},"line":402}},"branchMap":{"0":{"loc":{"start":{"line":41,"column":21},"end":{"line":41,"column":41}},"type":"binary-expr","locations":[{"start":{"line":41,"column":21},"end":{"line":41,"column":32}},{"start":{"line":41,"column":36},"end":{"line":41,"column":41}}],"line":41},"1":{"loc":{"start":{"line":42,"column":25},"end":{"line":42,"column":71}},"type":"cond-expr","locations":[{"start":{"line":42,"column":39},"end":{"line":42,"column":64}},{"start":{"line":42,"column":67},"end":{"line":42,"column":71}}],"line":42},"2":{"loc":{"start":{"line":43,"column":18},"end":{"line":43,"column":67}},"type":"cond-expr","locations":[{"start":{"line":43,"column":29},"end":{"line":43,"column":60}},{"start":{"line":43,"column":63},"end":{"line":43,"column":67}}],"line":43},"3":{"loc":{"start":{"line":44,"column":14},"end":{"line":44,"column":42}},"type":"cond-expr","locations":[{"start":{"line":44,"column":21},"end":{"line":44,"column":37}},{"start":{"line":44,"column":40},"end":{"line":44,"column":42}}],"line":44},"4":{"loc":{"start":{"line":75,"column":61},"end":{"line":75,"column":87}},"type":"binary-expr","locations":[{"start":{"line":75,"column":61},"end":{"line":75,"column":82}},{"start":{"line":75,"column":86},"end":{"line":75,"column":87}}],"line":75},"5":{"loc":{"start":{"line":77,"column":58},"end":{"line":77,"column":81}},"type":"binary-expr","locations":[{"start":{"line":77,"column":58},"end":{"line":77,"column":76}},{"start":{"line":77,"column":80},"end":{"line":77,"column":81}}],"line":77},"6":{"loc":{"start":{"line":79,"column":31},"end":{"line":79,"column":99}},"type":"cond-expr","locations":[{"start":{"line":79,"column":48},"end":{"line":79,"column":95}},{"start":{"line":79,"column":98},"end":{"line":79,"column":99}}],"line":79},"7":{"loc":{"start":{"line":97,"column":21},"end":{"line":97,"column":44}},"type":"binary-expr","locations":[{"start":{"line":97,"column":21},"end":{"line":97,"column":39}},{"start":{"line":97,"column":43},"end":{"line":97,"column":44}}],"line":97},"8":{"loc":{"start":{"line":97,"column":49},"end":{"line":97,"column":75}},"type":"binary-expr","locations":[{"start":{"line":97,"column":49},"end":{"line":97,"column":70}},{"start":{"line":97,"column":74},"end":{"line":97,"column":75}}],"line":97},"9":{"loc":{"start":{"line":98,"column":14},"end":{"line":98,"column":29}},"type":"binary-expr","locations":[{"start":{"line":98,"column":14},"end":{"line":98,"column":23}},{"start":{"line":98,"column":27},"end":{"line":98,"column":29}}],"line":98},"10":{"loc":{"start":{"line":105,"column":23},"end":{"line":105,"column":46}},"type":"binary-expr","locations":[{"start":{"line":105,"column":23},"end":{"line":105,"column":41}},{"start":{"line":105,"column":45},"end":{"line":105,"column":46}}],"line":105},"11":{"loc":{"start":{"line":105,"column":51},"end":{"line":105,"column":74}},"type":"binary-expr","locations":[{"start":{"line":105,"column":51},"end":{"line":105,"column":69}},{"start":{"line":105,"column":73},"end":{"line":105,"column":74}}],"line":105},"12":{"loc":{"start":{"line":110,"column":22},"end":{"line":110,"column":48}},"type":"binary-expr","locations":[{"start":{"line":110,"column":22},"end":{"line":110,"column":43}},{"start":{"line":110,"column":47},"end":{"line":110,"column":48}}],"line":110},"13":{"loc":{"start":{"line":116,"column":26},"end":{"line":116,"column":49}},"type":"binary-expr","locations":[{"start":{"line":116,"column":26},"end":{"line":116,"column":44}},{"start":{"line":116,"column":48},"end":{"line":116,"column":49}}],"line":116},"14":{"loc":{"start":{"line":116,"column":54},"end":{"line":116,"column":80}},"type":"binary-expr","locations":[{"start":{"line":116,"column":54},"end":{"line":116,"column":75}},{"start":{"line":116,"column":79},"end":{"line":116,"column":80}}],"line":116},"15":{"loc":{"start":{"line":117,"column":7},"end":{"line":117,"column":22}},"type":"binary-expr","locations":[{"start":{"line":117,"column":7},"end":{"line":117,"column":16}},{"start":{"line":117,"column":20},"end":{"line":117,"column":22}}],"line":117},"16":{"loc":{"start":{"line":118,"column":26},"end":{"line":118,"column":45}},"type":"binary-expr","locations":[{"start":{"line":118,"column":26},"end":{"line":118,"column":40}},{"start":{"line":118,"column":44},"end":{"line":118,"column":45}}],"line":118},"17":{"loc":{"start":{"line":118,"column":50},"end":{"line":118,"column":81}},"type":"cond-expr","locations":[{"start":{"line":118,"column":67},"end":{"line":118,"column":77}},{"start":{"line":118,"column":80},"end":{"line":118,"column":81}}],"line":118},"18":{"loc":{"start":{"line":145,"column":17},"end":{"line":145,"column":64}},"type":"cond-expr","locations":[{"start":{"line":145,"column":34},"end":{"line":145,"column":59}},{"start":{"line":145,"column":62},"end":{"line":145,"column":64}}],"line":145},"19":{"loc":{"start":{"line":147,"column":4},"end":{"line":151,"column":5}},"type":"if","locations":[{"start":{"line":147,"column":4},"end":{"line":151,"column":5}},{"start":{"line":149,"column":11},"end":{"line":151,"column":5}}],"line":147},"20":{"loc":{"start":{"line":166,"column":4},"end":{"line":166,"column":83}},"type":"if","locations":[{"start":{"line":166,"column":4},"end":{"line":166,"column":83}},{"start":{},"end":{}}],"line":166},"21":{"loc":{"start":{"line":183,"column":4},"end":{"line":186,"column":5}},"type":"if","locations":[{"start":{"line":183,"column":4},"end":{"line":186,"column":5}},{"start":{},"end":{}}],"line":183},"22":{"loc":{"start":{"line":191,"column":4},"end":{"line":218,"column":5}},"type":"if","locations":[{"start":{"line":191,"column":4},"end":{"line":218,"column":5}},{"start":{"line":194,"column":11},"end":{"line":218,"column":5}}],"line":191},"23":{"loc":{"start":{"line":199,"column":6},"end":{"line":217,"column":7}},"type":"if","locations":[{"start":{"line":199,"column":6},"end":{"line":217,"column":7}},{"start":{},"end":{}}],"line":199},"24":{"loc":{"start":{"line":206,"column":27},"end":{"line":206,"column":73}},"type":"cond-expr","locations":[{"start":{"line":206,"column":46},"end":{"line":206,"column":66}},{"start":{"line":206,"column":69},"end":{"line":206,"column":73}}],"line":206},"25":{"loc":{"start":{"line":238,"column":4},"end":{"line":238,"column":83}},"type":"if","locations":[{"start":{"line":238,"column":4},"end":{"line":238,"column":83}},{"start":{},"end":{}}],"line":238},"26":{"loc":{"start":{"line":243,"column":19},"end":{"line":243,"column":39}},"type":"binary-expr","locations":[{"start":{"line":243,"column":19},"end":{"line":243,"column":30}},{"start":{"line":243,"column":34},"end":{"line":243,"column":39}}],"line":243},"27":{"loc":{"start":{"line":244,"column":23},"end":{"line":244,"column":69}},"type":"cond-expr","locations":[{"start":{"line":244,"column":37},"end":{"line":244,"column":62}},{"start":{"line":244,"column":65},"end":{"line":244,"column":69}}],"line":244},"28":{"loc":{"start":{"line":256,"column":4},"end":{"line":275,"column":5}},"type":"if","locations":[{"start":{"line":256,"column":4},"end":{"line":275,"column":5}},{"start":{},"end":{}}],"line":256},"29":{"loc":{"start":{"line":263,"column":21},"end":{"line":263,"column":41}},"type":"binary-expr","locations":[{"start":{"line":263,"column":21},"end":{"line":263,"column":32}},{"start":{"line":263,"column":36},"end":{"line":263,"column":41}}],"line":263},"30":{"loc":{"start":{"line":264,"column":25},"end":{"line":264,"column":69}},"type":"cond-expr","locations":[{"start":{"line":264,"column":39},"end":{"line":264,"column":62}},{"start":{"line":264,"column":65},"end":{"line":264,"column":69}}],"line":264},"31":{"loc":{"start":{"line":291,"column":4},"end":{"line":291,"column":83}},"type":"if","locations":[{"start":{"line":291,"column":4},"end":{"line":291,"column":83}},{"start":{},"end":{}}],"line":291},"32":{"loc":{"start":{"line":294,"column":4},"end":{"line":294,"column":85}},"type":"if","locations":[{"start":{"line":294,"column":4},"end":{"line":294,"column":85}},{"start":{},"end":{}}],"line":294},"33":{"loc":{"start":{"line":298,"column":4},"end":{"line":325,"column":5}},"type":"if","locations":[{"start":{"line":298,"column":4},"end":{"line":325,"column":5}},{"start":{"line":300,"column":11},"end":{"line":325,"column":5}}],"line":298},"34":{"loc":{"start":{"line":305,"column":6},"end":{"line":324,"column":7}},"type":"if","locations":[{"start":{"line":305,"column":6},"end":{"line":324,"column":7}},{"start":{},"end":{}}],"line":305},"35":{"loc":{"start":{"line":313,"column":27},"end":{"line":313,"column":79}},"type":"cond-expr","locations":[{"start":{"line":313,"column":49},"end":{"line":313,"column":72}},{"start":{"line":313,"column":75},"end":{"line":313,"column":79}}],"line":313},"36":{"loc":{"start":{"line":342,"column":4},"end":{"line":342,"column":83}},"type":"if","locations":[{"start":{"line":342,"column":4},"end":{"line":342,"column":83}},{"start":{},"end":{}}],"line":342},"37":{"loc":{"start":{"line":345,"column":4},"end":{"line":345,"column":85}},"type":"if","locations":[{"start":{"line":345,"column":4},"end":{"line":345,"column":85}},{"start":{},"end":{}}],"line":345},"38":{"loc":{"start":{"line":349,"column":4},"end":{"line":376,"column":5}},"type":"if","locations":[{"start":{"line":349,"column":4},"end":{"line":376,"column":5}},{"start":{"line":351,"column":11},"end":{"line":376,"column":5}}],"line":349},"39":{"loc":{"start":{"line":356,"column":6},"end":{"line":375,"column":7}},"type":"if","locations":[{"start":{"line":356,"column":6},"end":{"line":375,"column":7}},{"start":{},"end":{}}],"line":356},"40":{"loc":{"start":{"line":364,"column":27},"end":{"line":364,"column":79}},"type":"cond-expr","locations":[{"start":{"line":364,"column":49},"end":{"line":364,"column":72}},{"start":{"line":364,"column":75},"end":{"line":364,"column":79}}],"line":364},"41":{"loc":{"start":{"line":393,"column":4},"end":{"line":393,"column":83}},"type":"if","locations":[{"start":{"line":393,"column":4},"end":{"line":393,"column":83}},{"start":{},"end":{}}],"line":393},"42":{"loc":{"start":{"line":396,"column":4},"end":{"line":396,"column":85}},"type":"if","locations":[{"start":{"line":396,"column":4},"end":{"line":396,"column":85}},{"start":{},"end":{}}],"line":396},"43":{"loc":{"start":{"line":398,"column":4},"end":{"line":400,"column":5}},"type":"if","locations":[{"start":{"line":398,"column":4},"end":{"line":400,"column":5}},{"start":{},"end":{}}],"line":398}},"s":{"0":1,"1":1,"2":1,"3":1,"4":1,"5":1,"6":1,"7":1,"8":0,"9":0,"10":1,"11":1,"12":0,"13":0,"14":1,"15":0,"16":0,"17":0,"18":0,"19":0,"20":0,"21":0,"22":1,"23":2,"24":2,"25":2,"26":2,"27":0,"28":0,"29":1,"30":1,"31":1,"32":1,"33":1,"34":1,"35":1,"36":1,"37":1,"38":1,"39":1,"40":1,"41":1,"42":1,"43":1,"44":1,"45":0,"46":1,"47":1,"48":1,"49":0,"50":1,"51":0,"52":1,"53":1,"54":1,"55":1,"56":1,"57":2,"58":1,"59":1,"60":2,"61":1,"62":0,"63":0,"64":1,"65":1,"66":1,"67":1,"68":1,"69":0,"70":1,"71":0,"72":0,"73":1,"74":1,"75":1,"76":0,"77":0,"78":0,"79":0,"80":0,"81":1,"82":1,"83":1,"84":0,"85":0,"86":0,"87":0,"88":0,"89":0,"90":0,"91":0,"92":0,"93":0,"94":0,"95":0,"96":0,"97":0,"98":0,"99":0,"100":0,"101":0,"102":0,"103":0,"104":0,"105":0,"106":0,"107":0,"108":0,"109":0,"110":1,"111":0,"112":0,"113":0,"114":0,"115":0,"116":0,"117":0,"118":0,"119":0,"120":0,"121":0,"122":0,"123":0,"124":0,"125":0,"126":0,"127":0,"128":0,"129":0,"130":0,"131":1,"132":0,"133":0,"134":0,"135":0,"136":0,"137":0,"138":0,"139":0,"140":0,"141":0,"142":0,"143":0,"144":0,"145":0,"146":0,"147":0,"148":0,"149":0,"150":0,"151":0,"152":0,"153":0,"154":0,"155":0,"156":0,"157":0,"158":1,"159":0,"160":0,"161":0,"162":0,"163":0,"164":0,"165":0,"166":0,"167":0,"168":0,"169":0,"170":0,"171":0,"172":0,"173":0,"174":0,"175":0,"176":0,"177":0,"178":0,"179":0,"180":0,"181":0,"182":0,"183":0,"184":0,"185":1,"186":0,"187":0,"188":0,"189":0,"190":0,"191":0,"192":0,"193":0,"194":0,"195":0,"196":0,"197":0,"198":0,"199":0,"200":0,"201":0,"202":1},"f":{"0":0,"1":0,"2":0,"3":0,"4":2,"5":1,"6":1,"7":1,"8":0,"9":1,"10":1,"11":0,"12":0,"13":1,"14":1,"15":2,"16":1,"17":2,"18":1,"19":1,"20":0,"21":0,"22":0,"23":0,"24":0,"25":0,"26":0,"27":0,"28":0,"29":0,"30":0},"b":{"0":[0,0],"1":[0,0],"2":[0,0],"3":[0,0],"4":[1,1],"5":[1,1],"6":[1,0],"7":[1,1],"8":[1,1],"9":[1,0],"10":[0,0],"11":[0,0],"12":[1,1],"13":[1,1],"14":[1,1],"15":[1,0],"16":[2,2],"17":[0,2],"18":[1,0],"19":[1,0],"20":[0,0],"21":[0,0],"22":[0,0],"23":[0,0],"24":[0,0],"25":[0,0],"26":[0,0],"27":[0,0],"28":[0,0],"29":[0,0],"30":[0,0],"31":[0,0],"32":[0,0],"33":[0,0],"34":[0,0],"35":[0,0],"36":[0,0],"37":[0,0],"38":[0,0],"39":[0,0],"40":[0,0],"41":[0,0],"42":[0,0],"43":[0,0]},"_coverageSchema":"1a1c01bbd47fc00a2c39e90264f33305004495a9","hash":"bf2beeb04b5eaba3320adfb399406467f2afbe15"}
}
