TN:
SF:Models\Appointment.js
FNF:0
FNH:0
DA:1,1
DA:2,1
DA:4,1
DA:41,1
LF:4
LH:4
BRF:0
BRH:0
end_of_record
TN:
SF:Models\Availability.js
FNF:0
FNH:0
DA:1,1
DA:2,1
DA:4,1
DA:30,1
DA:32,1
LF:5
LH:5
BRF:0
BRH:0
end_of_record
TN:
SF:Models\Feedback.js
FNF:0
FNH:0
DA:1,1
DA:3,1
DA:17,1
LF:3
LH:3
BRF:0
BRH:0
end_of_record
TN:
SF:Models\Notification.js
FN:36,(anonymous_0)
FN:54,(anonymous_1)
FN:66,(anonymous_2)
FN:87,(anonymous_3)
FNF:4
FNH:0
FNDA:0,(anonymous_0)
FNDA:0,(anonymous_1)
FNDA:0,(anonymous_2)
FNDA:0,(anonymous_3)
DA:2,1
DA:4,1
DA:37,0
DA:55,0
DA:67,0
DA:87,1
DA:88,0
DA:89,0
DA:97,0
DA:98,0
DA:99,0
DA:102,0
DA:103,0
DA:104,0
DA:105,0
DA:106,0
DA:109,0
DA:110,0
DA:111,0
DA:112,0
DA:114,0
DA:117,1
LF:22
LH:4
BRDA:97,0,0,0
BRDA:97,0,1,0
BRDA:98,1,0,0
BRDA:98,1,1,0
BRDA:104,2,0,0
BRDA:104,2,1,0
BRDA:105,3,0,0
BRDA:105,3,1,0
BRDA:105,4,0,0
BRDA:105,4,1,0
BRF:10
BRH:0
end_of_record
TN:
SF:Models\Users.js
FN:11,(anonymous_0)
FN:19,(anonymous_1)
FN:56,(anonymous_2)
FNF:3
FNH:0
FNDA:0,(anonymous_0)
FNDA:0,(anonymous_1)
FNDA:0,(anonymous_2)
DA:1,3
DA:3,3
DA:12,0
DA:20,0
DA:56,3
DA:57,0
DA:58,0
DA:61,0
DA:62,0
DA:65,0
DA:68,3
LF:11
LH:4
BRDA:61,0,0,0
BRDA:61,0,1,0
BRDA:68,1,0,3
BRDA:68,1,1,3
BRF:4
BRH:2
end_of_record
TN:
SF:Models\crisis.js
FNF:0
FNH:0
DA:1,1
DA:3,1
DA:29,1
LF:3
LH:3
BRF:0
BRH:0
end_of_record
TN:
SF:Models\TeacherTraining\TrainingModels.js
FNF:0
FNH:0
DA:1,1
DA:4,1
DA:21,1
DA:56,1
DA:77,1
DA:87,1
DA:88,1
DA:89,1
DA:90,1
DA:92,1
LF:10
LH:10
BRF:0
BRH:0
end_of_record
TN:
SF:config\notification.js
FNF:0
FNH:0
DA:1,1
LF:1
LH:1
BRDA:12,0,0,1
BRDA:12,0,1,0
BRF:2
BRH:1
end_of_record
TN:
SF:routes\Weather.js
FN:8,isValidDate
FN:13,isValidTimeSlot
FN:18,(anonymous_2)
FN:65,(anonymous_3)
FN:100,(anonymous_4)
FN:152,(anonymous_5)
FNF:6
FNH:4
FNDA:3,isValidDate
FNDA:1,isValidTimeSlot
FNDA:4,(anonymous_2)
FNDA:2,(anonymous_3)
FNDA:0,(anonymous_4)
FNDA:0,(anonymous_5)
DA:1,1
DA:2,1
DA:3,1
DA:4,1
DA:5,1
DA:9,3
DA:14,1
DA:18,1
DA:19,4
DA:20,4
DA:21,4
DA:22,4
DA:23,4
DA:24,4
DA:27,4
DA:28,0
DA:31,4
DA:34,4
DA:37,3
DA:39,2
DA:42,2
DA:43,1
DA:46,1
DA:47,1
DA:50,1
DA:53,1
DA:54,1
DA:57,1
DA:59,1
DA:60,1
DA:65,1
DA:66,2
DA:67,2
DA:70,2
DA:71,0
DA:74,2
DA:75,2
DA:76,1
DA:77,1
DA:78,1
DA:79,0
DA:80,0
DA:83,2
DA:88,2
DA:89,1
DA:92,1
DA:94,0
DA:95,0
DA:100,1
DA:101,0
DA:102,0
DA:105,0
DA:106,0
DA:108,0
DA:109,0
DA:111,0
DA:112,0
DA:114,0
DA:115,0
DA:118,0
DA:138,0
DA:141,0
DA:146,0
DA:147,0
DA:152,1
DA:153,0
DA:154,0
DA:156,0
DA:157,0
DA:164,0
DA:170,0
DA:171,0
DA:175,1
LF:73
LH:45
BRDA:9,0,0,3
BRDA:9,0,1,3
BRDA:22,1,0,0
BRDA:22,1,1,4
BRDA:27,2,0,0
BRDA:27,2,1,4
BRDA:27,3,0,4
BRDA:27,3,1,1
BRDA:31,4,0,4
BRDA:31,4,1,3
BRDA:37,5,0,2
BRDA:37,5,1,1
BRDA:42,6,0,1
BRDA:42,6,1,1
BRDA:46,7,0,1
BRDA:46,7,1,0
BRDA:46,8,0,1
BRDA:46,8,1,1
BRDA:53,9,0,1
BRDA:53,9,1,0
BRDA:53,10,0,1
BRDA:53,10,1,1
BRDA:70,11,0,0
BRDA:70,11,1,2
BRDA:70,12,0,2
BRDA:70,12,1,2
BRDA:70,12,2,2
BRDA:70,12,3,1
BRDA:75,13,0,1
BRDA:75,13,1,1
BRDA:75,14,0,2
BRDA:75,14,1,2
BRDA:77,15,0,1
BRDA:77,15,1,0
BRDA:79,16,0,0
BRDA:79,16,1,0
BRDA:88,17,0,1
BRDA:88,17,1,1
BRDA:88,18,0,2
BRDA:88,18,1,2
BRDA:105,19,0,0
BRDA:105,19,1,0
BRDA:105,20,0,0
BRDA:105,20,1,0
BRDA:105,20,2,0
BRDA:105,20,3,0
BRDA:108,21,0,0
BRDA:108,21,1,0
BRDA:111,22,0,0
BRDA:111,22,1,0
BRDA:114,23,0,0
BRDA:114,23,1,0
BRDA:114,24,0,0
BRDA:114,24,1,0
BRDA:128,25,0,0
BRDA:128,25,1,0
BRDA:129,26,0,0
BRDA:129,26,1,0
BRDA:156,27,0,0
BRDA:156,27,1,0
BRF:60
BRH:32
end_of_record
TN:
SF:routes\availabilityRoutes.js
FN:9,(anonymous_0)
FN:44,(anonymous_1)
FN:73,(anonymous_2)
FN:96,(anonymous_3)
FN:133,(anonymous_4)
FN:151,(anonymous_5)
FNF:6
FNH:4
FNDA:0,(anonymous_0)
FNDA:1,(anonymous_1)
FNDA:1,(anonymous_2)
FNDA:1,(anonymous_3)
FNDA:1,(anonymous_4)
FNDA:0,(anonymous_5)
DA:1,1
DA:2,1
DA:3,1
DA:4,1
DA:5,1
DA:6,1
DA:9,1
DA:10,0
DA:11,0
DA:12,0
DA:13,0
DA:15,0
DA:22,0
DA:23,0
DA:25,0
DA:35,0
DA:37,0
DA:38,0
DA:40,0
DA:44,1
DA:45,1
DA:47,1
DA:48,1
DA:49,0
DA:52,1
DA:53,0
DA:56,1
DA:64,1
DA:65,1
DA:67,0
DA:68,0
DA:73,1
DA:74,1
DA:76,1
DA:77,1
DA:78,0
DA:81,1
DA:82,1
DA:83,0
DA:84,0
DA:87,1
DA:88,1
DA:90,0
DA:91,0
DA:96,1
DA:97,1
DA:99,1
DA:100,1
DA:101,0
DA:104,1
DA:105,0
DA:108,1
DA:109,1
DA:110,1
DA:111,1
DA:112,1
DA:113,0
DA:115,1
DA:121,1
DA:122,0
DA:125,1
DA:127,0
DA:128,0
DA:133,1
DA:134,1
DA:135,1
DA:136,0
DA:139,1
DA:140,1
DA:141,0
DA:143,1
DA:145,0
DA:146,0
DA:151,1
DA:152,0
DA:153,0
DA:155,0
DA:156,0
DA:157,0
DA:160,0
DA:161,0
DA:162,0
DA:165,0
DA:166,0
DA:170,0
DA:177,0
DA:178,0
DA:179,0
DA:182,0
DA:183,0
DA:184,0
DA:185,0
DA:187,0
DA:188,0
DA:198,0
DA:200,0
DA:201,0
DA:205,1
LF:98
LH:44
BRDA:11,0,0,0
BRDA:11,0,1,0
BRDA:48,1,0,0
BRDA:48,1,1,1
BRDA:52,2,0,0
BRDA:52,2,1,1
BRDA:60,3,0,1
BRDA:60,3,1,0
BRDA:61,4,0,0
BRDA:61,4,1,1
BRDA:77,5,0,0
BRDA:77,5,1,1
BRDA:77,6,0,1
BRDA:77,6,1,1
BRDA:82,7,0,0
BRDA:82,7,1,1
BRDA:82,8,0,1
BRDA:82,8,1,0
BRDA:100,9,0,0
BRDA:100,9,1,1
BRDA:104,10,0,0
BRDA:104,10,1,1
BRDA:104,11,0,1
BRDA:104,11,1,0
BRDA:104,11,2,0
BRDA:109,12,0,0
BRDA:109,12,1,1
BRDA:110,13,0,0
BRDA:110,13,1,1
BRDA:111,14,0,1
BRDA:111,14,1,0
BRDA:112,15,0,1
BRDA:112,15,1,0
BRDA:112,16,0,1
BRDA:112,16,1,0
BRDA:121,17,0,0
BRDA:121,17,1,1
BRDA:135,18,0,0
BRDA:135,18,1,1
BRDA:140,19,0,0
BRDA:140,19,1,1
BRDA:156,20,0,0
BRDA:156,20,1,0
BRDA:161,21,0,0
BRDA:161,21,1,0
BRDA:165,22,0,0
BRDA:165,22,1,0
BRDA:178,23,0,0
BRDA:178,23,1,0
BRDA:184,24,0,0
BRDA:184,24,1,0
BRDA:187,25,0,0
BRDA:187,25,1,0
BRF:53
BRH:20
end_of_record
TN:
SF:routes\crisisData.js
FN:9,(anonymous_0)
FN:32,(anonymous_1)
FN:54,(anonymous_2)
FN:80,(anonymous_3)
FN:98,(anonymous_4)
FNF:5
FNH:1
FNDA:3,(anonymous_0)
FNDA:0,(anonymous_1)
FNDA:0,(anonymous_2)
FNDA:0,(anonymous_3)
FNDA:0,(anonymous_4)
DA:1,1
DA:2,1
DA:3,1
DA:4,1
DA:5,1
DA:6,1
DA:9,1
DA:10,3
DA:11,3
DA:13,3
DA:14,0
DA:17,3
DA:20,2
DA:21,1
DA:24,1
DA:26,1
DA:27,1
DA:32,1
DA:33,0
DA:34,0
DA:35,0
DA:36,0
DA:39,0
DA:42,0
DA:43,0
DA:46,0
DA:48,0
DA:49,0
DA:54,1
DA:55,0
DA:56,0
DA:57,0
DA:58,0
DA:60,0
DA:61,0
DA:65,0
DA:66,0
DA:67,0
DA:71,0
DA:72,0
DA:73,0
DA:76,0
DA:80,0
DA:86,0
DA:87,0
DA:92,0
DA:93,0
DA:98,1
DA:99,0
DA:100,0
DA:101,0
DA:102,0
DA:105,0
DA:109,0
DA:110,0
DA:113,0
DA:115,0
DA:116,0
DA:120,1
LF:59
LH:20
BRDA:13,0,0,0
BRDA:13,0,1,3
BRDA:20,1,0,1
BRDA:20,1,1,1
BRDA:35,2,0,0
BRDA:35,2,1,0
BRDA:35,3,0,0
BRDA:35,3,1,0
BRDA:42,4,0,0
BRDA:42,4,1,0
BRDA:57,5,0,0
BRDA:57,5,1,0
BRDA:60,6,0,0
BRDA:60,6,1,0
BRDA:60,7,0,0
BRDA:60,7,1,0
BRDA:66,8,0,0
BRDA:66,8,1,0
BRDA:66,9,0,0
BRDA:66,9,1,0
BRDA:66,9,2,0
BRDA:72,10,0,0
BRDA:72,10,1,0
BRDA:101,11,0,0
BRDA:101,11,1,0
BRDA:109,12,0,0
BRDA:109,12,1,0
BRDA:109,13,0,0
BRDA:109,13,1,0
BRF:29
BRH:3
end_of_record
TN:
SF:routes\feedbackRoutes.js
FN:9,(anonymous_0)
FN:15,(anonymous_1)
FN:34,(anonymous_2)
FN:85,(anonymous_3)
FNF:4
FNH:3
FNDA:1,(anonymous_0)
FNDA:2,(anonymous_1)
FNDA:2,(anonymous_2)
FNDA:0,(anonymous_3)
DA:1,1
DA:2,1
DA:3,1
DA:4,1
DA:5,1
DA:6,1
DA:9,1
DA:10,1
DA:11,1
DA:15,1
DA:16,2
DA:17,2
DA:18,1
DA:21,1
DA:22,1
DA:23,0
DA:24,0
DA:25,0
DA:27,0
DA:28,0
DA:30,1
DA:31,1
DA:34,1
DA:35,2
DA:36,2
DA:37,1
DA:39,1
DA:40,1
DA:44,1
DA:86,0
DA:87,0
DA:88,0
DA:91,0
DA:92,0
DA:96,0
DA:98,0
DA:103,0
DA:108,0
DA:109,0
DA:114,0
DA:115,0
DA:123,1
DA:124,1
DA:125,1
LF:44
LH:27
BRDA:17,0,0,1
BRDA:17,0,1,1
BRDA:24,1,0,0
BRDA:24,1,1,0
BRDA:24,2,0,0
BRDA:24,2,1,0
BRDA:87,3,0,0
BRDA:87,3,1,0
BRDA:108,4,0,0
BRDA:108,4,1,0
BRDA:117,5,0,0
BRDA:117,5,1,0
BRF:12
BRH:2
end_of_record
TN:
SF:routes\TeacherTrainingRoutes\trainingProgram.js
FN:16,(anonymous_0)
FN:22,(anonymous_1)
FN:28,(anonymous_2)
FN:28,(anonymous_3)
FN:41,(anonymous_4)
FN:57,(anonymous_5)
FN:58,(anonymous_6)
FN:65,(anonymous_7)
FN:84,(anonymous_8)
FN:94,(anonymous_9)
FN:97,(anonymous_10)
FN:105,(anonymous_11)
FN:110,(anonymous_12)
FN:119,(anonymous_13)
FN:138,(anonymous_14)
FN:148,(anonymous_15)
FN:164,(anonymous_16)
FN:175,(anonymous_17)
FNF:18
FNH:9
FNDA:1,(anonymous_0)
FNDA:2,(anonymous_1)
FNDA:8,(anonymous_2)
FNDA:6,(anonymous_3)
FNDA:0,(anonymous_4)
FNDA:0,(anonymous_5)
FNDA:0,(anonymous_6)
FNDA:0,(anonymous_7)
FNDA:1,(anonymous_8)
FNDA:2,(anonymous_9)
FNDA:1,(anonymous_10)
FNDA:1,(anonymous_11)
FNDA:2,(anonymous_12)
FNDA:0,(anonymous_13)
FNDA:0,(anonymous_14)
FNDA:0,(anonymous_15)
FNDA:0,(anonymous_16)
FNDA:0,(anonymous_17)
DA:1,1
DA:2,1
DA:3,1
DA:4,1
DA:5,1
DA:6,1
DA:7,1
DA:8,1
DA:11,1
DA:12,1
DA:13,1
DA:16,1
DA:17,1
DA:18,0
DA:22,1
DA:23,2
DA:24,0
DA:28,8
DA:29,6
DA:30,6
DA:32,1
DA:33,1
DA:41,1
DA:42,0
DA:43,0
DA:44,0
DA:45,0
DA:46,0
DA:48,0
DA:49,0
DA:51,0
DA:52,0
DA:56,1
DA:57,0
DA:59,0
DA:60,0
DA:61,0
DA:65,1
DA:66,0
DA:67,0
DA:68,0
DA:70,0
DA:72,0
DA:75,0
DA:76,0
DA:78,0
DA:81,1
DA:84,1
DA:85,1
DA:86,1
DA:88,1
DA:89,1
DA:90,1
DA:91,1
DA:94,1
DA:95,2
DA:96,2
DA:97,1
DA:102,2
DA:105,1
DA:106,1
DA:107,1
DA:110,1
DA:111,2
DA:112,2
DA:113,2
DA:114,1
DA:116,1
DA:119,1
DA:120,0
DA:121,0
DA:122,0
DA:123,0
DA:125,0
DA:126,0
DA:127,0
DA:130,0
DA:131,0
DA:132,0
DA:134,0
DA:135,0
DA:138,1
DA:139,0
DA:140,0
DA:141,0
DA:142,0
DA:144,0
DA:145,0
DA:148,1
DA:149,0
DA:150,0
DA:152,0
DA:153,0
DA:154,0
DA:156,0
DA:157,0
DA:159,0
DA:160,0
DA:161,0
DA:164,1
DA:165,0
DA:166,0
DA:168,0
DA:169,0
DA:170,0
DA:172,0
DA:173,0
DA:175,0
DA:176,0
DA:177,0
DA:180,1
LF:111
LH:50
BRDA:17,0,0,0
BRDA:17,0,1,1
BRDA:17,1,0,1
BRDA:17,1,1,1
BRDA:23,2,0,0
BRDA:23,2,1,2
BRDA:34,3,0,0
BRDA:34,3,1,1
BRDA:34,4,0,1
BRDA:34,4,1,1
BRDA:35,5,0,1
BRDA:35,5,1,0
BRDA:35,6,0,1
BRDA:35,6,1,1
BRDA:36,7,0,0
BRDA:36,7,1,0
BRDA:43,8,0,0
BRDA:43,8,1,0
BRDA:44,9,0,0
BRDA:44,9,1,0
BRDA:48,10,0,0
BRDA:48,10,1,0
BRDA:67,11,0,0
BRDA:67,11,1,0
BRDA:70,12,0,0
BRDA:70,12,1,0
BRDA:72,13,0,0
BRDA:72,13,1,0
BRDA:72,13,2,0
BRDA:72,13,3,0
BRDA:72,13,4,0
BRDA:72,13,5,0
BRDA:75,14,0,0
BRDA:75,14,1,0
BRDA:88,15,0,1
BRDA:88,15,1,0
BRDA:113,16,0,1
BRDA:113,16,1,1
BRDA:126,17,0,0
BRDA:126,17,1,0
BRDA:131,18,0,0
BRDA:131,18,1,0
BRDA:141,19,0,0
BRDA:141,19,1,0
BRDA:153,20,0,0
BRDA:153,20,1,0
BRDA:156,21,0,0
BRDA:156,21,1,0
BRDA:169,22,0,0
BRDA:169,22,1,0
BRDA:172,23,0,0
BRDA:172,23,1,0
BRF:52
BRH:13
end_of_record
TN:
SF:services\weatherNotificationService.js
FN:31,(anonymous_0)
FN:86,(anonymous_1)
FN:99,(anonymous_2)
FN:268,(anonymous_3)
FN:286,(anonymous_4)
FN:310,(anonymous_5)
FN:341,(anonymous_6)
FN:375,(anonymous_7)
FNF:8
FNH:0
FNDA:0,(anonymous_0)
FNDA:0,(anonymous_1)
FNDA:0,(anonymous_2)
FNDA:0,(anonymous_3)
FNDA:0,(anonymous_4)
FNDA:0,(anonymous_5)
FNDA:0,(anonymous_6)
FNDA:0,(anonymous_7)
DA:1,1
DA:2,1
DA:3,1
DA:4,1
DA:5,1
DA:6,1
DA:7,1
DA:10,1
DA:13,1
DA:31,1
DA:33,0
DA:36,0
DA:38,0
DA:40,0
DA:43,0
DA:47,0
DA:48,0
DA:49,0
DA:54,0
DA:57,0
DA:70,0
DA:74,0
DA:75,0
DA:76,0
DA:79,0
DA:80,0
DA:86,1
DA:87,0
DA:99,1
DA:100,0
DA:101,0
DA:104,0
DA:105,0
DA:106,0
DA:107,0
DA:109,0
DA:268,1
DA:269,0
DA:270,0
DA:272,0
DA:286,1
DA:287,0
DA:288,0
DA:290,0
DA:297,0
DA:298,0
DA:300,0
DA:302,0
DA:303,0
DA:310,1
DA:312,0
DA:315,0
DA:316,0
DA:320,0
DA:321,0
DA:325,0
DA:326,0
DA:330,0
DA:331,0
DA:335,0
DA:341,1
DA:342,0
DA:343,0
DA:346,0
DA:349,0
DA:350,0
DA:356,0
DA:358,0
DA:364,0
DA:365,0
DA:367,0
DA:368,0
DA:375,1
DA:376,0
DA:378,0
DA:381,0
DA:382,0
DA:383,0
DA:392,0
DA:393,0
DA:395,0
DA:396,0
DA:397,0
DA:398,0
DA:401,0
DA:403,0
DA:404,0
DA:405,0
DA:406,0
DA:410,0
DA:411,0
DA:412,0
DA:413,0
DA:417,0
DA:423,0
DA:424,0
DA:428,1
LF:97
LH:18
BRDA:19,0,0,1
BRDA:19,0,1,0
BRDA:20,1,0,1
BRDA:20,1,1,0
BRDA:38,2,0,0
BRDA:38,2,1,0
BRDA:47,3,0,0
BRDA:47,3,1,0
BRDA:74,4,0,0
BRDA:74,4,1,0
BRDA:74,5,0,0
BRDA:74,5,1,0
BRDA:105,6,0,0
BRDA:105,6,1,0
BRDA:106,7,0,0
BRDA:106,7,1,0
BRDA:107,8,0,0
BRDA:107,8,1,0
BRDA:200,9,0,0
BRDA:200,9,1,0
BRDA:247,10,0,0
BRDA:247,10,1,0
BRDA:247,11,0,0
BRDA:247,11,1,0
BRDA:277,12,0,0
BRDA:277,12,1,0
BRDA:288,13,0,0
BRDA:288,13,1,0
BRDA:315,14,0,0
BRDA:315,14,1,0
BRDA:320,15,0,0
BRDA:320,15,1,0
BRDA:320,16,0,0
BRDA:320,16,1,0
BRDA:325,17,0,0
BRDA:325,17,1,0
BRDA:325,18,0,0
BRDA:325,18,1,0
BRDA:330,19,0,0
BRDA:330,19,1,0
BRDA:343,20,0,0
BRDA:343,20,1,0
BRDA:349,21,0,0
BRDA:349,21,1,0
BRDA:381,22,0,0
BRDA:381,22,1,0
BRDA:403,23,0,0
BRDA:403,23,1,0
BRDA:405,24,0,0
BRDA:405,24,1,0
BRDA:410,25,0,0
BRDA:410,25,1,0
BRDA:412,26,0,0
BRDA:412,26,1,0
BRF:54
BRH:2
end_of_record
