TN:
SF:app.js
FN:89,(anonymous_0)
FN:112,(anonymous_1)
FN:119,(anonymous_2)
FN:138,(anonymous_3)
FN:147,(anonymous_4)
FN:152,(anonymous_5)
FN:194,(anonymous_6)
FN:221,(anonymous_7)
FN:225,(anonymous_8)
FN:229,(anonymous_9)
FN:233,(anonymous_10)
FN:237,(anonymous_11)
FN:243,(anonymous_12)
FN:253,(anonymous_13)
FN:257,(anonymous_14)
FN:262,(anonymous_15)
FN:268,(anonymous_16)
FN:274,(anonymous_17)
FN:278,(anonymous_18)
FN:283,(anonymous_19)
FN:296,(anonymous_20)
FN:315,(anonymous_21)
FN:320,(anonymous_22)
FN:321,(anonymous_23)
FN:323,(anonymous_24)
FN:440,(anonymous_25)
FN:564,(anonymous_26)
FN:577,(anonymous_27)
FN:600,(anonymous_28)
FN:677,(anonymous_29)
FN:689,(anonymous_30)
FN:692,(anonymous_31)
FN:718,(anonymous_32)
FN:753,(anonymous_33)
FN:762,(anonymous_34)
FN:770,(anonymous_35)
FN:773,(anonymous_36)
FN:782,(anonymous_37)
FN:796,(anonymous_38)
FN:808,(anonymous_39)
FN:819,(anonymous_40)
FN:855,(anonymous_41)
FN:871,(anonymous_42)
FN:882,(anonymous_43)
FN:897,(anonymous_44)
FN:1029,(anonymous_45)
FN:1064,(anonymous_46)
FN:1099,(anonymous_47)
FN:1102,(anonymous_48)
FN:1112,(anonymous_49)
FN:1126,(anonymous_50)
FN:1130,(anonymous_51)
FN:1134,(anonymous_52)
FN:1158,(anonymous_53)
FN:1186,(anonymous_54)
FN:1214,(anonymous_55)
FN:1246,(anonymous_56)
FN:1251,(anonymous_57)
FN:1263,(anonymous_58)
FNF:59
FNH:8
FNDA:4,(anonymous_0)
FNDA:4,(anonymous_1)
FNDA:0,(anonymous_2)
FNDA:0,(anonymous_3)
FNDA:0,(anonymous_4)
FNDA:0,(anonymous_5)
FNDA:0,(anonymous_6)
FNDA:0,(anonymous_7)
FNDA:0,(anonymous_8)
FNDA:0,(anonymous_9)
FNDA:0,(anonymous_10)
FNDA:0,(anonymous_11)
FNDA:0,(anonymous_12)
FNDA:0,(anonymous_13)
FNDA:0,(anonymous_14)
FNDA:0,(anonymous_15)
FNDA:4,(anonymous_16)
FNDA:0,(anonymous_17)
FNDA:0,(anonymous_18)
FNDA:0,(anonymous_19)
FNDA:4,(anonymous_20)
FNDA:1,(anonymous_21)
FNDA:1,(anonymous_22)
FNDA:0,(anonymous_23)
FNDA:0,(anonymous_24)
FNDA:0,(anonymous_25)
FNDA:0,(anonymous_26)
FNDA:0,(anonymous_27)
FNDA:0,(anonymous_28)
FNDA:0,(anonymous_29)
FNDA:0,(anonymous_30)
FNDA:0,(anonymous_31)
FNDA:0,(anonymous_32)
FNDA:0,(anonymous_33)
FNDA:1,(anonymous_34)
FNDA:0,(anonymous_35)
FNDA:0,(anonymous_36)
FNDA:0,(anonymous_37)
FNDA:0,(anonymous_38)
FNDA:0,(anonymous_39)
FNDA:0,(anonymous_40)
FNDA:0,(anonymous_41)
FNDA:0,(anonymous_42)
FNDA:0,(anonymous_43)
FNDA:0,(anonymous_44)
FNDA:0,(anonymous_45)
FNDA:0,(anonymous_46)
FNDA:0,(anonymous_47)
FNDA:0,(anonymous_48)
FNDA:0,(anonymous_49)
FNDA:0,(anonymous_50)
FNDA:0,(anonymous_51)
FNDA:0,(anonymous_52)
FNDA:0,(anonymous_53)
FNDA:0,(anonymous_54)
FNDA:0,(anonymous_55)
FNDA:0,(anonymous_56)
FNDA:0,(anonymous_57)
FNDA:1,(anonymous_58)
DA:3,1
DA:4,1
DA:6,1
DA:7,1
DA:8,1
DA:9,1
DA:10,1
DA:11,1
DA:12,1
DA:13,1
DA:14,1
DA:15,1
DA:16,1
DA:17,1
DA:18,1
DA:19,1
DA:20,1
DA:21,1
DA:22,1
DA:23,1
DA:25,1
DA:33,1
DA:34,1
DA:35,1
DA:36,1
DA:37,1
DA:38,1
DA:39,1
DA:40,1
DA:41,1
DA:42,1
DA:43,1
DA:44,1
DA:45,1
DA:46,1
DA:47,1
DA:48,1
DA:50,1
DA:51,1
DA:52,1
DA:53,1
DA:54,1
DA:55,1
DA:56,1
DA:58,1
DA:59,1
DA:61,1
DA:64,1
DA:67,1
DA:75,1
DA:81,1
DA:84,1
DA:85,1
DA:86,1
DA:89,1
DA:90,4
DA:91,4
DA:95,1
DA:97,1
DA:98,1
DA:101,1
DA:102,1
DA:103,1
DA:105,1
DA:106,1
DA:107,1
DA:108,1
DA:109,1
DA:112,1
DA:113,4
DA:114,4
DA:119,1
DA:120,0
DA:121,0
DA:122,0
DA:123,0
DA:124,0
DA:125,0
DA:126,0
DA:127,0
DA:129,0
DA:130,0
DA:135,1
DA:138,1
DA:139,0
DA:142,0
DA:143,0
DA:144,0
DA:147,0
DA:148,0
DA:149,0
DA:152,0
DA:153,0
DA:154,0
DA:155,0
DA:156,0
DA:157,0
DA:159,0
DA:160,0
DA:163,0
DA:172,0
DA:175,0
DA:181,0
DA:182,0
DA:186,0
DA:187,0
DA:189,0
DA:190,0
DA:194,0
DA:195,0
DA:196,0
DA:197,0
DA:206,0
DA:207,0
DA:211,0
DA:212,0
DA:217,0
DA:221,0
DA:222,0
DA:225,0
DA:226,0
DA:229,0
DA:230,0
DA:233,0
DA:234,0
DA:237,0
DA:238,0
DA:239,0
DA:243,0
DA:244,0
DA:245,0
DA:246,0
DA:247,0
DA:253,1
DA:254,0
DA:257,0
DA:258,0
DA:259,0
DA:262,0
DA:263,0
DA:268,1
DA:269,4
DA:270,4
DA:274,1
DA:275,0
DA:278,0
DA:279,0
DA:280,0
DA:283,0
DA:284,0
DA:288,1
DA:290,1
DA:293,1
DA:294,1
DA:296,1
DA:297,4
DA:298,4
DA:300,1
DA:302,1
DA:303,1
DA:314,1
DA:316,1
DA:319,1
DA:320,1
DA:321,0
DA:323,0
DA:333,1
DA:334,1
DA:342,1
DA:343,1
DA:347,1
DA:375,1
DA:378,1
DA:379,1
DA:382,1
DA:386,1
DA:390,1
DA:400,1
DA:405,1
DA:408,1
DA:411,1
DA:416,1
DA:419,1
DA:426,1
DA:440,1
DA:441,0
DA:442,0
DA:443,0
DA:446,0
DA:449,0
DA:451,0
DA:452,0
DA:453,0
DA:457,0
DA:458,0
DA:461,0
DA:462,0
DA:463,0
DA:464,0
DA:465,0
DA:468,0
DA:557,0
DA:564,0
DA:565,0
DA:566,0
DA:567,0
DA:569,0
DA:572,0
DA:573,0
DA:577,1
DA:578,0
DA:579,0
DA:581,0
DA:585,0
DA:586,0
DA:589,0
DA:590,0
DA:593,0
DA:595,0
DA:596,0
DA:600,1
DA:601,0
DA:602,0
DA:605,0
DA:609,0
DA:610,0
DA:613,0
DA:614,0
DA:619,0
DA:623,0
DA:626,0
DA:627,0
DA:630,0
DA:632,0
DA:634,0
DA:635,0
DA:650,1
DA:651,1
DA:653,1
DA:667,1
DA:674,1
DA:677,1
DA:678,0
DA:681,0
DA:688,0
DA:690,0
DA:693,0
DA:694,0
DA:718,1
DA:719,0
DA:721,0
DA:722,0
DA:725,0
DA:727,0
DA:728,0
DA:729,0
DA:731,0
DA:753,1
DA:754,0
DA:755,0
DA:756,0
DA:759,1
DA:762,1
DA:763,1
DA:764,1
DA:765,1
DA:769,1
DA:771,0
DA:774,0
DA:775,0
DA:780,1
DA:783,0
DA:784,0
DA:785,0
DA:787,0
DA:793,1
DA:796,1
DA:797,0
DA:798,0
DA:801,0
DA:802,0
DA:806,1
DA:809,0
DA:815,1
DA:819,1
DA:820,0
DA:821,0
DA:823,0
DA:824,0
DA:825,0
DA:826,0
DA:829,0
DA:830,0
DA:831,0
DA:834,0
DA:836,0
DA:837,0
DA:840,0
DA:848,0
DA:849,0
DA:851,0
DA:853,0
DA:855,0
DA:860,0
DA:861,0
DA:863,0
DA:865,0
DA:866,0
DA:871,1
DA:872,0
DA:873,0
DA:874,0
DA:882,0
DA:887,0
DA:888,0
DA:890,0
DA:891,0
DA:897,1
DA:898,0
DA:901,0
DA:902,0
DA:903,0
DA:906,0
DA:907,0
DA:910,0
DA:911,0
DA:912,0
DA:915,0
DA:918,0
DA:920,0
DA:932,0
DA:933,0
DA:936,0
DA:937,0
DA:938,0
DA:941,0
DA:947,0
DA:950,0
DA:1012,0
DA:1020,0
DA:1022,0
DA:1024,0
DA:1025,0
DA:1029,1
DA:1030,0
DA:1031,0
DA:1032,0
DA:1033,0
DA:1035,0
DA:1036,0
DA:1040,0
DA:1041,0
DA:1042,0
DA:1045,0
DA:1046,0
DA:1047,0
DA:1050,0
DA:1051,0
DA:1053,0
DA:1055,0
DA:1056,0
DA:1064,1
DA:1065,0
DA:1066,0
DA:1067,0
DA:1068,0
DA:1071,0
DA:1072,0
DA:1074,0
DA:1084,1
DA:1085,1
DA:1086,1
DA:1087,1
DA:1090,1
DA:1091,1
DA:1092,1
DA:1093,1
DA:1099,1
DA:1100,0
DA:1101,0
DA:1102,0
DA:1107,0
DA:1108,0
DA:1112,1
DA:1113,0
DA:1114,0
DA:1115,0
DA:1116,0
DA:1119,0
DA:1120,0
DA:1121,0
DA:1123,0
DA:1124,0
DA:1126,0
DA:1127,0
DA:1130,0
DA:1131,0
DA:1134,0
DA:1135,0
DA:1136,0
DA:1137,0
DA:1138,0
DA:1139,0
DA:1140,0
DA:1141,0
DA:1143,0
DA:1144,0
DA:1147,0
DA:1148,0
DA:1152,0
DA:1153,0
DA:1158,1
DA:1159,0
DA:1160,0
DA:1161,0
DA:1163,0
DA:1164,0
DA:1165,0
DA:1166,0
DA:1167,0
DA:1168,0
DA:1177,0
DA:1186,1
DA:1187,0
DA:1188,0
DA:1189,0
DA:1213,0
DA:1215,0
DA:1216,0
DA:1224,0
DA:1226,0
DA:1227,0
DA:1236,1
DA:1237,1
DA:1238,1
DA:1239,1
DA:1240,1
DA:1246,1
DA:1247,0
DA:1251,1
DA:1253,0
DA:1254,0
DA:1257,0
DA:1258,0
DA:1262,1
DA:1263,1
DA:1264,1
DA:1268,1
LF:448
LH:161
BRDA:123,0,0,0
BRDA:123,0,1,0
BRDA:139,1,0,0
BRDA:139,1,1,0
BRDA:142,2,0,0
BRDA:142,2,1,0
BRDA:156,3,0,0
BRDA:156,3,1,0
BRDA:156,4,0,0
BRDA:156,4,1,0
BRDA:159,5,0,0
BRDA:159,5,1,0
BRDA:167,6,0,0
BRDA:167,6,1,0
BRDA:238,7,0,0
BRDA:238,7,1,0
BRDA:245,8,0,0
BRDA:245,8,1,0
BRDA:451,9,0,0
BRDA:451,9,1,0
BRDA:531,10,0,0
BRDA:531,10,1,0
BRDA:565,11,0,0
BRDA:565,11,1,0
BRDA:585,12,0,0
BRDA:585,12,1,0
BRDA:589,13,0,0
BRDA:589,13,1,0
BRDA:589,14,0,0
BRDA:589,14,1,0
BRDA:609,15,0,0
BRDA:609,15,1,0
BRDA:613,16,0,0
BRDA:613,16,1,0
BRDA:613,17,0,0
BRDA:613,17,1,0
BRDA:721,18,0,0
BRDA:721,18,1,0
BRDA:721,19,0,0
BRDA:721,19,1,0
BRDA:784,20,0,0
BRDA:784,20,1,0
BRDA:797,21,0,0
BRDA:797,21,1,0
BRDA:825,22,0,0
BRDA:825,22,1,0
BRDA:829,23,0,0
BRDA:829,23,1,0
BRDA:829,24,0,0
BRDA:829,24,1,0
BRDA:829,25,0,0
BRDA:829,25,1,0
BRDA:830,26,0,0
BRDA:830,26,1,0
BRDA:830,27,0,0
BRDA:830,27,1,0
BRDA:836,28,0,0
BRDA:836,28,1,0
BRDA:836,29,0,0
BRDA:836,29,1,0
BRDA:836,29,2,0
BRDA:836,29,3,0
BRDA:884,30,0,0
BRDA:884,30,1,0
BRDA:902,31,0,0
BRDA:902,31,1,0
BRDA:906,32,0,0
BRDA:906,32,1,0
BRDA:911,33,0,0
BRDA:911,33,1,0
BRDA:918,34,0,0
BRDA:918,34,1,0
BRDA:925,35,0,0
BRDA:925,35,1,0
BRDA:1035,36,0,0
BRDA:1035,36,1,0
BRDA:1035,37,0,0
BRDA:1035,37,1,0
BRDA:1041,38,0,0
BRDA:1041,38,1,0
BRDA:1046,39,0,0
BRDA:1046,39,1,0
BRDA:1046,40,0,0
BRDA:1046,40,1,0
BRDA:1067,41,0,0
BRDA:1067,41,1,0
BRDA:1067,42,0,0
BRDA:1067,42,1,0
BRDA:1115,43,0,0
BRDA:1115,43,1,0
BRDA:1115,44,0,0
BRDA:1115,44,1,0
BRDA:1138,45,0,0
BRDA:1138,45,1,0
BRDA:1163,46,0,0
BRDA:1163,46,1,0
BRDA:1166,47,0,0
BRDA:1166,47,1,0
BRDA:1254,48,0,0
BRDA:1254,48,1,0
BRDA:1257,49,0,0
BRDA:1257,49,1,0
BRDA:1262,50,0,1
BRDA:1262,50,1,1
BRF:104
BRH:2
end_of_record
TN:
SF:faceIDUser.js
FNF:0
FNH:0
DA:1,1
DA:4,1
DA:11,1
DA:14,1
LF:4
LH:4
BRF:0
BRH:0
end_of_record
TN:
SF:firebase.js
FNF:0
FNH:0
DA:2,1
DA:4,1
DA:18,1
DA:23,1
DA:25,1
LF:5
LH:5
BRF:0
BRH:0
end_of_record
TN:
SF:Models\Appointment.js
FNF:0
FNH:0
DA:1,1
DA:2,1
DA:4,1
DA:41,1
LF:4
LH:4
BRF:0
BRH:0
end_of_record
TN:
SF:Models\Availability.js
FNF:0
FNH:0
DA:1,1
DA:2,1
DA:4,1
DA:30,1
DA:32,1
LF:5
LH:5
BRF:0
BRH:0
end_of_record
TN:
SF:Models\Case.js
FNF:0
FNH:0
DA:1,1
DA:2,1
DA:4,1
DA:20,1
LF:4
LH:4
BRF:0
BRH:0
end_of_record
TN:
SF:Models\ExitRequest.js
FNF:0
FNH:0
DA:1,1
DA:3,1
DA:14,1
LF:3
LH:3
BRF:0
BRH:0
end_of_record
TN:
SF:Models\Feedback.js
FNF:0
FNH:0
DA:1,1
DA:3,1
DA:17,1
LF:3
LH:3
BRF:0
BRH:0
end_of_record
TN:
SF:Models\InappropriateComment.js
FNF:0
FNH:0
DA:1,1
DA:3,1
DA:12,1
LF:3
LH:3
BRF:0
BRH:0
end_of_record
TN:
SF:Models\Note.js
FNF:0
FNH:0
DA:1,1
DA:3,1
DA:69,1
LF:3
LH:3
BRF:0
BRH:0
end_of_record
TN:
SF:Models\Notification.js
FN:36,(anonymous_0)
FN:54,(anonymous_1)
FN:66,(anonymous_2)
FN:87,(anonymous_3)
FNF:4
FNH:0
FNDA:0,(anonymous_0)
FNDA:0,(anonymous_1)
FNDA:0,(anonymous_2)
FNDA:0,(anonymous_3)
DA:2,1
DA:4,1
DA:37,0
DA:55,0
DA:67,0
DA:87,1
DA:88,0
DA:89,0
DA:97,0
DA:98,0
DA:99,0
DA:102,0
DA:103,0
DA:104,0
DA:105,0
DA:106,0
DA:109,0
DA:110,0
DA:111,0
DA:112,0
DA:114,0
DA:117,1
LF:22
LH:4
BRDA:97,0,0,0
BRDA:97,0,1,0
BRDA:98,1,0,0
BRDA:98,1,1,0
BRDA:104,2,0,0
BRDA:104,2,1,0
BRDA:105,3,0,0
BRDA:105,3,1,0
BRDA:105,4,0,0
BRDA:105,4,1,0
BRF:10
BRH:0
end_of_record
TN:
SF:Models\Points.js
FNF:0
FNH:0
DA:1,1
DA:3,1
DA:25,1
DA:26,1
LF:4
LH:4
BRF:0
BRH:0
end_of_record
TN:
SF:Models\Post.js
FNF:0
FNH:0
DA:2,1
DA:4,1
DA:17,1
DA:36,1
LF:4
LH:4
BRF:0
BRH:0
end_of_record
TN:
SF:Models\Response.js
FNF:0
FNH:0
DA:1,1
DA:3,1
DA:22,1
DA:23,1
LF:4
LH:4
BRF:0
BRH:0
end_of_record
TN:
SF:Models\ResultatsStudentsEmotions.js
FNF:0
FNH:0
DA:1,1
DA:3,1
DA:19,1
LF:3
LH:3
BRF:0
BRH:0
end_of_record
TN:
SF:Models\User.js
FNF:0
FNH:0
DA:1,1
DA:3,1
DA:18,1
LF:3
LH:3
BRDA:18,0,0,1
BRDA:18,0,1,0
BRF:2
BRH:1
end_of_record
TN:
SF:Models\UserVerification.js
FNF:0
FNH:0
DA:1,1
DA:3,1
DA:9,1
LF:3
LH:3
BRF:0
BRH:0
end_of_record
TN:
SF:Models\Users.js
FN:11,(anonymous_0)
FN:19,(anonymous_1)
FN:56,(anonymous_2)
FNF:3
FNH:0
FNDA:0,(anonymous_0)
FNDA:0,(anonymous_1)
FNDA:0,(anonymous_2)
DA:1,3
DA:3,3
DA:12,0
DA:20,0
DA:56,3
DA:57,0
DA:58,0
DA:61,0
DA:62,0
DA:65,0
DA:68,3
LF:11
LH:4
BRDA:61,0,0,0
BRDA:61,0,1,0
BRDA:68,1,0,3
BRDA:68,1,1,3
BRF:4
BRH:2
end_of_record
TN:
SF:Models\crisis.js
FNF:0
FNH:0
DA:1,2
DA:3,2
DA:29,2
LF:3
LH:3
BRF:0
BRH:0
end_of_record
TN:
SF:Models\evaluations.js
FNF:0
FNH:0
DA:1,1
DA:3,1
DA:51,1
LF:3
LH:3
BRF:0
BRH:0
end_of_record
TN:
SF:Models\message.js
FNF:0
FNH:0
DA:1,1
DA:3,1
DA:13,1
LF:3
LH:3
BRF:0
BRH:0
end_of_record
TN:
SF:Models\noteTemplateSchema.js
FNF:0
FNH:0
DA:1,1
DA:3,1
DA:69,1
LF:3
LH:3
BRF:0
BRH:0
end_of_record
TN:
SF:Models\TeacherTraining\TrainingModels.js
FNF:0
FNH:0
DA:1,1
DA:4,1
DA:20,1
DA:55,1
DA:76,1
DA:86,1
DA:87,1
DA:88,1
DA:89,1
DA:91,1
LF:10
LH:10
BRF:0
BRH:0
end_of_record
TN:
SF:config\emailConfig.js
FN:14,(anonymous_0)
FN:15,(anonymous_1)
FN:16,(anonymous_2)
FNF:3
FNH:0
FNDA:0,(anonymous_0)
FNDA:0,(anonymous_1)
FNDA:0,(anonymous_2)
DA:1,1
DA:3,1
DA:14,1
DA:15,0
DA:16,0
DA:17,0
DA:18,0
DA:19,0
DA:21,0
DA:22,0
DA:29,1
LF:11
LH:4
BRDA:17,0,0,0
BRDA:17,0,1,0
BRF:2
BRH:0
end_of_record
TN:
SF:config\notification.js
FNF:0
FNH:0
DA:1,2
LF:1
LH:1
BRDA:12,0,0,2
BRDA:12,0,1,0
BRF:2
BRH:1
end_of_record
TN:
SF:middleware\auth.js
FN:4,(anonymous_0)
FNF:1
FNH:0
FNDA:0,(anonymous_0)
DA:2,1
DA:4,1
DA:5,0
DA:6,0
DA:7,0
DA:8,0
DA:9,0
DA:11,0
DA:12,0
DA:13,0
DA:14,0
DA:16,0
DA:17,0
DA:21,1
LF:14
LH:3
BRDA:8,0,0,0
BRDA:8,0,1,0
BRF:2
BRH:0
end_of_record
TN:
SF:middleware\authentication.js
FN:4,validateToken
FN:21,authorizeRoles
FN:22,(anonymous_2)
FN:24,(anonymous_3)
FNF:4
FNH:1
FNDA:0,validateToken
FNDA:1,authorizeRoles
FNDA:0,(anonymous_2)
FNDA:0,(anonymous_3)
DA:1,1
DA:5,0
DA:6,0
DA:7,0
DA:10,0
DA:11,0
DA:12,0
DA:13,0
DA:14,0
DA:16,0
DA:22,1
DA:23,0
DA:24,0
DA:25,0
DA:26,0
DA:28,0
DA:32,1
LF:17
LH:3
BRDA:6,0,0,0
BRDA:6,0,1,0
BRDA:23,1,0,0
BRDA:23,1,1,0
BRDA:25,2,0,0
BRDA:25,2,1,0
BRF:6
BRH:0
end_of_record
TN:
SF:routes\Response.js
FN:33,(anonymous_0)
FN:97,(anonymous_1)
FN:137,(anonymous_2)
FN:141,(anonymous_3)
FN:151,(anonymous_4)
FN:235,(anonymous_5)
FN:255,getNextWednesday
FN:285,(anonymous_7)
FN:301,(anonymous_8)
FN:491,(anonymous_9)
FN:549,(anonymous_10)
FN:561,(anonymous_11)
FNF:12
FNH:0
FNDA:0,(anonymous_0)
FNDA:0,(anonymous_1)
FNDA:0,(anonymous_2)
FNDA:0,(anonymous_3)
FNDA:0,(anonymous_4)
FNDA:0,(anonymous_5)
FNDA:0,getNextWednesday
FNDA:0,(anonymous_7)
FNDA:0,(anonymous_8)
FNDA:0,(anonymous_9)
FNDA:0,(anonymous_10)
FNDA:0,(anonymous_11)
DA:1,1
DA:2,1
DA:3,1
DA:4,1
DA:5,1
DA:6,1
DA:7,1
DA:8,1
DA:9,1
DA:10,1
DA:12,1
DA:13,1
DA:14,1
DA:17,1
DA:33,1
DA:34,0
DA:35,0
DA:37,0
DA:42,1
DA:97,1
DA:98,0
DA:99,0
DA:100,0
DA:103,0
DA:104,0
DA:105,0
DA:106,0
DA:107,0
DA:108,0
DA:109,0
DA:112,0
DA:116,0
DA:122,0
DA:135,0
DA:137,0
DA:138,0
DA:141,0
DA:142,0
DA:143,0
DA:144,0
DA:145,0
DA:146,0
DA:147,0
DA:151,0
DA:157,0
DA:159,0
DA:160,0
DA:235,1
DA:237,0
DA:238,0
DA:239,0
DA:248,0
DA:256,0
DA:257,0
DA:258,0
DA:260,0
DA:261,0
DA:263,0
DA:285,1
DA:286,0
DA:287,0
DA:288,0
DA:291,0
DA:292,0
DA:293,0
DA:294,0
DA:297,0
DA:300,0
DA:301,0
DA:302,0
DA:303,0
DA:306,0
DA:307,0
DA:311,0
DA:315,0
DA:318,0
DA:319,0
DA:321,0
DA:322,0
DA:323,0
DA:328,0
DA:329,0
DA:330,0
DA:335,0
DA:336,0
DA:337,0
DA:342,0
DA:343,0
DA:344,0
DA:351,0
DA:352,0
DA:360,0
DA:363,0
DA:371,0
DA:372,0
DA:375,0
DA:376,0
DA:378,0
DA:379,0
DA:380,0
DA:388,0
DA:389,0
DA:395,0
DA:396,0
DA:399,0
DA:400,0
DA:408,0
DA:491,0
DA:511,0
DA:519,0
DA:520,0
DA:526,0
DA:527,0
DA:529,0
DA:534,0
DA:543,0
DA:544,0
DA:549,1
DA:550,0
DA:551,0
DA:552,0
DA:553,0
DA:555,0
DA:556,0
DA:561,1
DA:562,0
DA:563,0
DA:566,0
DA:567,0
DA:568,0
DA:572,0
DA:574,0
DA:575,0
DA:582,0
DA:584,0
DA:585,0
DA:661,1
LF:137
LH:22
BRDA:34,0,0,0
BRDA:34,0,1,0
BRDA:104,1,0,0
BRDA:104,1,1,0
BRDA:106,2,0,0
BRDA:106,2,1,0
BRDA:108,3,0,0
BRDA:108,3,1,0
BRDA:135,4,0,0
BRDA:135,4,1,0
BRDA:143,5,0,0
BRDA:143,5,1,0
BRDA:144,6,0,0
BRDA:144,6,1,0
BRDA:145,7,0,0
BRDA:145,7,1,0
BRDA:146,8,0,0
BRDA:146,8,1,0
BRDA:238,9,0,0
BRDA:238,9,1,0
BRDA:258,10,0,0
BRDA:258,10,1,0
BRDA:292,11,0,0
BRDA:292,11,1,0
BRDA:306,12,0,0
BRDA:306,12,1,0
BRDA:321,13,0,0
BRDA:321,13,1,0
BRDA:328,14,0,0
BRDA:328,14,1,0
BRDA:335,15,0,0
BRDA:335,15,1,0
BRDA:342,16,0,0
BRDA:342,16,1,0
BRDA:378,17,0,0
BRDA:378,17,1,0
BRDA:453,18,0,0
BRDA:453,18,1,0
BRDA:454,19,0,0
BRDA:454,19,1,0
BRDA:455,20,0,0
BRDA:455,20,1,0
BRDA:481,21,0,0
BRDA:481,21,1,0
BRDA:567,22,0,0
BRDA:567,22,1,0
BRDA:574,23,0,0
BRDA:574,23,1,0
BRF:48
BRH:0
end_of_record
TN:
SF:routes\Weather.js
FN:7,(anonymous_0)
FN:72,(anonymous_1)
FN:104,(anonymous_2)
FN:148,(anonymous_3)
FNF:4
FNH:2
FNDA:4,(anonymous_0)
FNDA:2,(anonymous_1)
FNDA:0,(anonymous_2)
FNDA:0,(anonymous_3)
DA:1,2
DA:2,2
DA:3,2
DA:4,2
DA:7,2
DA:8,4
DA:10,4
DA:13,4
DA:14,4
DA:17,4
DA:18,4
DA:20,4
DA:23,4
DA:24,4
DA:25,1
DA:27,3
DA:30,4
DA:33,4
DA:36,3
DA:37,2
DA:40,2
DA:43,2
DA:44,1
DA:45,1
DA:48,1
DA:51,1
DA:52,1
DA:55,1
DA:59,1
DA:60,1
DA:63,1
DA:64,1
DA:66,1
DA:67,1
DA:72,2
DA:73,2
DA:74,2
DA:77,2
DA:78,2
DA:79,1
DA:80,1
DA:81,1
DA:82,0
DA:83,0
DA:87,2
DA:92,2
DA:93,1
DA:96,1
DA:98,0
DA:99,0
DA:104,2
DA:105,0
DA:106,0
DA:108,0
DA:109,0
DA:113,0
DA:134,0
DA:137,0
DA:142,0
DA:143,0
DA:148,2
DA:149,0
DA:150,0
DA:152,0
DA:153,0
DA:160,0
DA:166,0
DA:167,0
DA:171,2
LF:69
LH:49
BRDA:14,0,0,0
BRDA:14,0,1,4
BRDA:20,1,0,4
BRDA:20,1,1,3
BRDA:24,2,0,1
BRDA:24,2,1,3
BRDA:36,3,0,2
BRDA:36,3,1,1
BRDA:43,4,0,1
BRDA:43,4,1,1
BRDA:51,5,0,1
BRDA:51,5,1,0
BRDA:51,6,0,1
BRDA:51,6,1,1
BRDA:59,7,0,1
BRDA:59,7,1,0
BRDA:59,8,0,1
BRDA:59,8,1,1
BRDA:78,9,0,1
BRDA:78,9,1,1
BRDA:78,10,0,2
BRDA:78,10,1,2
BRDA:80,11,0,1
BRDA:80,11,1,0
BRDA:82,12,0,0
BRDA:82,12,1,0
BRDA:92,13,0,1
BRDA:92,13,1,1
BRDA:92,14,0,2
BRDA:92,14,1,2
BRDA:108,15,0,0
BRDA:108,15,1,0
BRDA:108,16,0,0
BRDA:108,16,1,0
BRDA:108,16,2,0
BRDA:108,16,3,0
BRDA:123,17,0,0
BRDA:123,17,1,0
BRDA:124,18,0,0
BRDA:124,18,1,0
BRDA:152,19,0,0
BRDA:152,19,1,0
BRF:42
BRH:24
end_of_record
TN:
SF:routes\appointmentRoutes.js
FN:16,(anonymous_0)
FN:52,(anonymous_1)
FN:82,(anonymous_2)
FN:153,(anonymous_3)
FN:180,(anonymous_4)
FN:181,(anonymous_5)
FN:182,(anonymous_6)
FN:217,(anonymous_7)
FN:323,(anonymous_8)
FN:347,(anonymous_9)
FN:351,(anonymous_10)
FN:351,(anonymous_11)
FN:353,(anonymous_12)
FN:367,(anonymous_13)
FN:387,(anonymous_14)
FN:442,(anonymous_15)
FN:470,(anonymous_16)
FN:498,(anonymous_17)
FN:528,(anonymous_18)
FN:558,(anonymous_19)
FN:583,(anonymous_20)
FN:603,(anonymous_21)
FNF:22
FNH:0
FNDA:0,(anonymous_0)
FNDA:0,(anonymous_1)
FNDA:0,(anonymous_2)
FNDA:0,(anonymous_3)
FNDA:0,(anonymous_4)
FNDA:0,(anonymous_5)
FNDA:0,(anonymous_6)
FNDA:0,(anonymous_7)
FNDA:0,(anonymous_8)
FNDA:0,(anonymous_9)
FNDA:0,(anonymous_10)
FNDA:0,(anonymous_11)
FNDA:0,(anonymous_12)
FNDA:0,(anonymous_13)
FNDA:0,(anonymous_14)
FNDA:0,(anonymous_15)
FNDA:0,(anonymous_16)
FNDA:0,(anonymous_17)
FNDA:0,(anonymous_18)
FNDA:0,(anonymous_19)
FNDA:0,(anonymous_20)
FNDA:0,(anonymous_21)
DA:1,1
DA:2,1
DA:3,1
DA:4,1
DA:5,1
DA:6,1
DA:7,1
DA:8,1
DA:13,1
DA:16,1
DA:17,0
DA:18,0
DA:19,0
DA:20,0
DA:22,0
DA:29,0
DA:30,0
DA:32,0
DA:42,0
DA:44,0
DA:45,0
DA:47,0
DA:52,1
DA:53,0
DA:54,0
DA:55,0
DA:56,0
DA:57,0
DA:58,0
DA:60,0
DA:62,0
DA:63,0
DA:64,0
DA:66,0
DA:69,0
DA:73,0
DA:74,0
DA:76,0
DA:77,0
DA:82,1
DA:83,0
DA:84,0
DA:86,0
DA:87,0
DA:88,0
DA:91,0
DA:94,0
DA:96,0
DA:97,0
DA:98,0
DA:99,0
DA:100,0
DA:104,0
DA:105,0
DA:111,0
DA:118,0
DA:119,0
DA:123,0
DA:125,0
DA:127,0
DA:128,0
DA:131,0
DA:132,0
DA:136,0
DA:140,0
DA:142,0
DA:143,0
DA:145,0
DA:147,0
DA:148,0
DA:153,1
DA:154,0
DA:155,0
DA:157,0
DA:158,0
DA:159,0
DA:162,0
DA:165,0
DA:167,0
DA:168,0
DA:169,0
DA:172,0
DA:178,0
DA:180,0
DA:181,0
DA:182,0
DA:184,0
DA:185,0
DA:186,0
DA:187,0
DA:188,0
DA:189,0
DA:191,0
DA:195,0
DA:196,0
DA:200,0
DA:204,0
DA:206,0
DA:207,0
DA:209,0
DA:211,0
DA:212,0
DA:217,1
DA:218,0
DA:220,0
DA:221,0
DA:222,0
DA:226,0
DA:229,0
DA:230,0
DA:233,0
DA:237,0
DA:238,0
DA:239,0
DA:240,0
DA:242,0
DA:243,0
DA:244,0
DA:246,0
DA:254,0
DA:259,0
DA:260,0
DA:261,0
DA:264,0
DA:269,0
DA:272,0
DA:278,0
DA:279,0
DA:288,0
DA:289,0
DA:293,0
DA:294,0
DA:297,0
DA:300,0
DA:301,0
DA:310,0
DA:317,0
DA:318,0
DA:323,1
DA:324,0
DA:326,0
DA:327,0
DA:328,0
DA:331,0
DA:336,0
DA:337,0
DA:338,0
DA:342,0
DA:347,0
DA:349,0
DA:351,0
DA:352,0
DA:353,0
DA:354,0
DA:355,0
DA:359,0
DA:361,0
DA:362,0
DA:367,1
DA:368,0
DA:369,0
DA:373,0
DA:374,0
DA:377,0
DA:379,0
DA:380,0
DA:387,1
DA:388,0
DA:389,0
DA:390,0
DA:394,0
DA:398,0
DA:399,0
DA:402,0
DA:403,0
DA:410,0
DA:418,0
DA:423,0
DA:425,0
DA:426,0
DA:428,0
DA:433,0
DA:436,0
DA:437,0
DA:442,1
DA:443,0
DA:444,0
DA:445,0
DA:449,0
DA:450,0
DA:451,0
DA:455,0
DA:456,0
DA:458,0
DA:459,0
DA:462,0
DA:470,0
DA:478,0
DA:483,0
DA:484,0
DA:489,0
DA:492,0
DA:493,0
DA:498,1
DA:499,0
DA:501,0
DA:504,0
DA:505,0
DA:509,0
DA:517,0
DA:522,0
DA:523,0
DA:528,1
DA:529,0
DA:530,0
DA:531,0
DA:535,0
DA:536,0
DA:538,0
DA:539,0
DA:542,0
DA:550,0
DA:552,0
DA:553,0
DA:558,1
DA:559,0
DA:560,0
DA:561,0
DA:565,0
DA:568,0
DA:577,0
DA:579,0
DA:580,0
DA:583,1
DA:584,0
DA:585,0
DA:586,0
DA:587,0
DA:588,0
DA:589,0
DA:592,0
DA:593,0
DA:594,0
DA:595,0
DA:597,0
DA:603,0
DA:610,0
DA:611,0
DA:613,0
DA:616,1
LF:250
LH:23
BRDA:18,0,0,0
BRDA:18,0,1,0
BRDA:56,1,0,0
BRDA:56,1,1,0
BRDA:57,2,0,0
BRDA:57,2,1,0
BRDA:62,3,0,0
BRDA:62,3,1,0
BRDA:63,4,0,0
BRDA:63,4,1,0
BRDA:87,5,0,0
BRDA:87,5,1,0
BRDA:94,6,0,0
BRDA:94,6,1,0
BRDA:96,7,0,0
BRDA:96,7,1,0
BRDA:99,8,0,0
BRDA:99,8,1,0
BRDA:104,9,0,0
BRDA:104,9,1,0
BRDA:118,10,0,0
BRDA:118,10,1,0
BRDA:118,11,0,0
BRDA:118,11,1,0
BRDA:132,12,0,0
BRDA:132,12,1,0
BRDA:136,13,0,0
BRDA:136,13,1,0
BRDA:158,14,0,0
BRDA:158,14,1,0
BRDA:165,15,0,0
BRDA:165,15,1,0
BRDA:178,16,0,0
BRDA:178,16,1,0
BRDA:184,17,0,0
BRDA:184,17,1,0
BRDA:186,18,0,0
BRDA:186,18,1,0
BRDA:186,19,0,0
BRDA:186,19,1,0
BRDA:188,20,0,0
BRDA:188,20,1,0
BRDA:188,21,0,0
BRDA:188,21,1,0
BRDA:188,21,2,0
BRDA:196,22,0,0
BRDA:196,22,1,0
BRDA:200,23,0,0
BRDA:200,23,1,0
BRDA:204,24,0,0
BRDA:204,24,1,0
BRDA:221,25,0,0
BRDA:221,25,1,0
BRDA:229,26,0,0
BRDA:229,26,1,0
BRDA:242,27,0,0
BRDA:242,27,1,0
BRDA:242,28,0,0
BRDA:242,28,1,0
BRDA:249,29,0,0
BRDA:249,29,1,0
BRDA:250,30,0,0
BRDA:250,30,1,0
BRDA:259,31,0,0
BRDA:259,31,1,0
BRDA:278,32,0,0
BRDA:278,32,1,0
BRDA:288,33,0,0
BRDA:288,33,1,0
BRDA:293,34,0,0
BRDA:293,34,1,0
BRDA:327,35,0,0
BRDA:327,35,1,0
BRDA:327,36,0,0
BRDA:327,36,1,0
BRDA:336,37,0,0
BRDA:336,37,1,0
BRDA:336,38,0,0
BRDA:336,38,1,0
BRDA:355,39,0,0
BRDA:355,39,1,0
BRDA:373,40,0,0
BRDA:373,40,1,0
BRDA:389,41,0,0
BRDA:389,41,1,0
BRDA:398,42,0,0
BRDA:398,42,1,0
BRDA:402,43,0,0
BRDA:402,43,1,0
BRDA:413,44,0,0
BRDA:413,44,1,0
BRDA:414,45,0,0
BRDA:414,45,1,0
BRDA:423,46,0,0
BRDA:423,46,1,0
BRDA:444,47,0,0
BRDA:444,47,1,0
BRDA:450,48,0,0
BRDA:450,48,1,0
BRDA:473,49,0,0
BRDA:473,49,1,0
BRDA:474,50,0,0
BRDA:474,50,1,0
BRDA:483,51,0,0
BRDA:483,51,1,0
BRDA:530,52,0,0
BRDA:530,52,1,0
BRDA:560,53,0,0
BRDA:560,53,1,0
BRDA:589,54,0,0
BRDA:589,54,1,0
BRDA:606,55,0,0
BRDA:606,55,1,0
BRDA:607,56,0,0
BRDA:607,56,1,0
BRF:115
BRH:0
end_of_record
TN:
SF:routes\availabilityRoutes.js
FN:9,(anonymous_0)
FN:44,(anonymous_1)
FN:73,(anonymous_2)
FN:96,(anonymous_3)
FN:133,(anonymous_4)
FN:151,(anonymous_5)
FNF:6
FNH:4
FNDA:0,(anonymous_0)
FNDA:1,(anonymous_1)
FNDA:1,(anonymous_2)
FNDA:1,(anonymous_3)
FNDA:1,(anonymous_4)
FNDA:0,(anonymous_5)
DA:1,1
DA:2,1
DA:3,1
DA:4,1
DA:5,1
DA:6,1
DA:9,1
DA:10,0
DA:11,0
DA:12,0
DA:13,0
DA:15,0
DA:22,0
DA:23,0
DA:25,0
DA:35,0
DA:37,0
DA:38,0
DA:40,0
DA:44,1
DA:45,1
DA:47,1
DA:48,1
DA:49,0
DA:52,1
DA:53,0
DA:56,1
DA:64,1
DA:65,1
DA:67,0
DA:68,0
DA:73,1
DA:74,1
DA:76,1
DA:77,1
DA:78,0
DA:81,1
DA:82,1
DA:83,0
DA:84,0
DA:87,1
DA:88,1
DA:90,0
DA:91,0
DA:96,1
DA:97,1
DA:99,1
DA:100,1
DA:101,0
DA:104,1
DA:105,0
DA:108,1
DA:109,1
DA:110,1
DA:111,1
DA:112,1
DA:113,0
DA:115,1
DA:121,1
DA:122,0
DA:125,1
DA:127,0
DA:128,0
DA:133,1
DA:134,1
DA:135,1
DA:136,0
DA:139,1
DA:140,1
DA:141,0
DA:143,1
DA:145,0
DA:146,0
DA:151,1
DA:152,0
DA:153,0
DA:155,0
DA:156,0
DA:157,0
DA:160,0
DA:161,0
DA:162,0
DA:165,0
DA:166,0
DA:170,0
DA:177,0
DA:178,0
DA:179,0
DA:182,0
DA:183,0
DA:184,0
DA:185,0
DA:187,0
DA:188,0
DA:198,0
DA:200,0
DA:201,0
DA:205,1
LF:98
LH:44
BRDA:11,0,0,0
BRDA:11,0,1,0
BRDA:48,1,0,0
BRDA:48,1,1,1
BRDA:52,2,0,0
BRDA:52,2,1,1
BRDA:60,3,0,1
BRDA:60,3,1,0
BRDA:61,4,0,0
BRDA:61,4,1,1
BRDA:77,5,0,0
BRDA:77,5,1,1
BRDA:77,6,0,1
BRDA:77,6,1,1
BRDA:82,7,0,0
BRDA:82,7,1,1
BRDA:82,8,0,1
BRDA:82,8,1,0
BRDA:100,9,0,0
BRDA:100,9,1,1
BRDA:104,10,0,0
BRDA:104,10,1,1
BRDA:104,11,0,1
BRDA:104,11,1,0
BRDA:104,11,2,0
BRDA:109,12,0,0
BRDA:109,12,1,1
BRDA:110,13,0,0
BRDA:110,13,1,1
BRDA:111,14,0,1
BRDA:111,14,1,0
BRDA:112,15,0,1
BRDA:112,15,1,0
BRDA:112,16,0,1
BRDA:112,16,1,0
BRDA:121,17,0,0
BRDA:121,17,1,1
BRDA:135,18,0,0
BRDA:135,18,1,1
BRDA:140,19,0,0
BRDA:140,19,1,1
BRDA:156,20,0,0
BRDA:156,20,1,0
BRDA:161,21,0,0
BRDA:161,21,1,0
BRDA:165,22,0,0
BRDA:165,22,1,0
BRDA:178,23,0,0
BRDA:178,23,1,0
BRDA:184,24,0,0
BRDA:184,24,1,0
BRDA:187,25,0,0
BRDA:187,25,1,0
BRF:53
BRH:20
end_of_record
TN:
SF:routes\caseRoutes.js
FN:10,(anonymous_0)
FN:45,(anonymous_1)
FN:61,(anonymous_2)
FN:122,(anonymous_3)
FN:142,(anonymous_4)
FN:170,(anonymous_5)
FN:194,(anonymous_6)
FN:212,(anonymous_7)
FN:318,(anonymous_8)
FN:366,(anonymous_9)
FNF:10
FNH:0
FNDA:0,(anonymous_0)
FNDA:0,(anonymous_1)
FNDA:0,(anonymous_2)
FNDA:0,(anonymous_3)
FNDA:0,(anonymous_4)
FNDA:0,(anonymous_5)
FNDA:0,(anonymous_6)
FNDA:0,(anonymous_7)
FNDA:0,(anonymous_8)
FNDA:0,(anonymous_9)
DA:1,1
DA:2,1
DA:3,1
DA:4,1
DA:5,1
DA:6,1
DA:7,1
DA:10,1
DA:11,0
DA:12,0
DA:13,0
DA:14,0
DA:16,0
DA:23,0
DA:24,0
DA:26,0
DA:36,0
DA:38,0
DA:39,0
DA:41,0
DA:45,1
DA:46,0
DA:47,0
DA:48,0
DA:49,0
DA:52,0
DA:53,0
DA:54,0
DA:56,0
DA:61,1
DA:62,0
DA:63,0
DA:66,0
DA:67,0
DA:68,0
DA:74,0
DA:97,0
DA:115,0
DA:117,0
DA:122,1
DA:123,0
DA:124,0
DA:125,0
DA:126,0
DA:129,0
DA:134,0
DA:135,0
DA:137,0
DA:142,1
DA:143,0
DA:144,0
DA:146,0
DA:147,0
DA:148,0
DA:150,0
DA:153,0
DA:154,0
DA:163,0
DA:165,0
DA:170,1
DA:171,0
DA:172,0
DA:173,0
DA:176,0
DA:177,0
DA:178,0
DA:181,0
DA:186,0
DA:187,0
DA:189,0
DA:194,1
DA:195,0
DA:196,0
DA:197,0
DA:200,0
DA:204,0
DA:205,0
DA:207,0
DA:212,1
DA:213,0
DA:214,0
DA:215,0
DA:218,0
DA:222,0
DA:225,0
DA:228,0
DA:229,0
DA:230,0
DA:234,0
DA:241,0
DA:242,0
DA:246,0
DA:247,0
DA:248,0
DA:251,0
DA:257,0
DA:258,0
DA:262,0
DA:271,0
DA:273,0
DA:275,0
DA:276,0
DA:277,0
DA:280,0
DA:281,0
DA:283,0
DA:286,0
DA:297,0
DA:298,0
DA:307,0
DA:313,0
DA:318,1
DA:319,0
DA:320,0
DA:321,0
DA:322,0
DA:323,0
DA:326,0
DA:329,0
DA:330,0
DA:334,0
DA:335,0
DA:338,0
DA:343,0
DA:344,0
DA:345,0
DA:349,0
DA:350,0
DA:359,0
DA:361,0
DA:366,1
DA:367,0
DA:368,0
DA:369,0
DA:370,0
DA:373,0
DA:374,0
DA:375,0
DA:379,0
DA:380,0
DA:381,0
DA:383,0
DA:385,0
DA:389,1
LF:144
LH:18
BRDA:12,0,0,0
BRDA:12,0,1,0
BRDA:48,1,0,0
BRDA:48,1,1,0
BRDA:48,2,0,0
BRDA:48,2,1,0
BRDA:66,3,0,0
BRDA:66,3,1,0
BRDA:67,4,0,0
BRDA:67,4,1,0
BRDA:125,5,0,0
BRDA:125,5,1,0
BRDA:134,6,0,0
BRDA:134,6,1,0
BRDA:146,7,0,0
BRDA:146,7,1,0
BRDA:147,8,0,0
BRDA:147,8,1,0
BRDA:172,9,0,0
BRDA:172,9,1,0
BRDA:177,10,0,0
BRDA:177,10,1,0
BRDA:186,11,0,0
BRDA:186,11,1,0
BRDA:196,12,0,0
BRDA:196,12,1,0
BRDA:204,13,0,0
BRDA:204,13,1,0
BRDA:218,14,0,0
BRDA:218,14,1,0
BRDA:219,15,0,0
BRDA:219,15,1,0
BRDA:229,16,0,0
BRDA:229,16,1,0
BRDA:229,17,0,0
BRDA:229,17,1,0
BRDA:241,18,0,0
BRDA:241,18,1,0
BRDA:241,19,0,0
BRDA:241,19,1,0
BRDA:257,20,0,0
BRDA:257,20,1,0
BRDA:266,21,0,0
BRDA:266,21,1,0
BRDA:273,22,0,0
BRDA:273,22,1,0
BRDA:275,23,0,0
BRDA:275,23,1,0
BRDA:275,24,0,0
BRDA:275,24,1,0
BRDA:280,25,0,0
BRDA:280,25,1,0
BRDA:290,26,0,0
BRDA:290,26,1,0
BRDA:322,27,0,0
BRDA:322,27,1,0
BRDA:329,28,0,0
BRDA:329,28,1,0
BRDA:343,29,0,0
BRDA:343,29,1,0
BRDA:343,30,0,0
BRDA:343,30,1,0
BRDA:369,31,0,0
BRDA:369,31,1,0
BRDA:374,32,0,0
BRDA:374,32,1,0
BRF:66
BRH:0
end_of_record
TN:
SF:routes\crisisData.js
FN:7,(anonymous_0)
FN:27,(anonymous_1)
FN:52,(anonymous_2)
FN:72,(anonymous_3)
FN:91,(anonymous_4)
FNF:5
FNH:1
FNDA:3,(anonymous_0)
FNDA:0,(anonymous_1)
FNDA:0,(anonymous_2)
FNDA:0,(anonymous_3)
FNDA:0,(anonymous_4)
DA:1,2
DA:2,2
DA:3,2
DA:4,2
DA:5,2
DA:7,2
DA:8,3
DA:9,3
DA:12,3
DA:15,2
DA:16,1
DA:19,1
DA:21,1
DA:22,1
DA:27,2
DA:28,0
DA:31,0
DA:33,0
DA:34,0
DA:38,0
DA:41,0
DA:42,0
DA:45,0
DA:47,0
DA:48,0
DA:52,2
DA:53,0
DA:54,0
DA:56,0
DA:57,0
DA:61,0
DA:63,0
DA:64,0
DA:68,0
DA:72,0
DA:78,0
DA:80,0
DA:85,0
DA:86,0
DA:91,2
DA:92,0
DA:93,0
DA:96,0
DA:100,0
DA:101,0
DA:104,0
DA:106,0
DA:107,0
DA:111,2
LF:49
LH:18
BRDA:15,0,0,1
BRDA:15,0,1,1
BRDA:33,1,0,0
BRDA:33,1,1,0
BRDA:41,2,0,0
BRDA:41,2,1,0
BRDA:56,3,0,0
BRDA:56,3,1,0
BRDA:56,4,0,0
BRDA:56,4,1,0
BRDA:56,4,2,0
BRDA:56,4,3,0
BRDA:63,5,0,0
BRDA:63,5,1,0
BRDA:100,6,0,0
BRDA:100,6,1,0
BRDA:100,7,0,0
BRDA:100,7,1,0
BRF:18
BRH:2
end_of_record
TN:
SF:routes\emergencyClaims.js
FN:15,(anonymous_0)
FN:49,(anonymous_1)
FN:58,(anonymous_2)
FN:66,(anonymous_3)
FN:139,(anonymous_4)
FN:170,(anonymous_5)
FN:179,(anonymous_6)
FN:232,(anonymous_7)
FN:238,(anonymous_8)
FN:345,(anonymous_9)
FN:366,(anonymous_10)
FN:370,(anonymous_11)
FN:412,(anonymous_12)
FN:421,(anonymous_13)
FN:445,(anonymous_14)
FN:449,(anonymous_15)
FN:568,(anonymous_16)
FN:577,(anonymous_17)
FN:593,(anonymous_18)
FN:605,(anonymous_19)
FN:624,(anonymous_20)
FN:633,(anonymous_21)
FN:695,(anonymous_22)
FN:752,(anonymous_23)
FN:786,(anonymous_24)
FN:838,calculateSeverityScore
FN:873,getStatusColor
FN:889,getStatusLabel
FN:905,getSeverityColor
FNF:29
FNH:0
FNDA:0,(anonymous_0)
FNDA:0,(anonymous_1)
FNDA:0,(anonymous_2)
FNDA:0,(anonymous_3)
FNDA:0,(anonymous_4)
FNDA:0,(anonymous_5)
FNDA:0,(anonymous_6)
FNDA:0,(anonymous_7)
FNDA:0,(anonymous_8)
FNDA:0,(anonymous_9)
FNDA:0,(anonymous_10)
FNDA:0,(anonymous_11)
FNDA:0,(anonymous_12)
FNDA:0,(anonymous_13)
FNDA:0,(anonymous_14)
FNDA:0,(anonymous_15)
FNDA:0,(anonymous_16)
FNDA:0,(anonymous_17)
FNDA:0,(anonymous_18)
FNDA:0,(anonymous_19)
FNDA:0,(anonymous_20)
FNDA:0,(anonymous_21)
FNDA:0,(anonymous_22)
FNDA:0,(anonymous_23)
FNDA:0,(anonymous_24)
FNDA:0,calculateSeverityScore
FNDA:0,getStatusColor
FNDA:0,getStatusLabel
FNDA:0,getSeverityColor
DA:1,1
DA:2,1
DA:3,1
DA:4,1
DA:5,1
DA:6,1
DA:7,1
DA:8,1
DA:9,1
DA:10,1
DA:11,1
DA:12,1
DA:15,1
DA:16,0
DA:17,0
DA:19,0
DA:20,0
DA:23,0
DA:25,0
DA:27,0
DA:29,0
DA:30,0
DA:33,0
DA:40,0
DA:42,0
DA:43,0
DA:48,1
DA:50,0
DA:52,0
DA:53,0
DA:56,0
DA:59,0
DA:60,0
DA:61,0
DA:66,1
DA:67,0
DA:68,0
DA:70,0
DA:74,1
DA:83,1
DA:139,1
DA:140,0
DA:141,0
DA:142,0
DA:143,0
DA:144,0
DA:146,0
DA:148,0
DA:149,0
DA:154,1
DA:170,1
DA:171,0
DA:172,0
DA:174,0
DA:179,1
DA:180,0
DA:181,0
DA:183,0
DA:184,0
DA:188,0
DA:189,0
DA:192,0
DA:193,0
DA:194,0
DA:195,0
DA:196,0
DA:200,0
DA:218,0
DA:221,0
DA:222,0
DA:225,0
DA:227,0
DA:231,0
DA:232,0
DA:235,0
DA:236,0
DA:237,0
DA:238,0
DA:239,0
DA:244,0
DA:249,0
DA:250,0
DA:252,0
DA:255,0
DA:257,0
DA:275,0
DA:318,0
DA:321,0
DA:322,0
DA:325,0
DA:330,0
DA:336,0
DA:337,0
DA:345,1
DA:346,0
DA:347,0
DA:350,0
DA:351,0
DA:354,0
DA:358,0
DA:360,0
DA:361,0
DA:366,1
DA:367,0
DA:369,0
DA:370,0
DA:372,0
DA:373,0
DA:377,0
DA:378,0
DA:379,0
DA:382,0
DA:383,0
DA:384,0
DA:387,0
DA:394,0
DA:396,0
DA:406,0
DA:407,0
DA:412,1
DA:413,0
DA:415,0
DA:416,0
DA:418,0
DA:420,0
DA:421,0
DA:422,0
DA:423,0
DA:427,0
DA:428,0
DA:432,0
DA:437,0
DA:439,0
DA:440,0
DA:445,1
DA:446,0
DA:448,0
DA:449,0
DA:451,0
DA:452,0
DA:455,0
DA:456,0
DA:459,0
DA:460,0
DA:464,0
DA:480,0
DA:481,0
DA:485,0
DA:487,0
DA:492,0
DA:494,0
DA:495,0
DA:496,0
DA:498,0
DA:511,0
DA:550,0
DA:553,0
DA:557,0
DA:562,0
DA:563,0
DA:568,1
DA:569,0
DA:571,0
DA:572,0
DA:574,0
DA:576,0
DA:577,0
DA:578,0
DA:579,0
DA:583,0
DA:584,0
DA:588,0
DA:593,0
DA:595,0
DA:597,0
DA:605,0
DA:607,0
DA:608,0
DA:611,0
DA:615,0
DA:617,0
DA:618,0
DA:624,1
DA:625,0
DA:627,0
DA:628,0
DA:630,0
DA:632,0
DA:633,0
DA:634,0
DA:635,0
DA:639,0
DA:640,0
DA:644,0
DA:654,0
DA:688,0
DA:689,0
DA:690,0
DA:691,0
DA:695,0
DA:697,0
DA:698,0
DA:700,0
DA:701,0
DA:703,0
DA:704,0
DA:708,0
DA:709,0
DA:711,0
DA:726,0
DA:727,0
DA:729,0
DA:752,0
DA:761,0
DA:762,0
DA:764,0
DA:786,0
DA:794,0
DA:823,0
DA:832,0
DA:833,0
DA:839,0
DA:840,0
DA:843,0
DA:845,0
DA:846,0
DA:849,0
DA:850,0
DA:853,0
DA:854,0
DA:857,0
DA:858,0
DA:860,0
DA:864,0
DA:865,0
DA:869,0
DA:874,0
DA:876,0
DA:878,0
DA:880,0
DA:882,0
DA:884,0
DA:890,0
DA:892,0
DA:894,0
DA:896,0
DA:898,0
DA:900,0
DA:906,0
DA:909,0
DA:912,0
DA:915,0
DA:917,0
DA:921,1
LF:254
LH:28
BRDA:19,0,0,0
BRDA:19,0,1,0
BRDA:19,1,0,0
BRDA:19,1,1,0
BRDA:25,2,0,0
BRDA:25,2,1,0
BRDA:29,3,0,0
BRDA:29,3,1,0
BRDA:52,4,0,0
BRDA:52,4,1,0
BRDA:67,5,0,0
BRDA:67,5,1,0
BRDA:142,6,0,0
BRDA:142,6,1,0
BRDA:143,7,0,0
BRDA:143,7,1,0
BRDA:160,8,0,1
BRDA:160,8,1,0
BRDA:161,9,0,1
BRDA:161,9,1,0
BRDA:171,10,0,0
BRDA:171,10,1,0
BRDA:183,11,0,0
BRDA:183,11,1,0
BRDA:183,12,0,0
BRDA:183,12,1,0
BRDA:188,13,0,0
BRDA:188,13,1,0
BRDA:193,14,0,0
BRDA:193,14,1,0
BRDA:195,15,0,0
BRDA:195,15,1,0
BRDA:204,16,0,0
BRDA:204,16,1,0
BRDA:205,17,0,0
BRDA:205,17,1,0
BRDA:207,18,0,0
BRDA:207,18,1,0
BRDA:208,19,0,0
BRDA:208,19,1,0
BRDA:211,20,0,0
BRDA:211,20,1,0
BRDA:222,21,0,0
BRDA:222,21,1,0
BRDA:231,22,0,0
BRDA:231,22,1,0
BRDA:231,23,0,0
BRDA:231,23,1,0
BRDA:236,24,0,0
BRDA:236,24,1,0
BRDA:237,25,0,0
BRDA:237,25,1,0
BRDA:250,26,0,0
BRDA:250,26,1,0
BRDA:250,27,0,0
BRDA:250,27,1,0
BRDA:276,28,0,0
BRDA:276,28,1,0
BRDA:286,29,0,0
BRDA:286,29,1,0
BRDA:304,30,0,0
BRDA:304,30,1,0
BRDA:350,31,0,0
BRDA:350,31,1,0
BRDA:350,32,0,0
BRDA:350,32,1,0
BRDA:372,33,0,0
BRDA:372,33,1,0
BRDA:377,34,0,0
BRDA:377,34,1,0
BRDA:378,35,0,0
BRDA:378,35,1,0
BRDA:383,36,0,0
BRDA:383,36,1,0
BRDA:384,37,0,0
BRDA:384,37,1,0
BRDA:418,38,0,0
BRDA:418,38,1,0
BRDA:418,39,0,0
BRDA:418,39,1,0
BRDA:420,40,0,0
BRDA:420,40,1,0
BRDA:422,41,0,0
BRDA:422,41,1,0
BRDA:427,42,0,0
BRDA:427,42,1,0
BRDA:451,43,0,0
BRDA:451,43,1,0
BRDA:459,44,0,0
BRDA:459,44,1,0
BRDA:480,45,0,0
BRDA:480,45,1,0
BRDA:492,46,0,0
BRDA:492,46,1,0
BRDA:492,47,0,0
BRDA:492,47,1,0
BRDA:495,48,0,0
BRDA:495,48,1,0
BRDA:495,49,0,0
BRDA:495,49,1,0
BRDA:512,50,0,0
BRDA:512,50,1,0
BRDA:523,51,0,0
BRDA:523,51,1,0
BRDA:528,52,0,0
BRDA:528,52,1,0
BRDA:536,53,0,0
BRDA:536,53,1,0
BRDA:574,54,0,0
BRDA:574,54,1,0
BRDA:574,55,0,0
BRDA:574,55,1,0
BRDA:576,56,0,0
BRDA:576,56,1,0
BRDA:578,57,0,0
BRDA:578,57,1,0
BRDA:583,58,0,0
BRDA:583,58,1,0
BRDA:595,59,0,0
BRDA:595,59,1,0
BRDA:607,60,0,0
BRDA:607,60,1,0
BRDA:630,61,0,0
BRDA:630,61,1,0
BRDA:630,62,0,0
BRDA:630,62,1,0
BRDA:632,63,0,0
BRDA:632,63,1,0
BRDA:634,64,0,0
BRDA:634,64,1,0
BRDA:639,65,0,0
BRDA:639,65,1,0
BRDA:688,66,0,0
BRDA:688,66,1,0
BRDA:688,67,0,0
BRDA:688,67,1,0
BRDA:697,68,0,0
BRDA:697,68,1,0
BRDA:700,69,0,0
BRDA:700,69,1,0
BRDA:703,70,0,0
BRDA:703,70,1,0
BRDA:839,71,0,0
BRDA:839,71,1,0
BRDA:839,72,0,0
BRDA:839,72,1,0
BRDA:839,72,2,0
BRDA:846,73,0,0
BRDA:846,73,1,0
BRDA:846,73,2,0
BRDA:846,73,3,0
BRDA:846,73,4,0
BRDA:846,73,5,0
BRDA:846,73,6,0
BRDA:864,74,0,0
BRDA:864,74,1,0
BRDA:874,75,0,0
BRDA:874,75,1,0
BRDA:874,75,2,0
BRDA:874,75,3,0
BRDA:874,75,4,0
BRDA:890,76,0,0
BRDA:890,76,1,0
BRDA:890,76,2,0
BRDA:890,76,3,0
BRDA:890,76,4,0
BRDA:906,77,0,0
BRDA:906,77,1,0
BRDA:906,77,2,0
BRDA:906,77,3,0
BRDA:906,77,4,0
BRDA:906,77,5,0
BRDA:906,77,6,0
BRF:173
BRH:2
end_of_record
TN:
SF:routes\emotionStats.js
FN:6,(anonymous_0)
FN:20,(anonymous_1)
FNF:2
FNH:0
FNDA:0,(anonymous_0)
FNDA:0,(anonymous_1)
DA:1,1
DA:2,1
DA:3,1
DA:6,1
DA:7,0
DA:8,0
DA:11,0
DA:13,0
DA:14,0
DA:20,1
DA:21,0
DA:23,0
DA:35,0
DA:49,0
DA:62,0
DA:77,0
DA:84,0
DA:85,0
DA:89,1
LF:19
LH:6
BRF:0
BRH:0
end_of_record
TN:
SF:routes\evalution.js
FN:7,(anonymous_0)
FN:56,(anonymous_1)
FN:111,(anonymous_2)
FN:129,(anonymous_3)
FN:147,(anonymous_4)
FN:166,(anonymous_5)
FN:274,(anonymous_6)
FN:285,(anonymous_7)
FNF:8
FNH:0
FNDA:0,(anonymous_0)
FNDA:0,(anonymous_1)
FNDA:0,(anonymous_2)
FNDA:0,(anonymous_3)
FNDA:0,(anonymous_4)
FNDA:0,(anonymous_5)
FNDA:0,(anonymous_6)
FNDA:0,(anonymous_7)
DA:1,1
DA:2,1
DA:3,1
DA:4,1
DA:7,1
DA:8,0
DA:9,0
DA:12,1
DA:57,0
DA:58,0
DA:59,0
DA:62,0
DA:63,0
DA:64,0
DA:65,0
DA:69,0
DA:72,0
DA:73,0
DA:74,0
DA:78,0
DA:83,0
DA:84,0
DA:86,0
DA:91,0
DA:96,0
DA:97,0
DA:102,0
DA:103,0
DA:111,1
DA:112,0
DA:113,0
DA:114,0
DA:115,0
DA:119,0
DA:122,0
DA:123,0
DA:124,0
DA:128,0
DA:129,0
DA:134,0
DA:139,0
DA:140,0
DA:147,1
DA:148,0
DA:149,0
DA:150,0
DA:151,0
DA:153,0
DA:161,0
DA:166,1
DA:167,0
DA:168,0
DA:260,0
DA:265,0
DA:266,0
DA:274,1
DA:275,0
DA:276,0
DA:277,0
DA:279,0
DA:280,0
DA:285,1
DA:286,0
DA:287,0
DA:289,0
DA:389,0
DA:390,0
DA:395,0
DA:400,0
DA:401,0
DA:408,1
LF:71
LH:12
BRDA:58,0,0,0
BRDA:58,0,1,0
BRDA:64,1,0,0
BRDA:64,1,1,0
BRDA:73,2,0,0
BRDA:73,2,1,0
BRDA:73,3,0,0
BRDA:73,3,1,0
BRDA:96,4,0,0
BRDA:96,4,1,0
BRDA:105,5,0,0
BRDA:105,5,1,0
BRDA:114,6,0,0
BRDA:114,6,1,0
BRDA:123,7,0,0
BRDA:123,7,1,0
BRDA:123,8,0,0
BRDA:123,8,1,0
BRDA:142,9,0,0
BRDA:142,9,1,0
BRDA:150,10,0,0
BRDA:150,10,1,0
BRDA:268,11,0,0
BRDA:268,11,1,0
BRDA:389,12,0,0
BRDA:389,12,1,0
BRDA:403,13,0,0
BRDA:403,13,1,0
BRF:28
BRH:0
end_of_record
TN:
SF:routes\exitRequests.js
FN:10,(anonymous_0)
FN:22,(anonymous_1)
FN:27,(anonymous_2)
FN:45,(anonymous_3)
FN:112,(anonymous_4)
FN:124,(anonymous_5)
FN:129,(anonymous_6)
FN:143,(anonymous_7)
FN:157,(anonymous_8)
FN:166,(anonymous_9)
FN:179,(anonymous_10)
FN:211,(anonymous_11)
FN:217,(anonymous_12)
FN:226,calculatePriority
FNF:14
FNH:0
FNDA:0,(anonymous_0)
FNDA:0,(anonymous_1)
FNDA:0,(anonymous_2)
FNDA:0,(anonymous_3)
FNDA:0,(anonymous_4)
FNDA:0,(anonymous_5)
FNDA:0,(anonymous_6)
FNDA:0,(anonymous_7)
FNDA:0,(anonymous_8)
FNDA:0,(anonymous_9)
FNDA:0,(anonymous_10)
FNDA:0,(anonymous_11)
FNDA:0,(anonymous_12)
FNDA:0,calculatePriority
DA:1,1
DA:2,1
DA:3,1
DA:4,1
DA:5,1
DA:6,1
DA:7,1
DA:10,1
DA:11,0
DA:12,0
DA:14,0
DA:15,0
DA:16,0
DA:17,0
DA:18,0
DA:20,0
DA:21,0
DA:22,0
DA:23,0
DA:24,0
DA:26,0
DA:27,0
DA:29,0
DA:30,0
DA:32,0
DA:33,0
DA:35,0
DA:36,0
DA:41,1
DA:46,0
DA:47,0
DA:48,0
DA:49,0
DA:50,0
DA:53,0
DA:54,0
DA:55,0
DA:57,0
DA:58,0
DA:59,0
DA:60,0
DA:61,0
DA:64,0
DA:65,0
DA:69,0
DA:70,0
DA:71,0
DA:74,0
DA:75,0
DA:76,0
DA:77,0
DA:80,0
DA:82,0
DA:83,0
DA:87,0
DA:89,0
DA:90,0
DA:93,0
DA:94,0
DA:101,0
DA:102,0
DA:104,0
DA:106,0
DA:107,0
DA:112,1
DA:113,0
DA:114,0
DA:116,0
DA:117,0
DA:118,0
DA:119,0
DA:120,0
DA:122,0
DA:123,0
DA:124,0
DA:125,0
DA:126,0
DA:128,0
DA:129,0
DA:131,0
DA:132,0
DA:134,0
DA:135,0
DA:137,0
DA:138,0
DA:143,1
DA:144,0
DA:145,0
DA:146,0
DA:147,0
DA:148,0
DA:149,0
DA:151,0
DA:152,0
DA:157,1
DA:158,0
DA:159,0
DA:160,0
DA:162,0
DA:166,0
DA:167,0
DA:168,0
DA:169,0
DA:171,0
DA:173,0
DA:174,0
DA:179,1
DA:180,0
DA:183,0
DA:184,0
DA:186,0
DA:187,0
DA:191,0
DA:195,0
DA:197,0
DA:198,0
DA:200,0
DA:205,0
DA:206,0
DA:211,1
DA:212,0
DA:213,0
DA:217,0
DA:218,0
DA:220,0
DA:221,0
DA:227,0
DA:230,0
DA:233,0
DA:268,0
DA:270,0
DA:271,0
DA:272,0
DA:276,0
DA:279,1
LF:135
LH:15
BRDA:12,0,0,0
BRDA:12,0,1,0
BRDA:17,1,0,0
BRDA:17,1,1,0
BRDA:21,2,0,0
BRDA:21,2,1,0
BRDA:23,3,0,0
BRDA:23,3,1,0
BRDA:26,4,0,0
BRDA:26,4,1,0
BRDA:26,5,0,0
BRDA:26,5,1,0
BRDA:26,5,2,0
BRDA:29,6,0,0
BRDA:29,6,1,0
BRDA:48,7,0,0
BRDA:48,7,1,0
BRDA:59,8,0,0
BRDA:59,8,1,0
BRDA:69,9,0,0
BRDA:69,9,1,0
BRDA:75,10,0,0
BRDA:75,10,1,0
BRDA:114,11,0,0
BRDA:114,11,1,0
BRDA:119,12,0,0
BRDA:119,12,1,0
BRDA:123,13,0,0
BRDA:123,13,1,0
BRDA:125,14,0,0
BRDA:125,14,1,0
BRDA:128,15,0,0
BRDA:128,15,1,0
BRDA:128,16,0,0
BRDA:128,16,1,0
BRDA:128,16,2,0
BRDA:131,17,0,0
BRDA:131,17,1,0
BRDA:149,18,0,0
BRDA:149,18,1,0
BRDA:159,19,0,0
BRDA:159,19,1,0
BRDA:195,20,0,0
BRDA:195,20,1,0
BRDA:227,21,0,0
BRDA:227,21,1,0
BRDA:271,22,0,0
BRDA:271,22,1,0
BRDA:271,23,0,0
BRDA:271,23,1,0
BRF:50
BRH:0
end_of_record
TN:
SF:routes\feedbackRoutes.js
FN:9,(anonymous_0)
FN:15,(anonymous_1)
FN:34,(anonymous_2)
FN:85,(anonymous_3)
FNF:4
FNH:0
FNDA:0,(anonymous_0)
FNDA:0,(anonymous_1)
FNDA:0,(anonymous_2)
FNDA:0,(anonymous_3)
DA:1,1
DA:2,1
DA:3,1
DA:4,1
DA:5,1
DA:6,1
DA:9,1
DA:10,0
DA:11,0
DA:15,1
DA:16,0
DA:17,0
DA:18,0
DA:21,0
DA:22,0
DA:23,0
DA:24,0
DA:25,0
DA:27,0
DA:28,0
DA:30,0
DA:31,0
DA:34,1
DA:35,0
DA:36,0
DA:37,0
DA:39,0
DA:40,0
DA:44,1
DA:86,0
DA:87,0
DA:88,0
DA:91,0
DA:92,0
DA:96,0
DA:98,0
DA:103,0
DA:108,0
DA:109,0
DA:114,0
DA:115,0
DA:123,1
LF:42
LH:11
BRDA:17,0,0,0
BRDA:17,0,1,0
BRDA:24,1,0,0
BRDA:24,1,1,0
BRDA:24,2,0,0
BRDA:24,2,1,0
BRDA:87,3,0,0
BRDA:87,3,1,0
BRDA:108,4,0,0
BRDA:108,4,1,0
BRDA:117,5,0,0
BRDA:117,5,1,0
BRF:12
BRH:0
end_of_record
TN:
SF:routes\index.js
FN:5,(anonymous_0)
FNF:1
FNH:0
FNDA:0,(anonymous_0)
DA:1,1
DA:2,1
DA:5,1
DA:6,0
DA:9,1
LF:5
LH:4
BRF:0
BRH:0
end_of_record
TN:
SF:routes\notesRoutes.js
FN:14,(anonymous_0)
FN:47,(anonymous_1)
FN:64,(anonymous_2)
FN:65,(anonymous_3)
FN:66,(anonymous_4)
FN:67,(anonymous_5)
FN:68,(anonymous_6)
FN:86,(anonymous_7)
FN:129,(anonymous_8)
FN:145,(anonymous_9)
FN:154,(anonymous_10)
FN:155,(anonymous_11)
FN:167,(anonymous_12)
FN:242,(anonymous_13)
FN:282,(anonymous_14)
FN:330,(anonymous_15)
FN:384,(anonymous_16)
FN:428,(anonymous_17)
FN:465,(anonymous_18)
FN:519,(anonymous_19)
FN:552,(anonymous_20)
FN:577,(anonymous_21)
FNF:22
FNH:1
FNDA:0,(anonymous_0)
FNDA:0,(anonymous_1)
FNDA:0,(anonymous_2)
FNDA:0,(anonymous_3)
FNDA:0,(anonymous_4)
FNDA:0,(anonymous_5)
FNDA:0,(anonymous_6)
FNDA:0,(anonymous_7)
FNDA:0,(anonymous_8)
FNDA:0,(anonymous_9)
FNDA:0,(anonymous_10)
FNDA:0,(anonymous_11)
FNDA:0,(anonymous_12)
FNDA:0,(anonymous_13)
FNDA:0,(anonymous_14)
FNDA:0,(anonymous_15)
FNDA:0,(anonymous_16)
FNDA:0,(anonymous_17)
FNDA:0,(anonymous_18)
FNDA:0,(anonymous_19)
FNDA:0,(anonymous_20)
FNDA:1,(anonymous_21)
DA:1,1
DA:2,1
DA:3,1
DA:4,1
DA:5,1
DA:6,1
DA:7,1
DA:8,1
DA:11,1
DA:14,1
DA:15,0
DA:17,0
DA:18,0
DA:21,0
DA:22,0
DA:26,0
DA:27,0
DA:28,0
DA:32,0
DA:33,0
DA:35,0
DA:36,0
DA:39,0
DA:41,0
DA:42,0
DA:47,1
DA:48,0
DA:49,0
DA:52,0
DA:53,0
DA:59,0
DA:64,0
DA:65,0
DA:66,0
DA:67,0
DA:68,0
DA:75,0
DA:77,0
DA:78,0
DA:86,1
DA:87,0
DA:88,0
DA:89,0
DA:92,0
DA:99,0
DA:100,0
DA:107,0
DA:108,0
DA:114,0
DA:115,0
DA:118,0
DA:120,0
DA:121,0
DA:129,1
DA:130,0
DA:131,0
DA:133,0
DA:134,0
DA:137,0
DA:139,0
DA:140,0
DA:144,0
DA:145,0
DA:146,0
DA:149,0
DA:154,0
DA:155,0
DA:158,0
DA:159,0
DA:167,1
DA:168,0
DA:169,0
DA:170,0
DA:173,0
DA:178,0
DA:179,0
DA:183,0
DA:191,0
DA:193,0
DA:195,0
DA:196,0
DA:200,0
DA:202,0
DA:203,0
DA:205,0
DA:208,0
DA:213,0
DA:220,0
DA:221,0
DA:224,0
DA:233,0
DA:234,0
DA:242,1
DA:243,0
DA:244,0
DA:245,0
DA:248,0
DA:253,0
DA:254,0
DA:257,0
DA:266,0
DA:268,0
DA:273,0
DA:274,0
DA:282,1
DA:283,0
DA:298,0
DA:300,0
DA:303,0
DA:304,0
DA:305,0
DA:309,0
DA:310,0
DA:311,0
DA:313,0
DA:314,0
DA:315,0
DA:320,0
DA:327,0
DA:328,0
DA:330,0
DA:331,0
DA:332,0
DA:336,0
DA:337,0
DA:345,0
DA:362,0
DA:365,0
DA:370,0
DA:375,0
DA:376,0
DA:384,1
DA:385,0
DA:386,0
DA:387,0
DA:390,0
DA:391,0
DA:395,0
DA:396,0
DA:397,0
DA:402,0
DA:406,0
DA:407,0
DA:411,0
DA:417,0
DA:419,0
DA:420,0
DA:428,1
DA:429,0
DA:430,0
DA:431,0
DA:433,0
DA:434,0
DA:438,0
DA:444,0
DA:445,0
DA:448,0
DA:451,0
DA:452,0
DA:459,0
DA:460,0
DA:463,0
DA:465,0
DA:466,0
DA:467,0
DA:471,0
DA:472,0
DA:481,0
DA:487,0
DA:488,0
DA:489,0
DA:490,0
DA:495,0
DA:496,0
DA:499,0
DA:500,0
DA:505,0
DA:510,0
DA:511,0
DA:519,1
DA:520,0
DA:521,0
DA:522,0
DA:525,0
DA:530,0
DA:531,0
DA:534,0
DA:541,0
DA:543,0
DA:544,0
DA:552,1
DA:553,0
DA:554,0
DA:555,0
DA:558,0
DA:559,0
DA:560,0
DA:564,0
DA:566,0
DA:568,0
DA:569,0
DA:577,1
DA:578,1
DA:580,1
DA:581,1
DA:582,1
DA:583,1
DA:586,0
DA:588,0
DA:811,0
DA:812,0
DA:814,0
DA:819,1
DA:820,1
LF:214
LH:28
BRDA:17,0,0,0
BRDA:17,0,1,0
BRDA:17,1,0,0
BRDA:17,1,1,0
BRDA:21,2,0,0
BRDA:21,2,1,0
BRDA:27,3,0,0
BRDA:27,3,1,0
BRDA:32,4,0,0
BRDA:32,4,1,0
BRDA:33,5,0,0
BRDA:33,5,1,0
BRDA:35,6,0,0
BRDA:35,6,1,0
BRDA:35,7,0,0
BRDA:35,7,1,0
BRDA:49,8,0,0
BRDA:49,8,1,0
BRDA:89,9,0,0
BRDA:89,9,1,0
BRDA:99,10,0,0
BRDA:99,10,1,0
BRDA:107,11,0,0
BRDA:107,11,1,0
BRDA:114,12,0,0
BRDA:114,12,1,0
BRDA:133,13,0,0
BRDA:133,13,1,0
BRDA:139,14,0,0
BRDA:139,14,1,0
BRDA:146,15,0,0
BRDA:146,15,1,0
BRDA:170,16,0,0
BRDA:170,16,1,0
BRDA:178,17,0,0
BRDA:178,17,1,0
BRDA:191,18,0,0
BRDA:191,18,1,0
BRDA:200,19,0,0
BRDA:200,19,1,0
BRDA:203,20,0,0
BRDA:203,20,1,0
BRDA:220,21,0,0
BRDA:220,21,1,0
BRDA:228,22,0,0
BRDA:228,22,1,0
BRDA:245,23,0,0
BRDA:245,23,1,0
BRDA:253,24,0,0
BRDA:253,24,1,0
BRDA:262,25,0,0
BRDA:262,25,1,0
BRDA:300,26,0,0
BRDA:300,26,1,0
BRDA:304,27,0,0
BRDA:304,27,1,0
BRDA:309,28,0,0
BRDA:309,28,1,0
BRDA:309,29,0,0
BRDA:309,29,1,0
BRDA:310,30,0,0
BRDA:310,30,1,0
BRDA:313,31,0,0
BRDA:313,31,1,0
BRDA:314,32,0,0
BRDA:314,32,1,0
BRDA:327,33,0,0
BRDA:327,33,1,0
BRDA:331,34,0,0
BRDA:331,34,1,0
BRDA:331,35,0,0
BRDA:331,35,1,0
BRDA:331,35,2,0
BRDA:336,36,0,0
BRDA:336,36,1,0
BRDA:350,37,0,0
BRDA:350,37,1,0
BRDA:359,38,0,0
BRDA:359,38,1,0
BRDA:387,39,0,0
BRDA:387,39,1,0
BRDA:390,40,0,0
BRDA:390,40,1,0
BRDA:396,41,0,0
BRDA:396,41,1,0
BRDA:406,42,0,0
BRDA:406,42,1,0
BRDA:431,43,0,0
BRDA:431,43,1,0
BRDA:433,44,0,0
BRDA:433,44,1,0
BRDA:444,45,0,0
BRDA:444,45,1,0
BRDA:451,46,0,0
BRDA:451,46,1,0
BRDA:451,47,0,0
BRDA:451,47,1,0
BRDA:459,48,0,0
BRDA:459,48,1,0
BRDA:466,49,0,0
BRDA:466,49,1,0
BRDA:466,50,0,0
BRDA:466,50,1,0
BRDA:466,50,2,0
BRDA:471,51,0,0
BRDA:471,51,1,0
BRDA:489,52,0,0
BRDA:489,52,1,0
BRDA:499,53,0,0
BRDA:499,53,1,0
BRDA:499,54,0,0
BRDA:499,54,1,0
BRDA:522,55,0,0
BRDA:522,55,1,0
BRDA:530,56,0,0
BRDA:530,56,1,0
BRDA:555,57,0,0
BRDA:555,57,1,0
BRDA:559,58,0,0
BRDA:559,58,1,0
BRDA:581,59,0,1
BRDA:581,59,1,0
BRF:122
BRH:1
end_of_record
TN:
SF:routes\notifications.js
FN:8,(anonymous_0)
FN:26,(anonymous_1)
FNF:2
FNH:0
FNDA:0,(anonymous_0)
FNDA:0,(anonymous_1)
DA:2,1
DA:3,1
DA:4,1
DA:5,1
DA:8,1
DA:9,0
DA:10,0
DA:11,0
DA:17,0
DA:18,0
DA:20,0
DA:21,0
DA:26,1
DA:27,0
DA:28,0
DA:29,0
DA:31,0
DA:32,0
DA:33,0
DA:34,0
DA:37,0
DA:38,0
DA:39,0
DA:40,0
DA:41,0
DA:44,0
DA:45,0
DA:46,0
DA:47,0
DA:49,0
DA:50,0
DA:54,1
LF:32
LH:7
BRDA:32,0,0,0
BRDA:32,0,1,0
BRDA:39,1,0,0
BRDA:39,1,1,0
BRF:4
BRH:0
end_of_record
TN:
SF:routes\passportConfig.js
FN:12,(anonymous_0)
FN:51,(anonymous_1)
FN:64,(anonymous_2)
FN:68,(anonymous_3)
FNF:4
FNH:0
FNDA:0,(anonymous_0)
FNDA:0,(anonymous_1)
FNDA:0,(anonymous_2)
FNDA:0,(anonymous_3)
DA:1,1
DA:2,1
DA:3,1
DA:4,1
DA:5,1
DA:7,1
DA:13,0
DA:14,0
DA:17,0
DA:18,0
DA:21,0
DA:28,0
DA:29,0
DA:37,0
DA:40,0
DA:42,0
DA:47,1
DA:48,1
DA:49,1
DA:51,1
DA:52,0
DA:53,0
DA:54,0
DA:55,0
DA:57,0
DA:60,0
DA:64,1
DA:65,0
DA:68,1
DA:69,0
DA:70,0
DA:71,0
DA:73,0
DA:77,1
LF:34
LH:13
BRDA:17,0,0,0
BRDA:17,0,1,0
BRDA:28,1,0,0
BRDA:28,1,1,0
BRDA:54,2,0,0
BRDA:54,2,1,0
BRF:6
BRH:0
end_of_record
TN:
SF:routes\posts.js
FN:17,(anonymous_0)
FN:20,(anonymous_1)
FN:28,(anonymous_2)
FN:38,(anonymous_3)
FN:95,(anonymous_4)
FN:107,(anonymous_5)
FN:137,(anonymous_6)
FN:144,(anonymous_7)
FN:146,(anonymous_8)
FN:153,(anonymous_9)
FN:155,(anonymous_10)
FN:163,(anonymous_11)
FN:169,(anonymous_12)
FN:174,(anonymous_13)
FN:176,(anonymous_14)
FN:187,(anonymous_15)
FN:197,(anonymous_16)
FN:216,(anonymous_17)
FN:225,(anonymous_18)
FN:227,(anonymous_19)
FN:251,(anonymous_20)
FN:264,(anonymous_21)
FN:292,(anonymous_22)
FN:305,(anonymous_23)
FN:327,(anonymous_24)
FN:349,(anonymous_25)
FN:460,(anonymous_26)
FN:466,(anonymous_27)
FN:484,(anonymous_28)
FN:497,(anonymous_29)
FN:544,(anonymous_30)
FN:593,(anonymous_31)
FN:690,(anonymous_32)
FN:711,(anonymous_33)
FN:722,(anonymous_34)
FN:725,(anonymous_35)
FN:766,(anonymous_36)
FN:777,(anonymous_37)
FN:780,(anonymous_38)
FN:821,(anonymous_39)
FN:833,(anonymous_40)
FNF:41
FNH:0
FNDA:0,(anonymous_0)
FNDA:0,(anonymous_1)
FNDA:0,(anonymous_2)
FNDA:0,(anonymous_3)
FNDA:0,(anonymous_4)
FNDA:0,(anonymous_5)
FNDA:0,(anonymous_6)
FNDA:0,(anonymous_7)
FNDA:0,(anonymous_8)
FNDA:0,(anonymous_9)
FNDA:0,(anonymous_10)
FNDA:0,(anonymous_11)
FNDA:0,(anonymous_12)
FNDA:0,(anonymous_13)
FNDA:0,(anonymous_14)
FNDA:0,(anonymous_15)
FNDA:0,(anonymous_16)
FNDA:0,(anonymous_17)
FNDA:0,(anonymous_18)
FNDA:0,(anonymous_19)
FNDA:0,(anonymous_20)
FNDA:0,(anonymous_21)
FNDA:0,(anonymous_22)
FNDA:0,(anonymous_23)
FNDA:0,(anonymous_24)
FNDA:0,(anonymous_25)
FNDA:0,(anonymous_26)
FNDA:0,(anonymous_27)
FNDA:0,(anonymous_28)
FNDA:0,(anonymous_29)
FNDA:0,(anonymous_30)
FNDA:0,(anonymous_31)
FNDA:0,(anonymous_32)
FNDA:0,(anonymous_33)
FNDA:0,(anonymous_34)
FNDA:0,(anonymous_35)
FNDA:0,(anonymous_36)
FNDA:0,(anonymous_37)
FNDA:0,(anonymous_38)
FNDA:0,(anonymous_39)
FNDA:0,(anonymous_40)
DA:1,1
DA:2,1
DA:3,1
DA:4,1
DA:5,1
DA:6,1
DA:7,1
DA:8,1
DA:9,1
DA:10,1
DA:11,1
DA:12,1
DA:13,1
DA:16,1
DA:18,0
DA:21,0
DA:25,1
DA:28,1
DA:29,0
DA:30,0
DA:34,1
DA:39,0
DA:41,0
DA:43,0
DA:47,0
DA:48,0
DA:51,0
DA:52,0
DA:56,0
DA:70,0
DA:73,0
DA:77,0
DA:78,0
DA:81,0
DA:83,0
DA:86,0
DA:88,0
DA:89,0
DA:95,1
DA:96,0
DA:97,0
DA:98,0
DA:99,0
DA:101,0
DA:102,0
DA:107,1
DA:108,0
DA:109,0
DA:110,0
DA:111,0
DA:115,0
DA:116,0
DA:120,0
DA:123,0
DA:126,0
DA:130,0
DA:132,0
DA:133,0
DA:137,1
DA:138,0
DA:139,0
DA:140,0
DA:141,0
DA:142,0
DA:143,0
DA:144,0
DA:145,0
DA:146,0
DA:147,0
DA:148,0
DA:149,0
DA:152,0
DA:153,0
DA:155,0
DA:162,0
DA:163,0
DA:169,0
DA:173,0
DA:174,0
DA:176,0
DA:183,0
DA:184,0
DA:185,0
DA:187,0
DA:189,0
DA:190,0
DA:193,0
DA:194,0
DA:197,0
DA:200,0
DA:201,0
DA:203,0
DA:205,0
DA:211,0
DA:212,0
DA:216,0
DA:219,0
DA:220,0
DA:224,0
DA:225,0
DA:227,0
DA:233,0
DA:245,0
DA:246,0
DA:251,1
DA:252,0
DA:254,0
DA:255,0
DA:259,0
DA:264,0
DA:265,0
DA:268,0
DA:269,0
DA:275,0
DA:277,0
DA:280,0
DA:283,0
DA:285,0
DA:286,0
DA:292,1
DA:293,0
DA:295,0
DA:296,0
DA:300,0
DA:305,0
DA:306,0
DA:308,0
DA:309,0
DA:315,0
DA:318,0
DA:320,0
DA:321,0
DA:327,1
DA:328,0
DA:330,0
DA:331,0
DA:334,0
DA:337,0
DA:338,0
DA:342,0
DA:344,0
DA:345,0
DA:349,0
DA:350,0
DA:354,0
DA:355,0
DA:382,0
DA:386,0
DA:387,0
DA:440,0
DA:441,0
DA:445,0
DA:446,0
DA:447,0
DA:449,0
DA:454,0
DA:455,0
DA:460,1
DA:461,0
DA:463,0
DA:466,1
DA:467,0
DA:468,0
DA:471,0
DA:473,0
DA:474,0
DA:476,0
DA:478,0
DA:479,0
DA:484,1
DA:485,0
DA:486,0
DA:487,0
DA:488,0
DA:489,0
DA:490,0
DA:493,0
DA:496,0
DA:497,0
DA:498,0
DA:500,0
DA:501,0
DA:504,0
DA:505,0
DA:513,0
DA:514,0
DA:517,0
DA:520,0
DA:521,0
DA:525,0
DA:528,0
DA:530,0
DA:533,0
DA:534,0
DA:536,0
DA:537,0
DA:544,1
DA:545,0
DA:547,0
DA:549,0
DA:550,0
DA:553,0
DA:554,0
DA:555,0
DA:559,0
DA:563,0
DA:566,0
DA:568,0
DA:576,0
DA:579,0
DA:580,0
DA:583,0
DA:584,0
DA:585,0
DA:588,0
DA:590,0
DA:592,0
DA:593,0
DA:595,0
DA:617,0
DA:618,0
DA:621,0
DA:625,0
DA:631,0
DA:634,0
DA:641,0
DA:644,0
DA:658,0
DA:659,0
DA:663,0
DA:664,0
DA:673,0
DA:674,0
DA:677,0
DA:680,0
DA:681,0
DA:685,0
DA:690,0
DA:691,0
DA:694,0
DA:697,0
DA:699,0
DA:705,0
DA:706,0
DA:711,1
DA:712,0
DA:713,0
DA:714,0
DA:716,0
DA:717,0
DA:719,0
DA:721,0
DA:722,0
DA:724,0
DA:725,0
DA:728,0
DA:729,0
DA:738,0
DA:739,0
DA:742,0
DA:745,0
DA:746,0
DA:750,0
DA:753,0
DA:755,0
DA:758,0
DA:760,0
DA:761,0
DA:766,1
DA:767,0
DA:768,0
DA:769,0
DA:771,0
DA:772,0
DA:774,0
DA:776,0
DA:777,0
DA:779,0
DA:780,0
DA:783,0
DA:784,0
DA:793,0
DA:794,0
DA:797,0
DA:800,0
DA:801,0
DA:805,0
DA:808,0
DA:810,0
DA:813,0
DA:815,0
DA:816,0
DA:821,1
DA:822,0
DA:823,0
DA:824,0
DA:826,0
DA:827,0
DA:829,0
DA:830,0
DA:833,0
DA:835,0
DA:837,0
DA:840,0
DA:842,0
DA:843,0
DA:856,1
LF:307
LH:31
BRDA:51,0,0,0
BRDA:51,0,1,0
BRDA:60,1,0,0
BRDA:60,1,1,0
BRDA:61,2,0,0
BRDA:61,2,1,0
BRDA:62,3,0,0
BRDA:62,3,1,0
BRDA:63,4,0,0
BRDA:63,4,1,0
BRDA:65,5,0,0
BRDA:65,5,1,0
BRDA:66,6,0,0
BRDA:66,6,1,0
BRDA:66,7,0,0
BRDA:66,7,1,0
BRDA:110,8,0,0
BRDA:110,8,1,0
BRDA:115,9,0,0
BRDA:115,9,1,0
BRDA:144,10,0,0
BRDA:144,10,1,0
BRDA:146,11,0,0
BRDA:146,11,1,0
BRDA:148,12,0,0
BRDA:148,12,1,0
BRDA:166,13,0,0
BRDA:166,13,1,0
BRDA:166,14,0,0
BRDA:166,14,1,0
BRDA:167,15,0,0
BRDA:167,15,1,0
BRDA:174,16,0,0
BRDA:174,16,1,0
BRDA:174,17,0,0
BRDA:174,17,1,0
BRDA:179,18,0,0
BRDA:179,18,1,0
BRDA:189,19,0,0
BRDA:189,19,1,0
BRDA:189,20,0,0
BRDA:189,20,1,0
BRDA:193,21,0,0
BRDA:193,21,1,0
BRDA:193,22,0,0
BRDA:193,22,1,0
BRDA:200,23,0,0
BRDA:200,23,1,0
BRDA:200,24,0,0
BRDA:200,24,1,0
BRDA:205,25,0,0
BRDA:205,25,1,0
BRDA:211,26,0,0
BRDA:211,26,1,0
BRDA:212,27,0,0
BRDA:212,27,1,0
BRDA:219,28,0,0
BRDA:219,28,1,0
BRDA:254,29,0,0
BRDA:254,29,1,0
BRDA:254,30,0,0
BRDA:254,30,1,0
BRDA:268,31,0,0
BRDA:268,31,1,0
BRDA:270,32,0,0
BRDA:270,32,1,0
BRDA:275,33,0,0
BRDA:275,33,1,0
BRDA:277,34,0,0
BRDA:277,34,1,0
BRDA:295,35,0,0
BRDA:295,35,1,0
BRDA:295,36,0,0
BRDA:295,36,1,0
BRDA:308,37,0,0
BRDA:308,37,1,0
BRDA:330,38,0,0
BRDA:330,38,1,0
BRDA:330,39,0,0
BRDA:330,39,1,0
BRDA:337,40,0,0
BRDA:337,40,1,0
BRDA:344,41,0,0
BRDA:344,41,1,0
BRDA:366,42,0,0
BRDA:366,42,1,0
BRDA:366,43,0,0
BRDA:366,43,1,0
BRDA:367,44,0,0
BRDA:367,44,1,0
BRDA:367,45,0,0
BRDA:367,45,1,0
BRDA:386,46,0,0
BRDA:386,46,1,0
BRDA:386,47,0,0
BRDA:386,47,1,0
BRDA:471,48,0,0
BRDA:471,48,1,0
BRDA:488,49,0,0
BRDA:488,49,1,0
BRDA:496,50,0,0
BRDA:496,50,1,0
BRDA:504,51,0,0
BRDA:504,51,1,0
BRDA:511,52,0,0
BRDA:511,52,1,0
BRDA:549,53,0,0
BRDA:549,53,1,0
BRDA:554,54,0,0
BRDA:554,54,1,0
BRDA:566,55,0,0
BRDA:566,55,1,0
BRDA:573,56,0,0
BRDA:573,56,1,0
BRDA:579,57,0,0
BRDA:579,57,1,0
BRDA:583,58,0,0
BRDA:583,58,1,0
BRDA:592,59,0,0
BRDA:592,59,1,0
BRDA:592,60,0,0
BRDA:592,60,1,0
BRDA:648,61,0,0
BRDA:648,61,1,0
BRDA:649,62,0,0
BRDA:649,62,1,0
BRDA:663,63,0,0
BRDA:663,63,1,0
BRDA:670,64,0,0
BRDA:670,64,1,0
BRDA:671,65,0,0
BRDA:671,65,1,0
BRDA:714,66,0,0
BRDA:714,66,1,0
BRDA:717,67,0,0
BRDA:717,67,1,0
BRDA:721,68,0,0
BRDA:721,68,1,0
BRDA:728,69,0,0
BRDA:728,69,1,0
BRDA:736,70,0,0
BRDA:736,70,1,0
BRDA:769,71,0,0
BRDA:769,71,1,0
BRDA:772,72,0,0
BRDA:772,72,1,0
BRDA:776,73,0,0
BRDA:776,73,1,0
BRDA:783,74,0,0
BRDA:783,74,1,0
BRDA:791,75,0,0
BRDA:791,75,1,0
BRDA:824,76,0,0
BRDA:824,76,1,0
BRDA:827,77,0,0
BRDA:827,77,1,0
BRDA:829,78,0,0
BRDA:829,78,1,0
BRF:158
BRH:0
end_of_record
TN:
SF:routes\users.js
FN:20,(anonymous_0)
FN:30,(anonymous_1)
FN:40,(anonymous_2)
FN:110,(anonymous_3)
FN:125,(anonymous_4)
FN:140,(anonymous_5)
FN:177,(anonymous_6)
FN:214,(anonymous_7)
FN:239,(anonymous_8)
FN:244,(anonymous_9)
FN:268,(anonymous_10)
FN:319,(anonymous_11)
FN:347,(anonymous_12)
FN:363,(anonymous_13)
FN:364,(anonymous_14)
FN:381,(anonymous_15)
FN:390,(anonymous_16)
FN:394,(anonymous_17)
FN:406,(anonymous_18)
FNF:19
FNH:0
FNDA:0,(anonymous_0)
FNDA:0,(anonymous_1)
FNDA:0,(anonymous_2)
FNDA:0,(anonymous_3)
FNDA:0,(anonymous_4)
FNDA:0,(anonymous_5)
FNDA:0,(anonymous_6)
FNDA:0,(anonymous_7)
FNDA:0,(anonymous_8)
FNDA:0,(anonymous_9)
FNDA:0,(anonymous_10)
FNDA:0,(anonymous_11)
FNDA:0,(anonymous_12)
FNDA:0,(anonymous_13)
FNDA:0,(anonymous_14)
FNDA:0,(anonymous_15)
FNDA:0,(anonymous_16)
FNDA:0,(anonymous_17)
FNDA:0,(anonymous_18)
DA:1,1
DA:2,1
DA:3,1
DA:4,1
DA:5,1
DA:6,1
DA:7,1
DA:8,1
DA:9,1
DA:10,1
DA:11,1
DA:12,1
DA:16,1
DA:17,1
DA:21,0
DA:22,0
DA:23,0
DA:24,0
DA:26,0
DA:30,1
DA:31,0
DA:32,0
DA:34,0
DA:40,1
DA:41,0
DA:51,0
DA:54,0
DA:55,0
DA:59,0
DA:60,0
DA:64,0
DA:65,0
DA:66,0
DA:70,0
DA:73,0
DA:89,0
DA:92,0
DA:99,0
DA:102,0
DA:104,0
DA:105,0
DA:110,1
DA:111,0
DA:113,0
DA:116,0
DA:119,0
DA:120,0
DA:125,1
DA:126,0
DA:128,0
DA:131,0
DA:134,0
DA:135,0
DA:140,1
DA:141,0
DA:142,0
DA:145,0
DA:152,0
DA:153,0
DA:157,0
DA:160,0
DA:167,0
DA:171,0
DA:172,0
DA:177,1
DA:178,0
DA:179,0
DA:182,0
DA:189,0
DA:190,0
DA:194,0
DA:197,0
DA:204,0
DA:208,0
DA:209,0
DA:214,1
DA:215,0
DA:216,0
DA:219,0
DA:220,0
DA:224,0
DA:225,0
DA:226,0
DA:230,0
DA:231,0
DA:233,0
DA:239,0
DA:240,0
DA:241,0
DA:244,0
DA:246,0
DA:249,0
DA:250,0
DA:253,0
DA:254,0
DA:255,0
DA:257,0
DA:260,0
DA:262,0
DA:263,0
DA:268,1
DA:269,0
DA:270,0
DA:271,0
DA:274,0
DA:275,0
DA:276,0
DA:280,0
DA:281,0
DA:282,0
DA:286,0
DA:287,0
DA:288,0
DA:292,0
DA:293,0
DA:297,0
DA:298,0
DA:302,0
DA:305,0
DA:308,0
DA:310,0
DA:311,0
DA:319,1
DA:320,0
DA:322,0
DA:323,0
DA:327,0
DA:336,0
DA:338,0
DA:339,0
DA:347,1
DA:348,0
DA:350,0
DA:351,0
DA:355,0
DA:360,0
DA:362,0
DA:363,0
DA:364,0
DA:365,0
DA:366,0
DA:380,0
DA:381,0
DA:390,0
DA:394,0
DA:396,0
DA:398,0
DA:399,0
DA:406,1
DA:407,0
DA:409,0
DA:410,0
DA:413,0
DA:414,0
DA:415,0
DA:418,0
DA:419,0
DA:420,0
DA:424,0
DA:426,0
DA:429,0
DA:430,0
DA:431,0
DA:434,0
DA:437,0
DA:438,0
DA:439,0
DA:467,0
DA:468,0
DA:470,0
DA:475,0
DA:487,0
DA:488,0
DA:492,1
LF:174
LH:26
BRDA:23,0,0,0
BRDA:23,0,1,0
BRDA:50,1,0,0
BRDA:54,2,0,0
BRDA:54,2,1,0
BRDA:54,3,0,0
BRDA:54,3,1,0
BRDA:54,3,2,0
BRDA:54,3,3,0
BRDA:54,3,4,0
BRDA:54,3,5,0
BRDA:59,4,0,0
BRDA:59,4,1,0
BRDA:65,5,0,0
BRDA:65,5,1,0
BRDA:78,6,0,0
BRDA:78,6,1,0
BRDA:79,7,0,0
BRDA:79,7,1,0
BRDA:152,8,0,0
BRDA:152,8,1,0
BRDA:189,9,0,0
BRDA:189,9,1,0
BRDA:219,10,0,0
BRDA:219,10,1,0
BRDA:225,11,0,0
BRDA:225,11,1,0
BRDA:275,12,0,0
BRDA:275,12,1,0
BRDA:280,13,0,0
BRDA:280,13,1,0
BRDA:281,14,0,0
BRDA:281,14,1,0
BRDA:287,15,0,0
BRDA:287,15,1,0
BRDA:297,16,0,0
BRDA:297,16,1,0
BRDA:322,17,0,0
BRDA:322,17,1,0
BRDA:322,18,0,0
BRDA:322,18,1,0
BRDA:350,19,0,0
BRDA:350,19,1,0
BRDA:350,20,0,0
BRDA:350,20,1,0
BRDA:365,21,0,0
BRDA:365,21,1,0
BRDA:365,22,0,0
BRDA:365,22,1,0
BRDA:409,23,0,0
BRDA:409,23,1,0
BRDA:409,24,0,0
BRDA:409,24,1,0
BRDA:414,25,0,0
BRDA:414,25,1,0
BRDA:419,26,0,0
BRDA:419,26,1,0
BRDA:424,27,0,0
BRDA:424,27,1,0
BRDA:429,28,0,0
BRDA:429,28,1,0
BRDA:437,29,0,0
BRDA:437,29,1,0
BRDA:476,30,0,0
BRDA:476,30,1,0
BRDA:476,31,0,0
BRDA:476,31,1,0
BRF:67
BRH:0
end_of_record
TN:
SF:routes\usersHoussine.js
FN:10,(anonymous_0)
FN:50,(anonymous_1)
FN:93,(anonymous_2)
FN:125,(anonymous_3)
FN:157,(anonymous_4)
FN:169,(anonymous_5)
FNF:6
FNH:0
FNDA:0,(anonymous_0)
FNDA:0,(anonymous_1)
FNDA:0,(anonymous_2)
FNDA:0,(anonymous_3)
FNDA:0,(anonymous_4)
FNDA:0,(anonymous_5)
DA:1,1
DA:2,1
DA:3,1
DA:4,1
DA:5,1
DA:6,1
DA:7,1
DA:8,1
DA:10,1
DA:11,0
DA:12,0
DA:13,0
DA:15,0
DA:16,0
DA:20,0
DA:21,0
DA:32,0
DA:45,0
DA:50,1
DA:51,0
DA:52,0
DA:53,0
DA:54,0
DA:55,0
DA:56,0
DA:57,0
DA:60,0
DA:61,0
DA:62,0
DA:64,0
DA:65,0
DA:66,0
DA:67,0
DA:68,0
DA:71,0
DA:72,0
DA:77,0
DA:78,0
DA:79,0
DA:81,0
DA:82,0
DA:83,0
DA:84,0
DA:86,0
DA:87,0
DA:93,1
DA:94,0
DA:95,0
DA:96,0
DA:98,0
DA:99,0
DA:100,0
DA:102,0
DA:103,0
DA:109,0
DA:112,0
DA:113,0
DA:114,0
DA:115,0
DA:117,0
DA:119,0
DA:125,1
DA:126,0
DA:127,0
DA:128,0
DA:130,0
DA:131,0
DA:132,0
DA:136,0
DA:137,0
DA:138,0
DA:140,0
DA:141,0
DA:142,0
DA:143,0
DA:144,0
DA:145,0
DA:146,0
DA:147,0
DA:149,0
DA:150,0
DA:152,0
DA:157,1
DA:158,0
DA:159,0
DA:160,0
DA:161,0
DA:163,0
DA:164,0
DA:169,1
DA:170,0
DA:171,0
DA:172,0
DA:173,0
DA:175,0
DA:176,0
DA:181,1
LF:97
LH:15
BRDA:13,0,0,0
BRDA:13,0,1,0
BRDA:20,1,0,0
BRDA:20,1,1,0
BRDA:30,2,0,0
BRDA:30,2,1,0
BRDA:42,3,0,0
BRDA:42,3,1,0
BRDA:55,4,0,0
BRDA:55,4,1,0
BRDA:66,5,0,0
BRDA:66,5,1,0
BRDA:96,6,0,0
BRDA:96,6,1,0
BRDA:100,7,0,0
BRDA:100,7,1,0
BRDA:109,8,0,0
BRDA:109,8,1,0
BRDA:128,9,0,0
BRDA:128,9,1,0
BRDA:131,10,0,0
BRDA:131,10,1,0
BRDA:138,11,0,0
BRDA:138,11,1,0
BRDA:140,12,0,0
BRDA:140,12,1,0
BRDA:141,13,0,0
BRDA:141,13,1,0
BRDA:142,14,0,0
BRDA:142,14,1,0
BRDA:143,15,0,0
BRDA:143,15,1,0
BRDA:144,16,0,0
BRDA:144,16,1,0
BRDA:145,17,0,0
BRDA:145,17,1,0
BRDA:146,18,0,0
BRDA:146,18,1,0
BRDA:147,19,0,0
BRDA:147,19,1,0
BRDA:160,20,0,0
BRDA:160,20,1,0
BRDA:161,21,0,0
BRDA:161,21,1,0
BRDA:172,22,0,0
BRDA:172,22,1,0
BRF:46
BRH:0
end_of_record
TN:
SF:routes\usersRouter.js
FN:14,(anonymous_0)
FN:19,(anonymous_1)
FN:136,(anonymous_2)
FN:161,(anonymous_3)
FN:192,(anonymous_4)
FN:204,(anonymous_5)
FN:237,(anonymous_6)
FN:249,checkTokenBlacklist
FN:263,(anonymous_8)
FNF:9
FNH:0
FNDA:0,(anonymous_0)
FNDA:0,(anonymous_1)
FNDA:0,(anonymous_2)
FNDA:0,(anonymous_3)
FNDA:0,(anonymous_4)
FNDA:0,(anonymous_5)
FNDA:0,(anonymous_6)
FNDA:0,checkTokenBlacklist
FNDA:0,(anonymous_8)
DA:1,1
DA:2,1
DA:3,1
DA:4,1
DA:5,1
DA:6,1
DA:7,1
DA:8,1
DA:9,1
DA:11,1
DA:14,1
DA:15,0
DA:19,1
DA:20,0
DA:22,0
DA:24,0
DA:25,0
DA:26,0
DA:29,0
DA:30,0
DA:31,0
DA:32,0
DA:33,0
DA:36,0
DA:37,0
DA:38,0
DA:41,0
DA:42,0
DA:43,0
DA:47,0
DA:48,0
DA:51,0
DA:52,0
DA:54,0
DA:57,0
DA:58,0
DA:61,0
DA:62,0
DA:64,0
DA:65,0
DA:71,0
DA:72,0
DA:73,0
DA:77,0
DA:78,0
DA:82,0
DA:83,0
DA:84,0
DA:85,0
DA:87,0
DA:94,0
DA:95,0
DA:97,0
DA:103,0
DA:104,0
DA:115,0
DA:130,0
DA:131,0
DA:136,1
DA:137,0
DA:139,0
DA:140,0
DA:141,0
DA:142,0
DA:145,0
DA:146,0
DA:147,0
DA:148,0
DA:150,0
DA:151,0
DA:153,0
DA:155,0
DA:156,0
DA:161,1
DA:162,0
DA:164,0
DA:165,0
DA:168,0
DA:169,0
DA:170,0
DA:171,0
DA:174,0
DA:175,0
DA:176,0
DA:178,0
DA:180,0
DA:181,0
DA:186,1
DA:189,1
DA:193,0
DA:194,0
DA:195,0
DA:197,0
DA:198,0
DA:204,1
DA:205,0
DA:207,0
DA:208,0
DA:211,0
DA:212,0
DA:213,0
DA:214,0
DA:217,0
DA:218,0
DA:219,0
DA:220,0
DA:221,0
DA:223,0
DA:229,0
DA:231,0
DA:232,0
DA:237,1
DA:238,0
DA:239,0
DA:240,0
DA:243,0
DA:244,0
DA:245,0
DA:250,0
DA:251,0
DA:252,0
DA:255,0
DA:256,0
DA:257,0
DA:259,0
DA:263,1
DA:264,0
DA:267,1
LF:128
LH:20
BRDA:24,0,0,0
BRDA:24,0,1,0
BRDA:24,1,0,0
BRDA:24,1,1,0
BRDA:31,2,0,0
BRDA:31,2,1,0
BRDA:32,3,0,0
BRDA:32,3,1,0
BRDA:36,4,0,0
BRDA:36,4,1,0
BRDA:41,5,0,0
BRDA:41,5,1,0
BRDA:47,6,0,0
BRDA:47,6,1,0
BRDA:57,7,0,0
BRDA:57,7,1,0
BRDA:61,8,0,0
BRDA:61,8,1,0
BRDA:64,9,0,0
BRDA:64,9,1,0
BRDA:71,10,0,0
BRDA:71,10,1,0
BRDA:82,11,0,0
BRDA:82,11,1,0
BRDA:83,12,0,0
BRDA:83,12,1,0
BRDA:112,13,0,0
BRDA:112,13,1,0
BRDA:113,14,0,0
BRDA:113,14,1,0
BRDA:125,15,0,0
BRDA:125,15,1,0
BRDA:126,16,0,0
BRDA:126,16,1,0
BRDA:141,17,0,0
BRDA:141,17,1,0
BRDA:164,18,0,0
BRDA:164,18,1,0
BRDA:164,19,0,0
BRDA:164,19,1,0
BRDA:170,20,0,0
BRDA:170,20,1,0
BRDA:207,21,0,0
BRDA:207,21,1,0
BRDA:207,22,0,0
BRDA:207,22,1,0
BRDA:213,23,0,0
BRDA:213,23,1,0
BRDA:217,24,0,0
BRDA:217,24,1,0
BRDA:218,25,0,0
BRDA:218,25,1,0
BRDA:219,26,0,0
BRDA:219,26,1,0
BRDA:220,27,0,0
BRDA:220,27,1,0
BRDA:239,28,0,0
BRDA:239,28,1,0
BRDA:239,29,0,0
BRDA:239,29,1,0
BRDA:251,30,0,0
BRDA:251,30,1,0
BRDA:251,31,0,0
BRDA:251,31,1,0
BRDA:256,32,0,0
BRDA:256,32,1,0
BRF:66
BRH:0
end_of_record
TN:
SF:routes\usersStatistics.js
FN:6,(anonymous_0)
FNF:1
FNH:0
FNDA:0,(anonymous_0)
DA:1,1
DA:2,1
DA:3,1
DA:6,1
DA:7,0
DA:9,0
DA:12,0
DA:22,0
DA:32,0
DA:38,0
DA:40,0
DA:41,0
DA:45,1
LF:13
LH:5
BRF:0
BRH:0
end_of_record
TN:
SF:routes\TeacherTrainingRoutes\certificateRoutes.js
FN:7,(anonymous_0)
FN:19,(anonymous_1)
FN:34,(anonymous_2)
FN:35,(anonymous_3)
FNF:4
FNH:0
FNDA:0,(anonymous_0)
FNDA:0,(anonymous_1)
FNDA:0,(anonymous_2)
FNDA:0,(anonymous_3)
DA:1,1
DA:2,1
DA:3,1
DA:4,1
DA:7,1
DA:8,0
DA:9,0
DA:12,0
DA:14,0
DA:19,1
DA:20,0
DA:22,0
DA:27,0
DA:28,0
DA:29,0
DA:33,0
DA:35,0
DA:36,0
DA:37,0
DA:41,0
DA:42,0
DA:48,0
DA:52,0
DA:53,0
DA:57,0
DA:59,0
DA:66,0
DA:67,0
DA:68,0
DA:70,0
DA:74,1
LF:31
LH:7
BRDA:28,0,0,0
BRDA:28,0,1,0
BRDA:33,1,0,0
BRDA:33,1,1,0
BRDA:33,2,0,0
BRDA:33,2,1,0
BRDA:33,2,2,0
BRDA:41,3,0,0
BRDA:41,3,1,0
BRDA:52,4,0,0
BRDA:52,4,1,0
BRF:11
BRH:0
end_of_record
TN:
SF:routes\TeacherTrainingRoutes\trainingContentRoutes.js
FN:11,(anonymous_0)
FN:26,(anonymous_1)
FN:102,(anonymous_2)
FN:129,(anonymous_3)
FN:150,(anonymous_4)
FN:165,(anonymous_5)
FN:177,(anonymous_6)
FNF:7
FNH:0
FNDA:0,(anonymous_0)
FNDA:0,(anonymous_1)
FNDA:0,(anonymous_2)
FNDA:0,(anonymous_3)
FNDA:0,(anonymous_4)
FNDA:0,(anonymous_5)
FNDA:0,(anonymous_6)
DA:1,1
DA:2,1
DA:3,1
DA:4,1
DA:5,1
DA:6,1
DA:7,1
DA:9,1
DA:12,0
DA:13,0
DA:15,0
DA:22,1
DA:27,0
DA:28,0
DA:32,0
DA:34,0
DA:40,0
DA:42,0
DA:43,0
DA:44,0
DA:46,0
DA:48,0
DA:49,0
DA:50,0
DA:51,0
DA:53,0
DA:55,0
DA:56,0
DA:57,0
DA:59,0
DA:69,0
DA:75,0
DA:77,0
DA:79,0
DA:81,0
DA:82,0
DA:83,0
DA:85,0
DA:87,0
DA:90,0
DA:91,0
DA:92,0
DA:94,0
DA:95,0
DA:102,1
DA:103,0
DA:104,0
DA:105,0
DA:106,0
DA:109,0
DA:110,0
DA:113,0
DA:114,0
DA:118,0
DA:119,0
DA:120,0
DA:124,0
DA:125,0
DA:129,0
DA:130,0
DA:131,0
DA:135,0
DA:138,0
DA:140,0
DA:142,0
DA:143,0
DA:150,1
DA:151,0
DA:152,0
DA:153,0
DA:155,0
DA:159,0
DA:161,0
DA:162,0
DA:163,0
DA:164,0
DA:165,0
DA:169,0
DA:170,0
DA:172,0
DA:177,1
DA:178,0
DA:179,0
DA:182,0
DA:184,0
DA:188,1
LF:86
LH:13
BRDA:12,0,0,0
BRDA:12,0,1,0
BRDA:12,1,0,0
BRDA:12,1,1,0
BRDA:32,2,0,0
BRDA:32,2,1,0
BRDA:40,3,0,0
BRDA:40,3,1,0
BRDA:40,3,2,0
BRDA:40,3,3,0
BRDA:40,3,4,0
BRDA:43,4,0,0
BRDA:43,4,1,0
BRDA:49,5,0,0
BRDA:49,5,1,0
BRDA:50,6,0,0
BRDA:50,6,1,0
BRDA:50,7,0,0
BRDA:50,7,1,0
BRDA:55,8,0,0
BRDA:55,8,1,0
BRDA:81,9,0,0
BRDA:81,9,1,0
BRDA:82,10,0,0
BRDA:82,10,1,0
BRDA:109,11,0,0
BRDA:109,11,1,0
BRDA:113,12,0,0
BRDA:113,12,1,0
BRDA:113,13,0,0
BRDA:113,13,1,0
BRDA:113,13,2,0
BRDA:119,14,0,0
BRDA:119,14,1,0
BRDA:124,15,0,0
BRDA:124,15,1,0
BRDA:130,16,0,0
BRDA:130,16,1,0
BRDA:153,17,0,0
BRDA:153,17,1,0
BRDA:159,18,0,0
BRDA:159,18,1,0
BRDA:161,19,0,0
BRDA:161,19,1,0
BRDA:161,20,0,0
BRDA:161,20,1,0
BRDA:163,21,0,0
BRDA:163,21,1,0
BRF:48
BRH:0
end_of_record
TN:
SF:routes\TeacherTrainingRoutes\trainingProgram.js
FN:8,(anonymous_0)
FN:21,(anonymous_1)
FN:27,(anonymous_2)
FN:41,(anonymous_3)
FN:51,(anonymous_4)
FN:62,(anonymous_5)
FN:85,(anonymous_6)
FN:106,(anonymous_7)
FN:130,(anonymous_8)
FN:144,(anonymous_9)
FNF:10
FNH:0
FNDA:0,(anonymous_0)
FNDA:0,(anonymous_1)
FNDA:0,(anonymous_2)
FNDA:0,(anonymous_3)
FNDA:0,(anonymous_4)
FNDA:0,(anonymous_5)
FNDA:0,(anonymous_6)
FNDA:0,(anonymous_7)
FNDA:0,(anonymous_8)
FNDA:0,(anonymous_9)
DA:1,1
DA:2,1
DA:3,1
DA:4,1
DA:5,1
DA:8,1
DA:9,0
DA:10,0
DA:14,0
DA:15,0
DA:17,0
DA:21,1
DA:22,0
DA:23,0
DA:26,0
DA:28,0
DA:29,0
DA:33,0
DA:35,0
DA:36,0
DA:41,1
DA:42,0
DA:43,0
DA:44,0
DA:46,0
DA:51,1
DA:52,0
DA:53,0
DA:54,0
DA:55,0
DA:57,0
DA:62,1
DA:63,0
DA:64,0
DA:69,0
DA:70,0
DA:76,0
DA:77,0
DA:78,0
DA:80,0
DA:85,1
DA:86,0
DA:87,0
DA:92,0
DA:93,0
DA:98,0
DA:99,0
DA:101,0
DA:106,1
DA:107,0
DA:108,0
DA:109,0
DA:110,0
DA:113,0
DA:115,0
DA:116,0
DA:120,0
DA:121,0
DA:123,0
DA:125,0
DA:130,1
DA:131,0
DA:132,0
DA:133,0
DA:134,0
DA:137,0
DA:139,0
DA:140,0
DA:144,0
DA:145,0
DA:147,0
DA:149,0
DA:153,1
LF:73
LH:14
BRDA:54,0,0,0
BRDA:54,0,1,0
BRDA:69,1,0,0
BRDA:69,1,1,0
BRDA:92,2,0,0
BRDA:92,2,1,0
BRDA:109,3,0,0
BRDA:109,3,1,0
BRDA:115,4,0,0
BRDA:115,4,1,0
BRDA:133,5,0,0
BRDA:133,5,1,0
BRDA:139,6,0,0
BRDA:139,6,1,0
BRF:14
BRH:0
end_of_record
TN:
SF:routes\TeacherTrainingRoutes\userProgress.js
FN:7,(anonymous_0)
FN:36,(anonymous_1)
FN:45,(anonymous_2)
FN:76,(anonymous_3)
FNF:4
FNH:0
FNDA:0,(anonymous_0)
FNDA:0,(anonymous_1)
FNDA:0,(anonymous_2)
FNDA:0,(anonymous_3)
DA:1,1
DA:2,1
DA:3,1
DA:4,1
DA:7,1
DA:8,0
DA:9,0
DA:10,0
DA:12,0
DA:29,0
DA:31,0
DA:36,1
DA:37,0
DA:38,0
DA:39,0
DA:40,0
DA:41,0
DA:45,0
DA:46,0
DA:48,0
DA:50,0
DA:69,0
DA:71,0
DA:76,1
DA:77,0
DA:78,0
DA:83,0
DA:85,0
DA:89,1
LF:29
LH:8
BRDA:10,0,0,0
BRDA:10,0,1,0
BRDA:40,1,0,0
BRDA:40,1,1,0
BRDA:40,2,0,0
BRDA:40,2,1,0
BRDA:83,3,0,0
BRDA:83,3,1,0
BRF:8
BRH:0
end_of_record
TN:
SF:services\appointementReminderService.js
FN:26,(anonymous_0)
FN:168,(anonymous_1)
FN:324,(anonymous_2)
FN:377,(anonymous_3)
FNF:4
FNH:0
FNDA:0,(anonymous_0)
FNDA:0,(anonymous_1)
FNDA:0,(anonymous_2)
FNDA:0,(anonymous_3)
DA:1,1
DA:2,1
DA:3,1
DA:4,1
DA:5,1
DA:6,1
DA:9,1
DA:26,1
DA:28,0
DA:29,0
DA:32,0
DA:33,0
DA:36,0
DA:147,0
DA:155,0
DA:156,0
DA:157,0
DA:158,0
DA:160,0
DA:161,0
DA:168,1
DA:170,0
DA:173,0
DA:175,0
DA:176,0
DA:178,0
DA:191,0
DA:192,0
DA:193,0
DA:194,0
DA:196,0
DA:210,0
DA:217,0
DA:303,0
DA:311,0
DA:312,0
DA:313,0
DA:314,0
DA:316,0
DA:317,0
DA:324,1
DA:325,0
DA:327,0
DA:330,0
DA:331,0
DA:334,0
DA:339,0
DA:341,0
DA:342,0
DA:345,0
DA:347,0
DA:349,0
DA:350,0
DA:351,0
DA:352,0
DA:355,0
DA:356,0
DA:358,0
DA:361,0
DA:362,0
DA:366,0
DA:367,0
DA:369,0
DA:370,0
DA:377,1
DA:378,0
DA:380,0
DA:385,0
DA:388,0
DA:389,0
DA:391,0
DA:392,0
DA:394,0
DA:395,0
DA:398,0
DA:400,0
DA:407,0
DA:408,0
DA:409,0
DA:411,0
DA:415,0
DA:416,0
DA:418,0
DA:419,0
DA:423,1
LF:85
LH:12
BRDA:33,0,0,0
BRDA:33,0,1,0
BRDA:108,1,0,0
BRDA:108,1,1,0
BRDA:117,2,0,0
BRDA:117,2,1,0
BRDA:118,3,0,0
BRDA:118,3,1,0
BRDA:119,4,0,0
BRDA:119,4,1,0
BRDA:175,5,0,0
BRDA:175,5,1,0
BRDA:193,6,0,0
BRDA:193,6,1,0
BRDA:200,7,0,0
BRDA:200,7,1,0
BRDA:202,8,0,0
BRDA:202,8,1,0
BRDA:203,9,0,0
BRDA:203,9,1,0
BRDA:204,10,0,0
BRDA:204,10,1,0
BRDA:278,11,0,0
BRDA:278,11,1,0
BRDA:349,12,0,0
BRDA:349,12,1,0
BRDA:351,13,0,0
BRDA:351,13,1,0
BRDA:408,14,0,0
BRDA:408,14,1,0
BRF:30
BRH:0
end_of_record
TN:
SF:services\reminderService.js
FN:23,(anonymous_0)
FN:166,(anonymous_1)
FNF:2
FNH:0
FNDA:0,(anonymous_0)
FNDA:0,(anonymous_1)
DA:1,1
DA:2,1
DA:3,1
DA:4,1
DA:5,1
DA:6,1
DA:8,1
DA:23,1
DA:24,0
DA:31,0
DA:147,0
DA:155,0
DA:156,0
DA:157,0
DA:158,0
DA:160,0
DA:161,0
DA:166,1
DA:167,0
DA:169,0
DA:170,0
DA:172,0
DA:173,0
DA:176,0
DA:177,0
DA:178,0
DA:179,0
DA:181,0
DA:185,0
DA:186,0
DA:188,0
DA:189,0
DA:193,1
LF:33
LH:10
BRDA:109,0,0,0
BRDA:109,0,1,0
BRDA:178,1,0,0
BRDA:178,1,1,0
BRF:4
BRH:0
end_of_record
TN:
SF:services\weatherNotificationService.js
FN:31,(anonymous_0)
FN:86,(anonymous_1)
FN:99,(anonymous_2)
FN:268,(anonymous_3)
FN:286,(anonymous_4)
FN:310,(anonymous_5)
FN:341,(anonymous_6)
FN:375,(anonymous_7)
FNF:8
FNH:0
FNDA:0,(anonymous_0)
FNDA:0,(anonymous_1)
FNDA:0,(anonymous_2)
FNDA:0,(anonymous_3)
FNDA:0,(anonymous_4)
FNDA:0,(anonymous_5)
FNDA:0,(anonymous_6)
FNDA:0,(anonymous_7)
DA:1,2
DA:2,2
DA:3,2
DA:4,2
DA:5,2
DA:6,2
DA:7,2
DA:10,2
DA:13,2
DA:31,2
DA:33,0
DA:36,0
DA:38,0
DA:40,0
DA:43,0
DA:47,0
DA:48,0
DA:49,0
DA:54,0
DA:57,0
DA:70,0
DA:74,0
DA:75,0
DA:76,0
DA:79,0
DA:80,0
DA:86,2
DA:87,0
DA:99,2
DA:100,0
DA:101,0
DA:104,0
DA:105,0
DA:106,0
DA:107,0
DA:109,0
DA:268,2
DA:269,0
DA:270,0
DA:272,0
DA:286,2
DA:287,0
DA:288,0
DA:290,0
DA:297,0
DA:298,0
DA:300,0
DA:302,0
DA:303,0
DA:310,2
DA:312,0
DA:315,0
DA:316,0
DA:320,0
DA:321,0
DA:325,0
DA:326,0
DA:330,0
DA:331,0
DA:335,0
DA:341,2
DA:342,0
DA:343,0
DA:346,0
DA:349,0
DA:350,0
DA:356,0
DA:358,0
DA:364,0
DA:365,0
DA:367,0
DA:368,0
DA:375,2
DA:376,0
DA:378,0
DA:381,0
DA:382,0
DA:383,0
DA:392,0
DA:393,0
DA:395,0
DA:396,0
DA:397,0
DA:398,0
DA:401,0
DA:403,0
DA:404,0
DA:405,0
DA:406,0
DA:410,0
DA:411,0
DA:412,0
DA:413,0
DA:417,0
DA:423,0
DA:424,0
DA:428,2
LF:97
LH:18
BRDA:19,0,0,2
BRDA:19,0,1,0
BRDA:20,1,0,2
BRDA:20,1,1,0
BRDA:38,2,0,0
BRDA:38,2,1,0
BRDA:47,3,0,0
BRDA:47,3,1,0
BRDA:74,4,0,0
BRDA:74,4,1,0
BRDA:74,5,0,0
BRDA:74,5,1,0
BRDA:105,6,0,0
BRDA:105,6,1,0
BRDA:106,7,0,0
BRDA:106,7,1,0
BRDA:107,8,0,0
BRDA:107,8,1,0
BRDA:200,9,0,0
BRDA:200,9,1,0
BRDA:247,10,0,0
BRDA:247,10,1,0
BRDA:247,11,0,0
BRDA:247,11,1,0
BRDA:277,12,0,0
BRDA:277,12,1,0
BRDA:288,13,0,0
BRDA:288,13,1,0
BRDA:315,14,0,0
BRDA:315,14,1,0
BRDA:320,15,0,0
BRDA:320,15,1,0
BRDA:320,16,0,0
BRDA:320,16,1,0
BRDA:325,17,0,0
BRDA:325,17,1,0
BRDA:325,18,0,0
BRDA:325,18,1,0
BRDA:330,19,0,0
BRDA:330,19,1,0
BRDA:343,20,0,0
BRDA:343,20,1,0
BRDA:349,21,0,0
BRDA:349,21,1,0
BRDA:381,22,0,0
BRDA:381,22,1,0
BRDA:403,23,0,0
BRDA:403,23,1,0
BRDA:405,24,0,0
BRDA:405,24,1,0
BRDA:410,25,0,0
BRDA:410,25,1,0
BRDA:412,26,0,0
BRDA:412,26,1,0
BRF:54
BRH:2
end_of_record
TN:
SF:utils\badgeUtils.js
FN:6,(anonymous_0)
FN:7,(anonymous_1)
FN:8,(anonymous_2)
FN:9,(anonymous_3)
FN:12,(anonymous_4)
FN:23,(anonymous_5)
FN:34,(anonymous_6)
FN:53,(anonymous_7)
FNF:8
FNH:0
FNDA:0,(anonymous_0)
FNDA:0,(anonymous_1)
FNDA:0,(anonymous_2)
FNDA:0,(anonymous_3)
FNDA:0,(anonymous_4)
FNDA:0,(anonymous_5)
FNDA:0,(anonymous_6)
FNDA:0,(anonymous_7)
DA:1,1
DA:2,1
DA:5,1
DA:6,0
DA:7,0
DA:8,0
DA:9,0
DA:12,1
DA:13,0
DA:14,0
DA:15,0
DA:18,0
DA:23,0
DA:34,0
DA:37,0
DA:40,0
DA:41,0
DA:42,0
DA:43,0
DA:44,0
DA:50,0
DA:51,0
DA:52,0
DA:53,0
DA:56,0
DA:58,0
DA:63,0
DA:67,0
DA:68,0
DA:70,0
DA:71,0
DA:75,1
LF:32
LH:5
BRDA:15,0,0,0
BRDA:15,0,1,0
BRDA:23,1,0,0
BRDA:23,1,1,0
BRDA:34,2,0,0
BRDA:34,2,1,0
BRDA:42,3,0,0
BRDA:42,3,1,0
BRDA:43,4,0,0
BRDA:43,4,1,0
BRDA:43,5,0,0
BRDA:43,5,1,0
BRDA:50,6,0,0
BRDA:50,6,1,0
BRDA:51,7,0,0
BRDA:51,7,1,0
BRDA:52,8,0,0
BRDA:52,8,1,0
BRDA:53,9,0,0
BRDA:53,9,1,0
BRDA:56,10,0,0
BRDA:56,10,1,0
BRDA:56,11,0,0
BRDA:56,11,1,0
BRF:24
BRH:0
end_of_record
TN:
SF:utils\scheduler.js
FN:10,(anonymous_0)
FN:15,(anonymous_1)
FN:31,(anonymous_2)
FN:51,(anonymous_3)
FN:67,(anonymous_4)
FNF:5
FNH:1
FNDA:1,(anonymous_0)
FNDA:0,(anonymous_1)
FNDA:0,(anonymous_2)
FNDA:0,(anonymous_3)
FNDA:0,(anonymous_4)
DA:1,1
DA:2,1
DA:3,1
DA:7,1
DA:10,1
DA:12,1
DA:15,1
DA:16,0
DA:17,0
DA:18,0
DA:19,0
DA:21,0
DA:28,1
DA:31,1
DA:32,0
DA:33,0
DA:34,0
DA:35,0
DA:36,0
DA:38,0
DA:43,0
DA:51,1
DA:52,0
DA:53,0
DA:54,0
DA:55,0
DA:57,0
DA:64,1
DA:67,1
DA:68,0
DA:69,0
DA:70,0
DA:71,0
DA:73,0
DA:80,1
DA:83,1
DA:84,1
DA:85,1
DA:88,1
LF:39
LH:17
BRDA:35,0,0,0
BRDA:35,0,1,0
BRF:2
BRH:0
end_of_record
